2575 130322 10:19:19 INFO: 

Started GET "/" for 10.62.97.94 at 2013-03-22 10:19:19 +0000
2575 130322 10:19:19 INFO:   Processing by WelcomeController#index as HTML
2575 130322 10:19:19 INFO: Username: marcin@sonyx.net
2575 130322 10:19:19 INFO: Rendered welcome/index.html.erb within layouts/application (0.7ms)
2575 130322 10:19:19 INFO: Completed 200 OK in 4ms (Views: 1.6ms)
2575 130322 10:19:20 INFO: 

Started GET "/updates/1363878655" for 10.62.97.94 at 2013-03-22 10:19:20 +0000
2575 130322 10:19:20 INFO:   Processing by NotifyController#stamped as 
2575 130322 10:19:20 INFO:   Parameters: {"stamp"=>"1363878655"}
2575 130322 10:19:20 INFO: Username: marcin@sonyx.net
2575 130322 10:19:20 INFO: Completed 200 OK in 4ms (Views: 0.2ms)
2575 130322 10:19:20 INFO: 

Started GET "/scope/type/Decision" for 10.62.97.94 at 2013-03-22 10:19:20 +0000
2575 130322 10:19:20 INFO:   Processing by ScopeController#type as JSON
2575 130322 10:19:20 INFO:   Parameters: {"type_name"=>"Decision"}
2575 130322 10:19:20 INFO: Username: marcin@sonyx.net
2575 130322 10:19:20 INFO: Completed 200 OK in 16ms (Views: 1.1ms)
2575 130322 10:19:20 INFO: 

Started GET "/t" for 10.62.97.94 at 2013-03-22 10:19:20 +0000
2575 130322 10:19:20 INFO:   Processing by TController#index as JSON
2575 130322 10:19:20 INFO: Username: marcin@sonyx.net
2575 130322 10:19:20 INFO: Completed 200 OK in 90ms (Views: 5.6ms)
2575 130322 10:19:20 INFO: 

Started GET "/tags" for 10.62.97.94 at 2013-03-22 10:19:20 +0000
2575 130322 10:19:20 INFO:   Processing by TagsController#index as JSON
2575 130322 10:19:20 INFO: Username: marcin@sonyx.net
2575 130322 10:19:21 INFO: Completed 200 OK in 229ms (Views: 86.7ms)
2575 130322 10:19:21 INFO: 

Started GET "/r/514b2277da300c0aff000001/related_from/Issue" for 10.62.97.94 at 2013-03-22 10:19:21 +0000
2575 130322 10:19:21 INFO:   Processing by RController#related_from as JSON
2575 130322 10:19:21 INFO:   Parameters: {"id"=>"514b2277da300c0aff000001", "type"=>"Issue"}
2575 130322 10:19:21 INFO: Username: marcin@sonyx.net
2575 130322 10:19:21 INFO: Completed 200 OK in 42ms (Views: 2.0ms)
2575 130322 10:19:22 INFO: 

Started GET "/r/4fca072ff60f944a91000003/relations_from" for 10.62.97.94 at 2013-03-22 10:19:22 +0000
2575 130322 10:19:22 INFO:   Processing by RController#relations_from as JSON
2575 130322 10:19:22 INFO:   Parameters: {"id"=>"4fca072ff60f944a91000003"}
2575 130322 10:19:22 INFO: Username: marcin@sonyx.net
2575 130322 10:19:22 INFO: Completed 404 Not Found in 3ms
2575 130322 10:19:22 FATAL: 
Mongoid::Errors::DocumentNotFound (Document not found for class Taggable with id(s) 4fca072ff60f944a91000003.):
  app/controllers/r_controller.rb:90:in `relations_from'


2575 130322 10:19:22 INFO: 

Started GET "/r/4fca072ff60f944a91000003" for 10.62.97.94 at 2013-03-22 10:19:22 +0000
2575 130322 10:19:22 INFO:   Processing by RController#show as JSON
2575 130322 10:19:22 INFO:   Parameters: {"id"=>"4fca072ff60f944a91000003"}
2575 130322 10:19:22 INFO: Username: marcin@sonyx.net
2575 130322 10:19:22 INFO: Completed 404 Not Found in 2ms
2575 130322 10:19:22 FATAL: 
Mongoid::Errors::DocumentNotFound (Document not found for class Taggable with id(s) 4fca072ff60f944a91000003.):
  app/controllers/r_controller.rb:31:in `show'


2575 130322 10:19:22 INFO: 

Started GET "/r/4fca072df60f944a91000001/relations_from" for 10.62.97.94 at 2013-03-22 10:19:22 +0000
2575 130322 10:19:22 INFO:   Processing by RController#relations_from as JSON
2575 130322 10:19:22 INFO:   Parameters: {"id"=>"4fca072df60f944a91000001"}
2575 130322 10:19:22 INFO: Username: marcin@sonyx.net
2575 130322 10:19:22 INFO: Completed 404 Not Found in 2ms
2575 130322 10:19:22 FATAL: 
Mongoid::Errors::DocumentNotFound (Document not found for class Taggable with id(s) 4fca072df60f944a91000001.):
  app/controllers/r_controller.rb:90:in `relations_from'


2575 130322 10:19:22 INFO: 

Started GET "/r/4fca072df60f944a91000001" for 10.62.97.94 at 2013-03-22 10:19:22 +0000
2575 130322 10:19:22 INFO:   Processing by RController#show as JSON
2575 130322 10:19:22 INFO:   Parameters: {"id"=>"4fca072df60f944a91000001"}
2575 130322 10:19:22 INFO: Username: marcin@sonyx.net
2575 130322 10:19:22 INFO: Completed 404 Not Found in 2ms
2575 130322 10:19:22 FATAL: 
Mongoid::Errors::DocumentNotFound (Document not found for class Taggable with id(s) 4fca072df60f944a91000001.):
  app/controllers/r_controller.rb:31:in `show'


2575 130322 10:19:22 INFO: 

Started GET "/r/4fa074bde90a3e4a01000006/relations_from" for 10.62.97.94 at 2013-03-22 10:19:22 +0000
2575 130322 10:19:22 INFO:   Processing by RController#relations_from as JSON
2575 130322 10:19:22 INFO:   Parameters: {"id"=>"4fa074bde90a3e4a01000006"}
2575 130322 10:19:22 INFO: Username: marcin@sonyx.net
2575 130322 10:19:22 INFO: Completed 404 Not Found in 2ms
2575 130322 10:19:22 FATAL: 
Mongoid::Errors::DocumentNotFound (Document not found for class Taggable with id(s) 4fa074bde90a3e4a01000006.):
  app/controllers/r_controller.rb:90:in `relations_from'


2575 130322 10:19:22 INFO: 

Started GET "/r/4fa074bde90a3e4a01000006" for 10.62.97.94 at 2013-03-22 10:19:22 +0000
2575 130322 10:19:22 INFO:   Processing by RController#show as JSON
2575 130322 10:19:22 INFO:   Parameters: {"id"=>"4fa074bde90a3e4a01000006"}
2575 130322 10:19:22 INFO: Username: marcin@sonyx.net
2575 130322 10:19:22 INFO: Completed 404 Not Found in 2ms
2575 130322 10:19:22 FATAL: 
Mongoid::Errors::DocumentNotFound (Document not found for class Taggable with id(s) 4fa074bde90a3e4a01000006.):
  app/controllers/r_controller.rb:31:in `show'


2575 130322 10:19:22 INFO: 

Started GET "/r/4fa074aee90a3e4a01000004/relations_from" for 10.62.97.94 at 2013-03-22 10:19:22 +0000
2575 130322 10:19:22 INFO:   Processing by RController#relations_from as JSON
2575 130322 10:19:22 INFO:   Parameters: {"id"=>"4fa074aee90a3e4a01000004"}
2575 130322 10:19:22 INFO: Username: marcin@sonyx.net
2575 130322 10:19:22 INFO: Completed 404 Not Found in 2ms
2575 130322 10:19:22 FATAL: 
Mongoid::Errors::DocumentNotFound (Document not found for class Taggable with id(s) 4fa074aee90a3e4a01000004.):
  app/controllers/r_controller.rb:90:in `relations_from'


2575 130322 10:19:22 INFO: 

Started GET "/r/4fa074aee90a3e4a01000004" for 10.62.97.94 at 2013-03-22 10:19:22 +0000
2575 130322 10:19:22 INFO:   Processing by RController#show as JSON
2575 130322 10:19:22 INFO:   Parameters: {"id"=>"4fa074aee90a3e4a01000004"}
2575 130322 10:19:22 INFO: Username: marcin@sonyx.net
2575 130322 10:19:22 INFO: Completed 404 Not Found in 2ms
2575 130322 10:19:22 FATAL: 
Mongoid::Errors::DocumentNotFound (Document not found for class Taggable with id(s) 4fa074aee90a3e4a01000004.):
  app/controllers/r_controller.rb:31:in `show'


2575 130322 10:19:22 INFO: 

Started GET "/projects" for 10.62.97.94 at 2013-03-22 10:19:22 +0000
2575 130322 10:19:22 INFO:   Processing by ProjectsController#index as JSON
2575 130322 10:19:22 INFO: Username: marcin@sonyx.net
2575 130322 10:19:22 INFO: Completed 200 OK in 50ms (Views: 0.7ms)
16845 130322 10:19:28 INFO: 

Started POST "/r" for 10.62.97.94 at 2013-03-22 10:19:28 +0000
16845 130322 10:19:29 INFO:   Processing by RController#create as JSON
16845 130322 10:19:29 INFO:   Parameters: {"name"=>"The Hadoop Distributed File System", "type"=>"Project"}
16845 130322 10:19:29 INFO: Username: marcin@sonyx.net
2575 130322 10:19:29 INFO: 

Started GET "/projects" for 10.62.97.94 at 2013-03-22 10:19:29 +0000
2575 130322 10:19:29 INFO:   Processing by ProjectsController#index as JSON
2575 130322 10:19:29 INFO: Username: marcin@sonyx.net
16845 130322 10:19:29 INFO: Completed 200 OK in 100ms (Views: 6.9ms)
2575 130322 10:19:29 INFO: Completed 200 OK in 55ms (Views: 0.9ms)
2575 130322 10:19:29 INFO: 

Started GET "/projects" for 10.62.97.94 at 2013-03-22 10:19:29 +0000
2575 130322 10:19:29 INFO:   Processing by ProjectsController#index as JSON
2575 130322 10:19:29 INFO: Username: marcin@sonyx.net
2575 130322 10:19:29 INFO: Completed 200 OK in 50ms (Views: 0.8ms)
2575 130322 10:19:29 INFO: 

Started GET "/projects" for 10.62.97.94 at 2013-03-22 10:19:29 +0000
2575 130322 10:19:29 INFO:   Processing by ProjectsController#index as JSON
2575 130322 10:19:29 INFO: Username: marcin@sonyx.net
2575 130322 10:19:29 INFO: Completed 200 OK in 50ms (Views: 0.8ms)
2575 130322 10:19:30 INFO: 

Started GET "/projects/514c3031da300c41cd000001" for 10.62.97.94 at 2013-03-22 10:19:30 +0000
16845 130322 10:19:30 INFO: 

Started GET "/r/514c3031da300c41cd000001/related_from/Issue" for 10.62.97.94 at 2013-03-22 10:19:30 +0000
2575 130322 10:19:30 INFO:   Processing by ProjectsController#show as JSON
2575 130322 10:19:30 INFO:   Parameters: {"id"=>"514c3031da300c41cd000001"}
2575 130322 10:19:30 INFO: Username: marcin@sonyx.net
2575 130322 10:19:30 INFO: Completed 200 OK in 4ms (Views: 0.3ms)
16845 130322 10:19:30 INFO:   Processing by RController#related_from as JSON
16845 130322 10:19:30 INFO:   Parameters: {"id"=>"514c3031da300c41cd000001", "type"=>"Issue"}
16845 130322 10:19:30 INFO: Username: marcin@sonyx.net
16845 130322 10:19:30 INFO: Completed 200 OK in 7ms (Views: 0.3ms)
16845 130322 10:20:34 INFO: 

Started GET "/scope/type/Issue" for 10.62.97.94 at 2013-03-22 10:20:34 +0000
16845 130322 10:20:34 INFO:   Processing by ScopeController#type as JSON
16845 130322 10:20:34 INFO:   Parameters: {"type_name"=>"Issue"}
16845 130322 10:20:34 INFO: Username: marcin@sonyx.net
16845 130322 10:20:34 INFO: Completed 200 OK in 29ms (Views: 4.9ms)
16845 130322 10:20:35 INFO: 

Started GET "/r/4fca072ff60f944a91000003/relations_from" for 10.62.97.94 at 2013-03-22 10:20:35 +0000
2575 130322 10:20:35 INFO: 

Started GET "/r/4fca072ff60f944a91000003" for 10.62.97.94 at 2013-03-22 10:20:35 +0000
16845 130322 10:20:35 INFO:   Processing by RController#relations_from as JSON
16845 130322 10:20:35 INFO:   Parameters: {"id"=>"4fca072ff60f944a91000003"}
16845 130322 10:20:35 INFO: Username: marcin@sonyx.net
2575 130322 10:20:35 INFO:   Processing by RController#show as JSON
2575 130322 10:20:35 INFO:   Parameters: {"id"=>"4fca072ff60f944a91000003"}
2575 130322 10:20:35 INFO: Username: marcin@sonyx.net
2575 130322 10:20:35 INFO: Completed 404 Not Found in 5ms
2575 130322 10:20:35 FATAL: 
Mongoid::Errors::DocumentNotFound (Document not found for class Taggable with id(s) 4fca072ff60f944a91000003.):
  app/controllers/r_controller.rb:31:in `show'


2575 130322 10:20:35 INFO: 

Started GET "/r/4fca072df60f944a91000001" for 10.62.97.94 at 2013-03-22 10:20:35 +0000
2575 130322 10:20:35 INFO:   Processing by RController#show as JSON
2575 130322 10:20:35 INFO:   Parameters: {"id"=>"4fca072df60f944a91000001"}
16845 130322 10:20:35 INFO: Completed 404 Not Found in 29ms
2575 130322 10:20:35 INFO: Username: marcin@sonyx.net
2575 130322 10:20:35 INFO: Completed 404 Not Found in 3ms
2575 130322 10:20:35 FATAL: 
Mongoid::Errors::DocumentNotFound (Document not found for class Taggable with id(s) 4fca072df60f944a91000001.):
  app/controllers/r_controller.rb:31:in `show'


2575 130322 10:20:35 INFO: 

Started GET "/r/4fca072df60f944a91000001/relations_from" for 10.62.97.94 at 2013-03-22 10:20:35 +0000
2575 130322 10:20:35 INFO:   Processing by RController#relations_from as JSON
2575 130322 10:20:35 INFO:   Parameters: {"id"=>"4fca072df60f944a91000001"}
2575 130322 10:20:35 INFO: Username: marcin@sonyx.net
16845 130322 10:20:35 FATAL: 
Mongoid::Errors::DocumentNotFound (Document not found for class Taggable with id(s) 4fca072ff60f944a91000003.):
  app/controllers/r_controller.rb:90:in `relations_from'


2575 130322 10:20:35 INFO: Completed 404 Not Found in 3ms
2575 130322 10:20:35 FATAL: 
Mongoid::Errors::DocumentNotFound (Document not found for class Taggable with id(s) 4fca072df60f944a91000001.):
  app/controllers/r_controller.rb:90:in `relations_from'


2575 130322 10:20:36 INFO: 

Started GET "/r/4fa074bde90a3e4a01000006" for 10.62.97.94 at 2013-03-22 10:20:36 +0000
2575 130322 10:20:36 INFO:   Processing by RController#show as JSON
2575 130322 10:20:36 INFO:   Parameters: {"id"=>"4fa074bde90a3e4a01000006"}
2575 130322 10:20:36 INFO: Username: marcin@sonyx.net
16868 130322 10:20:36 INFO: 

Started GET "/r/4fa074bde90a3e4a01000006/relations_from" for 10.62.97.94 at 2013-03-22 10:20:36 +0000
2575 130322 10:20:36 INFO: Completed 404 Not Found in 72ms
2575 130322 10:20:36 FATAL: 
Mongoid::Errors::DocumentNotFound (Document not found for class Taggable with id(s) 4fa074bde90a3e4a01000006.):
  app/controllers/r_controller.rb:31:in `show'


2575 130322 10:20:36 INFO: 

Started GET "/r/4fa074aee90a3e4a01000004/relations_from" for 10.62.97.94 at 2013-03-22 10:20:36 +0000
16845 130322 10:20:36 INFO: 

Started GET "/r/4fa074aee90a3e4a01000004" for 10.62.97.94 at 2013-03-22 10:20:36 +0000
2575 130322 10:20:36 INFO:   Processing by RController#relations_from as JSON
2575 130322 10:20:36 INFO:   Parameters: {"id"=>"4fa074aee90a3e4a01000004"}
2575 130322 10:20:36 INFO: Username: marcin@sonyx.net
2575 130322 10:20:36 INFO: Completed 404 Not Found in 4ms
16845 130322 10:20:36 INFO:   Processing by RController#show as JSON
2575 130322 10:20:36 FATAL: 
Mongoid::Errors::DocumentNotFound (Document not found for class Taggable with id(s) 4fa074aee90a3e4a01000004.):
  app/controllers/r_controller.rb:90:in `relations_from'


16845 130322 10:20:36 INFO:   Parameters: {"id"=>"4fa074aee90a3e4a01000004"}
16845 130322 10:20:36 INFO: Username: marcin@sonyx.net
16845 130322 10:20:36 INFO: Completed 404 Not Found in 14ms
16845 130322 10:20:36 FATAL: 
Mongoid::Errors::DocumentNotFound (Document not found for class Taggable with id(s) 4fa074aee90a3e4a01000004.):
  app/controllers/r_controller.rb:31:in `show'


16868 130322 10:20:36 INFO:   Processing by RController#relations_from as JSON
16868 130322 10:20:36 INFO:   Parameters: {"id"=>"4fa074bde90a3e4a01000006"}
16868 130322 10:20:36 INFO: Username: marcin@sonyx.net
16868 130322 10:20:36 INFO: Completed 404 Not Found in 13ms
16868 130322 10:20:36 FATAL: 
Mongoid::Errors::DocumentNotFound (Document not found for class Taggable with id(s) 4fa074bde90a3e4a01000006.):
  app/controllers/r_controller.rb:90:in `relations_from'


16868 130322 10:20:42 INFO: 

Started GET "/r/4f9d831ce90a3e203400000c/dotag?from_taggable_id=514c3031da300c41cd000001" for 10.62.97.94 at 2013-03-22 10:20:42 +0000
16868 130322 10:20:42 INFO:   Processing by TagController#dotag as JSON
16868 130322 10:20:42 INFO:   Parameters: {"from_taggable_id"=>"514c3031da300c41cd000001", "item_id"=>"4f9d831ce90a3e203400000c"}
16868 130322 10:20:42 INFO: Username: marcin@sonyx.net
16868 130322 10:20:42 INFO: Completed 200 OK in 30ms (Views: 5.5ms)
16868 130322 10:20:42 INFO: 

Started GET "/r/514c3031da300c41cd000001/related_from/Issue" for 10.62.97.94 at 2013-03-22 10:20:42 +0000
16868 130322 10:20:42 INFO:   Processing by RController#related_from as JSON
16868 130322 10:20:42 INFO:   Parameters: {"id"=>"514c3031da300c41cd000001", "type"=>"Issue"}
16868 130322 10:20:42 INFO: Username: marcin@sonyx.net
16868 130322 10:20:42 INFO: Completed 200 OK in 9ms (Views: 1.8ms)
16868 130322 10:20:42 INFO: 

Started GET "/r/4f9d831ce90a3e203400000c/relations_to" for 10.62.97.94 at 2013-03-22 10:20:42 +0000
16868 130322 10:20:42 INFO:   Processing by RController#relations_to as JSON
16868 130322 10:20:42 INFO:   Parameters: {"id"=>"4f9d831ce90a3e203400000c"}
16868 130322 10:20:42 INFO: Username: marcin@sonyx.net
16868 130322 10:20:42 INFO: Completed 200 OK in 14ms (Views: 1.3ms)
16868 130322 10:20:49 INFO: 

Started GET "/r/4f9d833be90a3e1fe8000015/dotag?from_taggable_id=514c3031da300c41cd000001" for 10.62.97.94 at 2013-03-22 10:20:49 +0000
16868 130322 10:20:49 INFO:   Processing by TagController#dotag as JSON
16868 130322 10:20:49 INFO:   Parameters: {"from_taggable_id"=>"514c3031da300c41cd000001", "item_id"=>"4f9d833be90a3e1fe8000015"}
16868 130322 10:20:49 INFO: Username: marcin@sonyx.net
16868 130322 10:20:49 INFO: Completed 200 OK in 15ms (Views: 0.4ms)
16868 130322 10:20:50 INFO: 

Started GET "/r/514c3031da300c41cd000001/related_from/Issue" for 10.62.97.94 at 2013-03-22 10:20:50 +0000
16868 130322 10:20:50 INFO:   Processing by RController#related_from as JSON
16868 130322 10:20:50 INFO:   Parameters: {"id"=>"514c3031da300c41cd000001", "type"=>"Issue"}
16868 130322 10:20:50 INFO: Username: marcin@sonyx.net
16868 130322 10:20:50 INFO: Completed 200 OK in 8ms (Views: 0.5ms)
16868 130322 10:20:50 INFO: 

Started GET "/r/4f9d833be90a3e1fe8000015/relations_to" for 10.62.97.94 at 2013-03-22 10:20:50 +0000
16868 130322 10:20:50 INFO:   Processing by RController#relations_to as JSON
16868 130322 10:20:50 INFO:   Parameters: {"id"=>"4f9d833be90a3e1fe8000015"}
16868 130322 10:20:50 INFO: Username: marcin@sonyx.net
16868 130322 10:20:50 INFO: Completed 200 OK in 16ms (Views: 1.7ms)
16868 130322 10:20:52 INFO: 

Started GET "/r/4f9d7370e90a3e1a48000004/dotag?from_taggable_id=514c3031da300c41cd000001" for 10.62.97.94 at 2013-03-22 10:20:52 +0000
16868 130322 10:20:52 INFO:   Processing by TagController#dotag as JSON
16868 130322 10:20:52 INFO:   Parameters: {"from_taggable_id"=>"514c3031da300c41cd000001", "item_id"=>"4f9d7370e90a3e1a48000004"}
16868 130322 10:20:52 INFO: Username: marcin@sonyx.net
16868 130322 10:20:52 INFO: Completed 200 OK in 15ms (Views: 0.1ms)
16868 130322 10:20:52 INFO: 

Started GET "/r/4f9d7370e90a3e1a48000004/relations_to" for 10.62.97.94 at 2013-03-22 10:20:52 +0000
16868 130322 10:20:52 INFO:   Processing by RController#relations_to as JSON
16868 130322 10:20:52 INFO:   Parameters: {"id"=>"4f9d7370e90a3e1a48000004"}
16868 130322 10:20:52 INFO: Username: marcin@sonyx.net
16845 130322 10:20:52 INFO: 

Started GET "/r/514c3031da300c41cd000001/related_from/Issue" for 10.62.97.94 at 2013-03-22 10:20:52 +0000
16845 130322 10:20:52 INFO:   Processing by RController#related_from as JSON
16845 130322 10:20:52 INFO:   Parameters: {"id"=>"514c3031da300c41cd000001", "type"=>"Issue"}
16845 130322 10:20:52 INFO: Username: marcin@sonyx.net
16868 130322 10:20:52 INFO: Completed 200 OK in 23ms (Views: 1.7ms)
16845 130322 10:20:52 INFO: Completed 200 OK in 12ms (Views: 0.8ms)
16845 130322 10:20:55 INFO: 

Started GET "/projects" for 10.62.97.94 at 2013-03-22 10:20:55 +0000
16845 130322 10:20:55 INFO:   Processing by ProjectsController#index as JSON
16845 130322 10:20:55 INFO: Username: marcin@sonyx.net
16845 130322 10:20:55 INFO: Completed 200 OK in 106ms (Views: 2.1ms)
16845 130322 11:04:24 INFO: 

Started GET "/projects" for 10.62.97.94 at 2013-03-22 11:04:24 +0000
16845 130322 11:04:24 INFO:   Processing by ProjectsController#index as JSON
16845 130322 11:04:24 INFO: Username: marcin@sonyx.net
16845 130322 11:04:24 INFO: Completed 200 OK in 57ms (Views: 1.1ms)
