9654 130220 20:20:19 INFO: 

Started GET "/" for 83.77.200.39 at 2013-02-20 20:20:19 +0000
9654 130220 20:20:20 INFO:   Processing by WelcomeController#index as HTML
9654 130220 20:20:20 INFO: Username: marcin@sonyx.net
9654 130220 20:20:20 INFO: Rendered welcome/index.html.erb within layouts/application (2.3ms)
9654 130220 20:20:20 INFO: Completed 200 OK in 9ms (Views: 7.0ms)
9654 130220 20:20:21 INFO: 

Started GET "/scope/type/Decision" for 83.77.200.39 at 2013-02-20 20:20:21 +0000
9654 130220 20:20:21 INFO:   Processing by ScopeController#type as JSON
9654 130220 20:20:21 INFO:   Parameters: {"type_name"=>"Decision"}
9654 130220 20:20:21 INFO: Username: marcin@sonyx.net
9654 130220 20:20:21 INFO: Completed 200 OK in 90ms (Views: 1.8ms)
9654 130220 20:20:21 INFO: 

Started GET "/t" for 83.77.200.39 at 2013-02-20 20:20:21 +0000
9654 130220 20:20:21 INFO:   Processing by TController#index as JSON
9654 130220 20:20:21 INFO: Username: marcin@sonyx.net
9654 130220 20:20:22 INFO: Completed 200 OK in 232ms (Views: 6.4ms)
9654 130220 20:20:22 INFO: 

Started GET "/tags" for 83.77.200.39 at 2013-02-20 20:20:22 +0000
9654 130220 20:20:22 INFO:   Processing by TagsController#index as JSON
9654 130220 20:20:22 INFO: Username: marcin@sonyx.net
9654 130220 20:20:22 INFO: Completed 200 OK in 231ms (Views: 33.5ms)
9654 130220 20:20:22 INFO: 

Started GET "/projects/509971bf924ff80831000001" for 83.77.200.39 at 2013-02-20 20:20:22 +0000
9654 130220 20:20:22 INFO:   Processing by ProjectsController#show as JSON
9654 130220 20:20:22 INFO:   Parameters: {"id"=>"509971bf924ff80831000001"}
9654 130220 20:20:22 INFO: Username: marcin@sonyx.net
9654 130220 20:20:22 INFO: Completed 200 OK in 5ms (Views: 1.2ms)
9654 130220 20:20:22 INFO: 

Started GET "/r/509971bf924ff80831000001/related_from/Issue" for 83.77.200.39 at 2013-02-20 20:20:22 +0000
9654 130220 20:20:22 INFO:   Processing by RController#related_from as JSON
9654 130220 20:20:22 INFO:   Parameters: {"id"=>"509971bf924ff80831000001", "type"=>"Issue"}
9654 130220 20:20:22 INFO: Username: marcin@sonyx.net
9654 130220 20:20:22 INFO: Completed 200 OK in 8ms (Views: 0.4ms)
9654 130220 20:20:22 INFO: 

Started GET "/r/509971c4924ff80827000001/relations_to" for 83.77.200.39 at 2013-02-20 20:20:22 +0000
9654 130220 20:20:22 INFO:   Processing by RController#relations_to as JSON
9654 130220 20:20:22 INFO:   Parameters: {"id"=>"509971c4924ff80827000001"}
9654 130220 20:20:22 INFO: Username: marcin@sonyx.net
9654 130220 20:20:22 INFO: Completed 200 OK in 11ms (Views: 0.5ms)
9654 130220 20:20:22 INFO: 

Started GET "/r/51195664924ff80e7c000001/relations_from" for 83.77.200.39 at 2013-02-20 20:20:22 +0000
9654 130220 20:20:22 INFO:   Processing by RController#relations_from as JSON
9654 130220 20:20:22 INFO:   Parameters: {"id"=>"51195664924ff80e7c000001"}
9654 130220 20:20:22 INFO: Username: marcin@sonyx.net
9654 130220 20:20:22 INFO: Completed 200 OK in 9ms (Views: 0.3ms)
9654 130220 20:20:22 INFO: 

Started GET "/r/51195664924ff80e7c000001" for 83.77.200.39 at 2013-02-20 20:20:22 +0000
9654 130220 20:20:22 INFO:   Processing by RController#show as JSON
9654 130220 20:20:22 INFO:   Parameters: {"id"=>"51195664924ff80e7c000001"}
9654 130220 20:20:22 INFO: Username: marcin@sonyx.net
9654 130220 20:20:22 INFO: Completed 200 OK in 4ms (Views: 0.4ms)
9654 130220 20:20:23 INFO: 

Started GET "/r/51195665924ff80e7c000002/relations_to" for 83.77.200.39 at 2013-02-20 20:20:23 +0000
9654 130220 20:20:23 INFO:   Processing by RController#relations_to as JSON
9654 130220 20:20:23 INFO:   Parameters: {"id"=>"51195665924ff80e7c000002"}
9654 130220 20:20:23 INFO: Username: marcin@sonyx.net
9654 130220 20:20:23 INFO: Completed 200 OK in 7ms (Views: 0.2ms)
