1239 121106 19:51:38 INFO: 

Started GET "/" for 195.176.181.30 at 2012-11-06 19:51:38 +0000
1239 121106 19:51:38 INFO:   Processing by WelcomeController#index as HTML
1239 121106 19:51:38 INFO: Username: (none)
1239 121106 19:51:38 INFO: Rendered welcome/index.html.erb within layouts/application (8.6ms)
1239 121106 19:51:38 INFO: Completed 200 OK in 82ms (Views: 79.8ms)
1239 121106 19:51:39 INFO: 

Started GET "/scope/type/Decision" for 195.176.181.30 at 2012-11-06 19:51:39 +0000
1239 121106 19:51:39 INFO:   Processing by ScopeController#type as JSON
1239 121106 19:51:39 INFO:   Parameters: {"type_name"=>"Decision"}
1239 121106 19:51:39 INFO: Username: (none)
1249 121106 19:51:39 INFO: 

Started GET "/t" for 195.176.181.30 at 2012-11-06 19:51:39 +0000
1239 121106 19:51:39 INFO: Completed 200 OK in 123ms (Views: 4.9ms)
1249 121106 19:51:39 INFO:   Processing by TController#index as JSON
1249 121106 19:51:39 INFO: Username: (none)
1249 121106 19:51:39 INFO: Completed   in 2ms
1249 121106 19:51:41 INFO: 

Started GET "/users/sign_in" for 195.176.181.30 at 2012-11-06 19:51:41 +0000
1249 121106 19:51:41 INFO:   Processing by Devise::SessionsController#new as HTML
1249 121106 19:51:41 INFO: Username: (none)
1249 121106 19:51:41 INFO: Rendered devise/sessions/new.html.erb within layouts/application (26.2ms)
1249 121106 19:51:41 INFO: Completed 200 OK in 52ms (Views: 48.8ms)
1249 121106 19:51:43 INFO: 

Started GET "/users/sign_in" for 195.176.181.30 at 2012-11-06 19:51:43 +0000
1249 121106 19:51:43 INFO:   Processing by Devise::SessionsController#new as HTML
1249 121106 19:51:43 INFO: Username: (none)
1249 121106 19:51:43 INFO: Rendered devise/sessions/new.html.erb within layouts/application (2.1ms)
1249 121106 19:51:43 INFO: Completed 200 OK in 4ms (Views: 2.9ms)
1249 121106 19:51:46 INFO: 

Started POST "/users/sign_in" for 195.176.181.30 at 2012-11-06 19:51:46 +0000
1249 121106 19:51:46 INFO:   Processing by Devise::SessionsController#create as HTML
1249 121106 19:51:46 INFO:   Parameters: {"utf8"=>"✓", "authenticity_token"=>"oikWBo1aXitpLRffeZWZGT24UjfgBxeqFOIDoijDXvE=", "user"=>{"email"=>"admin@sonyx.net", "password"=>"[FILTERED]"}, "commit"=>"Sign in"}
1249 121106 19:51:46 INFO: Username: admin@sonyx.net
1249 121106 19:51:46 INFO: Redirected to http://staging.saw.sonyx.net/welcome/logged_in
1249 121106 19:51:46 INFO: Completed 302 Found in 130ms
1249 121106 19:51:46 INFO: 

Started GET "/welcome/logged_in" for 195.176.181.30 at 2012-11-06 19:51:46 +0000
1249 121106 19:51:46 INFO:   Processing by WelcomeController#logged_in as HTML
1249 121106 19:51:46 INFO: Username: admin@sonyx.net
1249 121106 19:51:46 INFO: Rendered welcome/logged_in.html.erb within layouts/application (22.1ms)
1249 121106 19:51:46 INFO: Completed 200 OK in 36ms (Views: 34.3ms)
1249 121106 19:51:46 INFO: 

Started GET "/" for 195.176.181.30 at 2012-11-06 19:51:46 +0000
1249 121106 19:51:46 INFO:   Processing by WelcomeController#index as HTML
1249 121106 19:51:46 INFO: Username: admin@sonyx.net
1249 121106 19:51:46 INFO: Rendered welcome/index.html.erb within layouts/application (1.5ms)
1249 121106 19:51:46 INFO: Completed 200 OK in 4ms (Views: 2.9ms)
1249 121106 19:51:46 INFO: 

Started GET "/scope/type/Decision" for 195.176.181.30 at 2012-11-06 19:51:46 +0000
1249 121106 19:51:46 INFO:   Processing by ScopeController#type as JSON
1249 121106 19:51:46 INFO:   Parameters: {"type_name"=>"Decision"}
1249 121106 19:51:46 INFO: Username: admin@sonyx.net
1239 121106 19:51:46 INFO: 

Started GET "/t" for 195.176.181.30 at 2012-11-06 19:51:46 +0000
1239 121106 19:51:46 INFO:   Processing by TController#index as JSON
1239 121106 19:51:46 INFO: Username: admin@sonyx.net
1249 121106 19:51:46 INFO: Completed 200 OK in 23ms (Views: 5.5ms)
1239 121106 19:51:47 INFO: Completed 200 OK in 518ms (Views: 406.2ms)
1239 121106 19:51:49 INFO: 

Started GET "/projects" for 195.176.181.30 at 2012-11-06 19:51:49 +0000
1239 121106 19:51:49 INFO:   Processing by ProjectsController#index as JSON
1239 121106 19:51:49 INFO: Username: admin@sonyx.net
1239 121106 19:51:50 INFO: Completed 200 OK in 1166ms (Views: 6.0ms)
1239 121106 19:51:53 INFO: 

Started GET "/r/4f9d95c1e90a3e2241000005/related_from/Issue" for 195.176.181.30 at 2012-11-06 19:51:53 +0000
1249 121106 19:51:53 INFO: 

Started GET "/projects/4f9d95c1e90a3e2241000005" for 195.176.181.30 at 2012-11-06 19:51:53 +0000
1249 121106 19:51:53 INFO:   Processing by ProjectsController#show as JSON
1239 121106 19:51:53 INFO:   Processing by RController#related_from as JSON
1249 121106 19:51:53 INFO:   Parameters: {"id"=>"4f9d95c1e90a3e2241000005"}
1239 121106 19:51:53 INFO:   Parameters: {"id"=>"4f9d95c1e90a3e2241000005", "type"=>"Issue"}
1249 121106 19:51:53 INFO: Username: admin@sonyx.net
1239 121106 19:51:53 INFO: Username: admin@sonyx.net
1249 121106 19:51:53 INFO: Completed 200 OK in 6ms (Views: 1.4ms)
1239 121106 19:51:53 INFO: Completed 200 OK in 36ms (Views: 3.4ms)
1239 121106 19:51:55 INFO: 

Started GET "/r/4f353aaae97fa8e23200017d/related_to/Alternative" for 195.176.181.30 at 2012-11-06 19:51:55 +0000
1249 121106 19:51:55 INFO: 

Started GET "/r/4f2ea806e97fa8e232000091/related_to/Alternative" for 195.176.181.30 at 2012-11-06 19:51:55 +0000
1239 121106 19:51:55 INFO:   Processing by RController#related_to as JSON
1239 121106 19:51:55 INFO:   Parameters: {"id"=>"4f353aaae97fa8e23200017d", "type"=>"Alternative"}
1249 121106 19:51:55 INFO:   Processing by RController#related_to as JSON
1249 121106 19:51:55 INFO:   Parameters: {"id"=>"4f2ea806e97fa8e232000091", "type"=>"Alternative"}
1239 121106 19:51:55 INFO: Username: admin@sonyx.net
1249 121106 19:51:55 INFO: Username: admin@sonyx.net
1249 121106 19:51:55 INFO: Completed 200 OK in 97ms (Views: 5.1ms)
1249 121106 19:51:55 INFO: 

Started GET "/r/4f9d835de90a3e1fe8000017/related_to/Alternative" for 195.176.181.30 at 2012-11-06 19:51:55 +0000
1249 121106 19:51:56 INFO:   Processing by RController#related_to as JSON
1239 121106 19:51:56 INFO: Completed 200 OK in 117ms (Views: 3.6ms)
1249 121106 19:51:56 INFO:   Parameters: {"id"=>"4f9d835de90a3e1fe8000017", "type"=>"Alternative"}
1249 121106 19:51:56 INFO: Username: admin@sonyx.net
1239 121106 19:51:56 INFO: 

Started GET "/r/4f9d833be90a3e1fe8000015/related_to/Alternative" for 195.176.181.30 at 2012-11-06 19:51:56 +0000
1239 121106 19:51:56 INFO:   Processing by RController#related_to as JSON
1239 121106 19:51:56 INFO:   Parameters: {"id"=>"4f9d833be90a3e1fe8000015", "type"=>"Alternative"}
1239 121106 19:51:56 INFO: Username: admin@sonyx.net
1249 121106 19:51:56 INFO: Completed 200 OK in 45ms (Views: 1.0ms)
1249 121106 19:51:56 INFO: 

Started GET "/r/4f9e4b17e90a3e4c0c000001/related_to/Alternative" for 195.176.181.30 at 2012-11-06 19:51:56 +0000
1249 121106 19:51:56 INFO:   Processing by RController#related_to as JSON
1249 121106 19:51:56 INFO:   Parameters: {"id"=>"4f9e4b17e90a3e4c0c000001", "type"=>"Alternative"}
1249 121106 19:51:56 INFO: Username: admin@sonyx.net
1239 121106 19:51:56 INFO: Completed 200 OK in 43ms (Views: 1.4ms)
1239 121106 19:51:56 INFO: 

Started GET "/r/4f9e5faee90a3e5489000001/related_to/Alternative" for 195.176.181.30 at 2012-11-06 19:51:56 +0000
1261 121106 19:51:56 INFO: 

Started GET "/r/4f9d7386e90a3e1c4d000007/related_to/Alternative" for 195.176.181.30 at 2012-11-06 19:51:56 +0000
1239 121106 19:51:56 INFO:   Processing by RController#related_to as JSON
1239 121106 19:51:56 INFO:   Parameters: {"id"=>"4f9e5faee90a3e5489000001", "type"=>"Alternative"}
1239 121106 19:51:56 INFO: Username: admin@sonyx.net
1249 121106 19:51:56 INFO: Completed 200 OK in 19ms (Views: 1.0ms)
1249 121106 19:51:56 INFO: 

Started GET "/r/4f9d8325e90a3e1fe8000013/related_to/Alternative" for 195.176.181.30 at 2012-11-06 19:51:56 +0000
1249 121106 19:51:56 INFO:   Processing by RController#related_to as JSON
1249 121106 19:51:56 INFO:   Parameters: {"id"=>"4f9d8325e90a3e1fe8000013", "type"=>"Alternative"}
1249 121106 19:51:56 INFO: Username: admin@sonyx.net
1239 121106 19:51:56 INFO: Completed 200 OK in 16ms (Views: 0.5ms)
1239 121106 19:51:56 INFO: 

Started GET "/r/4f9d7325e90a3e1c4d000001/related_to/Alternative" for 195.176.181.30 at 2012-11-06 19:51:56 +0000
1239 121106 19:51:56 INFO:   Processing by RController#related_to as JSON
1239 121106 19:51:56 INFO:   Parameters: {"id"=>"4f9d7325e90a3e1c4d000001", "type"=>"Alternative"}
1239 121106 19:51:56 INFO: Username: admin@sonyx.net
1249 121106 19:51:56 INFO: Completed 200 OK in 22ms (Views: 0.7ms)
1249 121106 19:51:56 INFO: 

Started GET "/r/4f9d831ce90a3e203400000c/related_to/Alternative" for 195.176.181.30 at 2012-11-06 19:51:56 +0000
1249 121106 19:51:56 INFO:   Processing by RController#related_to as JSON
1249 121106 19:51:56 INFO:   Parameters: {"id"=>"4f9d831ce90a3e203400000c", "type"=>"Alternative"}
1249 121106 19:51:56 INFO: Username: admin@sonyx.net
1239 121106 19:51:56 INFO: Completed 200 OK in 27ms (Views: 1.1ms)
1239 121106 19:51:56 INFO: 

Started GET "/r/4f9d836ce90a3e1fd7000005/related_to/Alternative" for 195.176.181.30 at 2012-11-06 19:51:56 +0000
1239 121106 19:51:56 INFO:   Processing by RController#related_to as JSON
1239 121106 19:51:56 INFO:   Parameters: {"id"=>"4f9d836ce90a3e1fd7000005", "type"=>"Alternative"}
1239 121106 19:51:56 INFO: Username: admin@sonyx.net
1249 121106 19:51:56 INFO: Completed 200 OK in 20ms (Views: 0.8ms)
1249 121106 19:51:56 INFO: 

Started GET "/r/4f9d8377e90a3e1fe8000019/related_to/Alternative" for 195.176.181.30 at 2012-11-06 19:51:56 +0000
1270 121106 19:51:56 INFO: 

Started GET "/r/4f2e9cd3e97fa8e23200001b/related_to/Alternative" for 195.176.181.30 at 2012-11-06 19:51:56 +0000
1249 121106 19:51:56 INFO:   Processing by RController#related_to as JSON
1249 121106 19:51:56 INFO:   Parameters: {"id"=>"4f9d8377e90a3e1fe8000019", "type"=>"Alternative"}
1249 121106 19:51:56 INFO: Username: admin@sonyx.net
1239 121106 19:51:56 INFO: Completed 200 OK in 17ms (Views: 0.6ms)
1239 121106 19:51:56 INFO: 

Started GET "/r/4f2ea810e97fa8e232000093/relations_from/SolvedBy" for 195.176.181.30 at 2012-11-06 19:51:56 +0000
1239 121106 19:51:56 INFO:   Processing by RController#relations_from as JSON
1239 121106 19:51:56 INFO:   Parameters: {"id"=>"4f2ea810e97fa8e232000093", "type"=>"SolvedBy"}
1249 121106 19:51:56 INFO: Completed 200 OK in 14ms (Views: 0.5ms)
1239 121106 19:51:56 INFO: Username: admin@sonyx.net
1249 121106 19:51:56 INFO: 

Started GET "/r/4f2ea816e97fa8e232000095/relations_from/SolvedBy" for 195.176.181.30 at 2012-11-06 19:51:56 +0000
1249 121106 19:51:56 INFO:   Processing by RController#relations_from as JSON
1249 121106 19:51:56 INFO:   Parameters: {"id"=>"4f2ea816e97fa8e232000095", "type"=>"SolvedBy"}
1249 121106 19:51:56 INFO: Username: admin@sonyx.net
1239 121106 19:51:56 INFO: Completed 200 OK in 29ms (Views: 0.4ms)
1249 121106 19:51:56 INFO: Completed 200 OK in 21ms (Views: 0.4ms)
1249 121106 19:51:56 INFO: 

Started GET "/r/4f353ac3e97fa8e232000181/relations_from/SolvedBy" for 195.176.181.30 at 2012-11-06 19:51:56 +0000
1239 121106 19:51:56 INFO: 

Started GET "/r/4f353b38e97fa8e232000183/relations_from/SolvedBy" for 195.176.181.30 at 2012-11-06 19:51:56 +0000
1249 121106 19:51:56 INFO:   Processing by RController#relations_from as JSON
1249 121106 19:51:56 INFO:   Parameters: {"id"=>"4f353ac3e97fa8e232000181", "type"=>"SolvedBy"}
1249 121106 19:51:56 INFO: Username: admin@sonyx.net
1239 121106 19:51:56 INFO:   Processing by RController#relations_from as JSON
1239 121106 19:51:56 INFO:   Parameters: {"id"=>"4f353b38e97fa8e232000183", "type"=>"SolvedBy"}
1239 121106 19:51:56 INFO: Username: admin@sonyx.net
1239 121106 19:51:56 INFO: Completed 200 OK in 92ms (Views: 11.9ms)
1239 121106 19:51:56 INFO: 

Started GET "/r/4f353b44e97fa8e232000185/relations_from/SolvedBy" for 195.176.181.30 at 2012-11-06 19:51:56 +0000
1239 121106 19:51:56 INFO:   Processing by RController#relations_from as JSON
1239 121106 19:51:56 INFO:   Parameters: {"id"=>"4f353b44e97fa8e232000185", "type"=>"SolvedBy"}
1239 121106 19:51:56 INFO: Username: admin@sonyx.net
1249 121106 19:51:56 INFO: Completed 200 OK in 153ms (Views: 3.2ms)
1239 121106 19:51:56 INFO: Completed 200 OK in 20ms (Views: 0.4ms)
1249 121106 19:51:56 INFO: 

Started GET "/r/4f353b6de97fa8e232000189/relations_from/SolvedBy" for 195.176.181.30 at 2012-11-06 19:51:56 +0000
1239 121106 19:51:56 INFO: 

Started GET "/r/4f353b52e97fa8e232000187/relations_from/SolvedBy" for 195.176.181.30 at 2012-11-06 19:51:56 +0000
1249 121106 19:51:56 INFO:   Processing by RController#relations_from as JSON
1239 121106 19:51:56 INFO:   Processing by RController#relations_from as JSON
1239 121106 19:51:56 INFO:   Parameters: {"id"=>"4f353b52e97fa8e232000187", "type"=>"SolvedBy"}
1249 121106 19:51:56 INFO:   Parameters: {"id"=>"4f353b6de97fa8e232000189", "type"=>"SolvedBy"}
1239 121106 19:51:56 INFO: Username: admin@sonyx.net
1249 121106 19:51:56 INFO: Username: admin@sonyx.net
1279 121106 19:51:56 INFO: 

Started GET "/r/4f353ab5e97fa8e23200017f/relations_from/SolvedBy" for 195.176.181.30 at 2012-11-06 19:51:56 +0000
1239 121106 19:51:56 INFO: Completed 200 OK in 20ms (Views: 0.4ms)
1239 121106 19:51:56 INFO: 

Started GET "/r/4f353b7ae97fa8e23200018b/relations_from/SolvedBy" for 195.176.181.30 at 2012-11-06 19:51:56 +0000
1249 121106 19:51:56 INFO: Completed 200 OK in 30ms (Views: 0.4ms)
1239 121106 19:51:56 INFO:   Processing by RController#relations_from as JSON
1239 121106 19:51:56 INFO:   Parameters: {"id"=>"4f353b7ae97fa8e23200018b", "type"=>"SolvedBy"}
1239 121106 19:51:56 INFO: Username: admin@sonyx.net
1249 121106 19:51:56 INFO: 

Started GET "/r/4f9d872fe90a3e21dd000011/relations_from/SolvedBy" for 195.176.181.30 at 2012-11-06 19:51:56 +0000
1249 121106 19:51:56 INFO:   Processing by RController#relations_from as JSON
1249 121106 19:51:56 INFO:   Parameters: {"id"=>"4f9d872fe90a3e21dd000011", "type"=>"SolvedBy"}
1249 121106 19:51:56 INFO: Username: admin@sonyx.net
1239 121106 19:51:56 INFO: Completed 200 OK in 32ms (Views: 0.3ms)
1249 121106 19:51:56 INFO: Completed 200 OK in 23ms (Views: 0.9ms)
1239 121106 19:51:56 INFO: 

Started GET "/r/4f9d8732e90a3e21dd000013/relations_from/SolvedBy" for 195.176.181.30 at 2012-11-06 19:51:56 +0000
1249 121106 19:51:56 INFO: 

Started GET "/r/4f9d873ae90a3e2236000001/relations_from/SolvedBy" for 195.176.181.30 at 2012-11-06 19:51:56 +0000
1249 121106 19:51:56 INFO:   Processing by RController#relations_from as JSON
1239 121106 19:51:56 INFO:   Processing by RController#relations_from as JSON
1249 121106 19:51:56 INFO:   Parameters: {"id"=>"4f9d873ae90a3e2236000001", "type"=>"SolvedBy"}
1239 121106 19:51:56 INFO:   Parameters: {"id"=>"4f9d8732e90a3e21dd000013", "type"=>"SolvedBy"}
1249 121106 19:51:56 INFO: Username: admin@sonyx.net
1239 121106 19:51:56 INFO: Username: admin@sonyx.net
1239 121106 19:51:56 INFO: Completed 200 OK in 94ms (Views: 11.1ms)
1239 121106 19:51:56 INFO: 

Started GET "/r/4f9d873de90a3e21dd000015/relations_from/SolvedBy" for 195.176.181.30 at 2012-11-06 19:51:56 +0000
1249 121106 19:51:56 INFO: Completed 200 OK in 118ms (Views: 24.1ms)
1239 121106 19:51:56 INFO:   Processing by RController#relations_from as JSON
1239 121106 19:51:56 INFO:   Parameters: {"id"=>"4f9d873de90a3e21dd000015", "type"=>"SolvedBy"}
1239 121106 19:51:56 INFO: Username: admin@sonyx.net
1239 121106 19:51:56 INFO: Completed 200 OK in 30ms (Views: 0.3ms)
1249 121106 19:51:56 INFO: 

Started GET "/r/4f9d86ffe90a3e21dd00000b/relations_from/SolvedBy" for 195.176.181.30 at 2012-11-06 19:51:56 +0000
1249 121106 19:51:56 INFO:   Processing by RController#relations_from as JSON
1249 121106 19:51:56 INFO:   Parameters: {"id"=>"4f9d86ffe90a3e21dd00000b", "type"=>"SolvedBy"}
1249 121106 19:51:56 INFO: Username: admin@sonyx.net
1287 121106 19:51:56 INFO: 

Started GET "/r/4f353b83e97fa8e23200018d/relations_from/SolvedBy" for 195.176.181.30 at 2012-11-06 19:51:56 +0000
1239 121106 19:51:56 INFO: 

Started GET "/r/4f9d8700e90a3e21dd00000d/relations_from/SolvedBy" for 195.176.181.30 at 2012-11-06 19:51:56 +0000
1239 121106 19:51:56 INFO:   Processing by RController#relations_from as JSON
1239 121106 19:51:56 INFO:   Parameters: {"id"=>"4f9d8700e90a3e21dd00000d", "type"=>"SolvedBy"}
1249 121106 19:51:56 INFO: Completed 200 OK in 28ms (Views: 10.7ms)
1239 121106 19:51:56 INFO: Username: admin@sonyx.net
1249 121106 19:51:56 INFO: 

Started GET "/r/4f9d8705e90a3e21d3000003/relations_from/SolvedBy" for 195.176.181.30 at 2012-11-06 19:51:56 +0000
1249 121106 19:51:56 INFO:   Processing by RController#relations_from as JSON
1239 121106 19:51:56 INFO: Completed 200 OK in 31ms (Views: 0.3ms)
1249 121106 19:51:56 INFO:   Parameters: {"id"=>"4f9d8705e90a3e21d3000003", "type"=>"SolvedBy"}
1249 121106 19:51:56 INFO: Username: admin@sonyx.net
1239 121106 19:51:56 INFO: 

Started GET "/r/4f9d870be90a3e21dd00000f/relations_from/SolvedBy" for 195.176.181.30 at 2012-11-06 19:51:56 +0000
1239 121106 19:51:56 INFO:   Processing by RController#relations_from as JSON
1239 121106 19:51:56 INFO:   Parameters: {"id"=>"4f9d870be90a3e21dd00000f", "type"=>"SolvedBy"}
1239 121106 19:51:56 INFO: Username: admin@sonyx.net
1249 121106 19:51:56 INFO: Completed 200 OK in 51ms (Views: 0.5ms)
1239 121106 19:51:56 INFO: Completed 200 OK in 35ms (Views: 1.9ms)
1249 121106 19:51:56 INFO: 

Started GET "/r/4f9d8713e90a3e21d3000005/relations_from/SolvedBy" for 195.176.181.30 at 2012-11-06 19:51:56 +0000
1249 121106 19:51:56 INFO:   Processing by RController#relations_from as JSON
1249 121106 19:51:56 INFO:   Parameters: {"id"=>"4f9d8713e90a3e21d3000005", "type"=>"SolvedBy"}
1249 121106 19:51:56 INFO: Username: admin@sonyx.net
1239 121106 19:51:56 INFO: 

Started GET "/r/4f9e4b27e90a3e4bf9000001/relations_from/SolvedBy" for 195.176.181.30 at 2012-11-06 19:51:56 +0000
1239 121106 19:51:56 INFO:   Processing by RController#relations_from as JSON
1239 121106 19:51:56 INFO:   Parameters: {"id"=>"4f9e4b27e90a3e4bf9000001", "type"=>"SolvedBy"}
1239 121106 19:51:56 INFO: Username: admin@sonyx.net
1249 121106 19:51:56 INFO: Completed 200 OK in 50ms (Views: 0.2ms)
1249 121106 19:51:56 INFO: 

Started GET "/r/4f9e4b3be90a3e4c0c000003/relations_from/SolvedBy" for 195.176.181.30 at 2012-11-06 19:51:56 +0000
1239 121106 19:51:57 INFO: Completed 200 OK in 145ms (Views: 9.9ms)
1239 121106 19:51:57 INFO: 

Started GET "/r/4f9e4b42e90a3e4c0c000005/relations_from/SolvedBy" for 195.176.181.30 at 2012-11-06 19:51:57 +0000
1239 121106 19:51:57 INFO:   Processing by RController#relations_from as JSON
1239 121106 19:51:57 INFO:   Parameters: {"id"=>"4f9e4b42e90a3e4c0c000005", "type"=>"SolvedBy"}
1249 121106 19:51:57 INFO:   Processing by RController#relations_from as JSON
1249 121106 19:51:57 INFO:   Parameters: {"id"=>"4f9e4b3be90a3e4c0c000003", "type"=>"SolvedBy"}
1239 121106 19:51:57 INFO: Username: admin@sonyx.net
1249 121106 19:51:57 INFO: Username: admin@sonyx.net
1239 121106 19:51:57 INFO: Completed 200 OK in 30ms (Views: 0.4ms)
1239 121106 19:51:57 INFO: 

Started GET "/r/4f9e4b53e90a3e4c0c000007/relations_from/SolvedBy" for 195.176.181.30 at 2012-11-06 19:51:57 +0000
1249 121106 19:51:57 INFO: Completed 200 OK in 40ms (Views: 0.5ms)
1239 121106 19:51:57 INFO:   Processing by RController#relations_from as JSON
1239 121106 19:51:57 INFO:   Parameters: {"id"=>"4f9e4b53e90a3e4c0c000007", "type"=>"SolvedBy"}
1239 121106 19:51:57 INFO: Username: admin@sonyx.net
1249 121106 19:51:57 INFO: 

Started GET "/r/4f9e5fcde90a3e5493000001/relations_from/SolvedBy" for 195.176.181.30 at 2012-11-06 19:51:57 +0000
1249 121106 19:51:57 INFO:   Processing by RController#relations_from as JSON
1249 121106 19:51:57 INFO:   Parameters: {"id"=>"4f9e5fcde90a3e5493000001", "type"=>"SolvedBy"}
1239 121106 19:51:57 INFO: Completed 200 OK in 22ms (Views: 0.6ms)
1249 121106 19:51:57 INFO: Username: admin@sonyx.net
1239 121106 19:51:57 INFO: 

Started GET "/r/4f9e5fe2e90a3e5461000001/relations_from/SolvedBy" for 195.176.181.30 at 2012-11-06 19:51:57 +0000
1239 121106 19:51:57 INFO:   Processing by RController#relations_from as JSON
1239 121106 19:51:57 INFO:   Parameters: {"id"=>"4f9e5fe2e90a3e5461000001", "type"=>"SolvedBy"}
1239 121106 19:51:57 INFO: Username: admin@sonyx.net
1239 121106 19:51:57 INFO: Completed 200 OK in 30ms (Views: 0.5ms)
1249 121106 19:51:57 INFO: Completed 200 OK in 57ms (Views: 0.4ms)
1249 121106 19:51:57 INFO: 

Started GET "/r/4f9d8668e90a3e21d3000001/relations_from/SolvedBy" for 195.176.181.30 at 2012-11-06 19:51:57 +0000
1249 121106 19:51:57 INFO:   Processing by RController#relations_from as JSON
1249 121106 19:51:57 INFO:   Parameters: {"id"=>"4f9d8668e90a3e21d3000001", "type"=>"SolvedBy"}
1239 121106 19:51:57 INFO: 

Started GET "/r/4f9d8667e90a3e21dd000007/relations_from/SolvedBy" for 195.176.181.30 at 2012-11-06 19:51:57 +0000
1239 121106 19:51:57 INFO:   Processing by RController#relations_from as JSON
1239 121106 19:51:57 INFO:   Parameters: {"id"=>"4f9d8667e90a3e21dd000007", "type"=>"SolvedBy"}
1239 121106 19:51:57 INFO: Username: admin@sonyx.net
1249 121106 19:51:57 INFO: Username: admin@sonyx.net
1239 121106 19:51:57 INFO: Completed 200 OK in 39ms (Views: 12.1ms)
1249 121106 19:51:57 INFO: Completed 200 OK in 47ms (Views: 0.3ms)
1249 121106 19:51:57 INFO: 

Started GET "/r/4f9d73f6e90a3e1a48000006/relations_from/SolvedBy" for 195.176.181.30 at 2012-11-06 19:51:57 +0000
1239 121106 19:51:57 INFO: 

Started GET "/r/4f9d866de90a3e21dd000009/relations_from/SolvedBy" for 195.176.181.30 at 2012-11-06 19:51:57 +0000
1249 121106 19:51:57 INFO:   Processing by RController#relations_from as JSON
1239 121106 19:51:57 INFO:   Processing by RController#relations_from as JSON
1249 121106 19:51:57 INFO:   Parameters: {"id"=>"4f9d73f6e90a3e1a48000006", "type"=>"SolvedBy"}
1239 121106 19:51:57 INFO:   Parameters: {"id"=>"4f9d866de90a3e21dd000009", "type"=>"SolvedBy"}
1239 121106 19:51:57 INFO: Username: admin@sonyx.net
1249 121106 19:51:57 INFO: Username: admin@sonyx.net
1239 121106 19:51:57 INFO: Completed 200 OK in 40ms (Views: 0.4ms)
1249 121106 19:51:57 INFO: Completed 200 OK in 42ms (Views: 0.3ms)
1249 121106 19:51:57 INFO: 

Started GET "/r/4f9d7401e90a3e1a48000008/relations_from/SolvedBy" for 195.176.181.30 at 2012-11-06 19:51:57 +0000
1249 121106 19:51:57 INFO:   Processing by RController#relations_from as JSON
1239 121106 19:51:57 INFO: 

Started GET "/r/4f9d73fce90a3e1c0d00026f/relations_from/SolvedBy" for 195.176.181.30 at 2012-11-06 19:51:57 +0000
1239 121106 19:51:57 INFO:   Processing by RController#relations_from as JSON
1239 121106 19:51:57 INFO:   Parameters: {"id"=>"4f9d73fce90a3e1c0d00026f", "type"=>"SolvedBy"}
1249 121106 19:51:57 INFO:   Parameters: {"id"=>"4f9d7401e90a3e1a48000008", "type"=>"SolvedBy"}
1239 121106 19:51:57 INFO: Username: admin@sonyx.net
1249 121106 19:51:57 INFO: Username: admin@sonyx.net
1239 121106 19:51:57 INFO: Completed 200 OK in 35ms (Views: 0.4ms)
1249 121106 19:51:57 INFO: Completed 200 OK in 42ms (Views: 0.4ms)
1249 121106 19:51:57 INFO: 

Started GET "/r/4f9d7435e90a3e1c3b000001/relations_from/SolvedBy" for 195.176.181.30 at 2012-11-06 19:51:57 +0000
1249 121106 19:51:57 INFO:   Processing by RController#relations_from as JSON
1249 121106 19:51:57 INFO:   Parameters: {"id"=>"4f9d7435e90a3e1c3b000001", "type"=>"SolvedBy"}
1239 121106 19:51:57 INFO: 

Started GET "/r/4f9d8627e90a3e21dd000001/relations_from/SolvedBy" for 195.176.181.30 at 2012-11-06 19:51:57 +0000
1249 121106 19:51:57 INFO: Username: admin@sonyx.net
1239 121106 19:51:57 INFO:   Processing by RController#relations_from as JSON
1239 121106 19:51:57 INFO:   Parameters: {"id"=>"4f9d8627e90a3e21dd000001", "type"=>"SolvedBy"}
1239 121106 19:51:57 INFO: Username: admin@sonyx.net
1239 121106 19:51:57 INFO: Completed 200 OK in 23ms (Views: 0.4ms)
1249 121106 19:51:57 INFO: Completed 200 OK in 26ms (Views: 0.4ms)
1249 121106 19:51:57 INFO: 

Started GET "/r/4f9d8658e90a3e21dd000005/relations_from/SolvedBy" for 195.176.181.30 at 2012-11-06 19:51:57 +0000
1239 121106 19:51:57 INFO: 

Started GET "/r/4f9d864de90a3e21dd000003/relations_from/SolvedBy" for 195.176.181.30 at 2012-11-06 19:51:57 +0000
1249 121106 19:51:57 INFO:   Processing by RController#relations_from as JSON
1239 121106 19:51:57 INFO:   Processing by RController#relations_from as JSON
1249 121106 19:51:57 INFO:   Parameters: {"id"=>"4f9d8658e90a3e21dd000005", "type"=>"SolvedBy"}
1239 121106 19:51:57 INFO:   Parameters: {"id"=>"4f9d864de90a3e21dd000003", "type"=>"SolvedBy"}
1239 121106 19:51:57 INFO: Username: admin@sonyx.net
1249 121106 19:51:57 INFO: Username: admin@sonyx.net
1239 121106 19:51:57 INFO: Completed 200 OK in 19ms (Views: 0.4ms)
1249 121106 19:51:57 INFO: Completed 200 OK in 25ms (Views: 1.0ms)
1249 121106 19:51:57 INFO: 

Started GET "/r/4f9d8754e90a3e2241000003/relations_from/SolvedBy" for 195.176.181.30 at 2012-11-06 19:51:57 +0000
1239 121106 19:51:57 INFO: 

Started GET "/r/4f9d874ee90a3e2241000001/relations_from/SolvedBy" for 195.176.181.30 at 2012-11-06 19:51:57 +0000
1249 121106 19:51:57 INFO:   Processing by RController#relations_from as JSON
1239 121106 19:51:57 INFO:   Processing by RController#relations_from as JSON
1249 121106 19:51:57 INFO:   Parameters: {"id"=>"4f9d8754e90a3e2241000003", "type"=>"SolvedBy"}
1239 121106 19:51:57 INFO:   Parameters: {"id"=>"4f9d874ee90a3e2241000001", "type"=>"SolvedBy"}
1249 121106 19:51:57 INFO: Username: admin@sonyx.net
1239 121106 19:51:57 INFO: Username: admin@sonyx.net
1239 121106 19:51:57 INFO: Completed 200 OK in 40ms (Views: 0.4ms)
1249 121106 19:51:57 INFO: Completed 200 OK in 43ms (Views: 0.3ms)
1249 121106 19:51:57 INFO: 

Started GET "/r/4f9d8761e90a3e21dd000017/relations_from/SolvedBy" for 195.176.181.30 at 2012-11-06 19:51:57 +0000
1239 121106 19:51:57 INFO: 

Started GET "/r/4f9d8765e90a3e21dd000019/relations_from/SolvedBy" for 195.176.181.30 at 2012-11-06 19:51:57 +0000
1249 121106 19:51:57 INFO:   Processing by RController#relations_from as JSON
1249 121106 19:51:57 INFO:   Parameters: {"id"=>"4f9d8761e90a3e21dd000017", "type"=>"SolvedBy"}
1239 121106 19:51:57 INFO:   Processing by RController#relations_from as JSON
1249 121106 19:51:57 INFO: Username: admin@sonyx.net
1239 121106 19:51:57 INFO:   Parameters: {"id"=>"4f9d8765e90a3e21dd000019", "type"=>"SolvedBy"}
1239 121106 19:51:57 INFO: Username: admin@sonyx.net
1249 121106 19:51:57 INFO: Completed 200 OK in 21ms (Views: 0.5ms)
1239 121106 19:51:57 INFO: Completed 200 OK in 26ms (Views: 1.2ms)
1239 121106 19:51:57 INFO: 

Started GET "/r/4f2ea816e97fa8e232000096/relations_to/Tagging" for 195.176.181.30 at 2012-11-06 19:51:57 +0000
1249 121106 19:51:57 INFO: 

Started GET "/r/4f2ea810e97fa8e232000094/relations_to/Tagging" for 195.176.181.30 at 2012-11-06 19:51:57 +0000
1239 121106 19:51:57 INFO:   Processing by RController#relations_to as JSON
1239 121106 19:51:57 INFO:   Parameters: {"id"=>"4f2ea816e97fa8e232000096", "type"=>"Tagging"}
1249 121106 19:51:57 INFO:   Processing by RController#relations_to as JSON
1249 121106 19:51:57 INFO:   Parameters: {"id"=>"4f2ea810e97fa8e232000094", "type"=>"Tagging"}
1239 121106 19:51:57 INFO: Username: admin@sonyx.net
1249 121106 19:51:57 INFO: Username: admin@sonyx.net
1239 121106 19:51:57 INFO: Completed 200 OK in 14ms (Views: 0.3ms)
1249 121106 19:51:57 INFO: Completed 200 OK in 23ms (Views: 0.3ms)
1239 121106 19:51:57 INFO: 

Started GET "/r/4f353b38e97fa8e232000184/relations_to/Tagging" for 195.176.181.30 at 2012-11-06 19:51:57 +0000
1249 121106 19:51:57 INFO: 

Started GET "/r/4f353b44e97fa8e232000186/relations_to/Tagging" for 195.176.181.30 at 2012-11-06 19:51:57 +0000
1239 121106 19:51:57 INFO:   Processing by RController#relations_to as JSON
1239 121106 19:51:57 INFO:   Parameters: {"id"=>"4f353b38e97fa8e232000184", "type"=>"Tagging"}
1249 121106 19:51:57 INFO:   Processing by RController#relations_to as JSON
1249 121106 19:51:57 INFO:   Parameters: {"id"=>"4f353b44e97fa8e232000186", "type"=>"Tagging"}
1249 121106 19:51:57 INFO: Username: admin@sonyx.net
1239 121106 19:51:57 INFO: Username: admin@sonyx.net
1239 121106 19:51:57 INFO: Completed 200 OK in 14ms (Views: 0.2ms)
1249 121106 19:51:57 INFO: Completed 200 OK in 20ms (Views: 0.2ms)
1239 121106 19:51:57 INFO: 

Started GET "/r/4f353b52e97fa8e232000188/relations_to/Tagging" for 195.176.181.30 at 2012-11-06 19:51:57 +0000
1249 121106 19:51:57 INFO: 

Started GET "/r/4f353ac3e97fa8e232000182/relations_to/Tagging" for 195.176.181.30 at 2012-11-06 19:51:57 +0000
1249 121106 19:51:57 INFO:   Processing by RController#relations_to as JSON
1249 121106 19:51:57 INFO:   Parameters: {"id"=>"4f353ac3e97fa8e232000182", "type"=>"Tagging"}
1249 121106 19:51:57 INFO: Username: admin@sonyx.net
1249 121106 19:51:57 INFO: Completed 200 OK in 9ms (Views: 0.2ms)
1249 121106 19:51:57 INFO: 

Started GET "/r/4f353b6de97fa8e23200018a/relations_to/Tagging" for 195.176.181.30 at 2012-11-06 19:51:57 +0000
1249 121106 19:51:57 INFO:   Processing by RController#relations_to as JSON
1249 121106 19:51:57 INFO:   Parameters: {"id"=>"4f353b6de97fa8e23200018a", "type"=>"Tagging"}
1249 121106 19:51:57 INFO: Username: admin@sonyx.net
1249 121106 19:51:57 INFO: Completed 200 OK in 31ms (Views: 0.2ms)
1249 121106 19:51:57 INFO: 

Started GET "/r/4f353b7ae97fa8e23200018c/relations_to/Tagging" for 195.176.181.30 at 2012-11-06 19:51:57 +0000
1249 121106 19:51:57 INFO:   Processing by RController#relations_to as JSON
1249 121106 19:51:57 INFO:   Parameters: {"id"=>"4f353b7ae97fa8e23200018c", "type"=>"Tagging"}
1249 121106 19:51:57 INFO: Username: admin@sonyx.net
1249 121106 19:51:57 INFO: Completed 200 OK in 23ms (Views: 0.2ms)
1249 121106 19:51:57 INFO: 

Started GET "/r/4f9d872fe90a3e21dd000012/relations_to/Tagging" for 195.176.181.30 at 2012-11-06 19:51:57 +0000
1249 121106 19:51:57 INFO:   Processing by RController#relations_to as JSON
1249 121106 19:51:57 INFO:   Parameters: {"id"=>"4f9d872fe90a3e21dd000012", "type"=>"Tagging"}
1249 121106 19:51:57 INFO: Username: admin@sonyx.net
1249 121106 19:51:57 INFO: Completed 200 OK in 18ms (Views: 0.2ms)
1249 121106 19:51:57 INFO: 

Started GET "/r/4f9d8732e90a3e21dd000014/relations_to/Tagging" for 195.176.181.30 at 2012-11-06 19:51:57 +0000
1239 121106 19:51:57 INFO:   Processing by RController#relations_to as JSON
1239 121106 19:51:57 INFO:   Parameters: {"id"=>"4f353b52e97fa8e232000188", "type"=>"Tagging"}
1249 121106 19:51:57 INFO:   Processing by RController#relations_to as JSON
1249 121106 19:51:57 INFO:   Parameters: {"id"=>"4f9d8732e90a3e21dd000014", "type"=>"Tagging"}
1249 121106 19:51:57 INFO: Username: admin@sonyx.net
1239 121106 19:51:57 INFO: Username: admin@sonyx.net
1249 121106 19:51:58 INFO: Completed 200 OK in 18ms (Views: 0.5ms)
1239 121106 19:51:58 INFO: Completed 200 OK in 41ms (Views: 0.5ms)
1239 121106 19:51:58 INFO: 

Started GET "/r/4f9d873de90a3e21dd000016/relations_to/Tagging" for 195.176.181.30 at 2012-11-06 19:51:58 +0000
1239 121106 19:51:58 INFO:   Processing by RController#relations_to as JSON
1239 121106 19:51:58 INFO:   Parameters: {"id"=>"4f9d873de90a3e21dd000016", "type"=>"Tagging"}
1249 121106 19:51:58 INFO: 

Started GET "/r/4f9d873ae90a3e2236000002/relations_to/Tagging" for 195.176.181.30 at 2012-11-06 19:51:58 +0000
1249 121106 19:51:58 INFO:   Processing by RController#relations_to as JSON
1249 121106 19:51:58 INFO:   Parameters: {"id"=>"4f9d873ae90a3e2236000002", "type"=>"Tagging"}
1249 121106 19:51:58 INFO: Username: admin@sonyx.net
1249 121106 19:51:58 INFO: Completed 200 OK in 48ms (Views: 0.6ms)
1239 121106 19:51:58 INFO: Username: admin@sonyx.net
1249 121106 19:51:58 INFO: 

Started GET "/r/4f9d86ffe90a3e21dd00000c/relations_to/Tagging" for 195.176.181.30 at 2012-11-06 19:51:58 +0000
1249 121106 19:51:58 INFO:   Processing by RController#relations_to as JSON
1249 121106 19:51:58 INFO:   Parameters: {"id"=>"4f9d86ffe90a3e21dd00000c", "type"=>"Tagging"}
1249 121106 19:51:58 INFO: Username: admin@sonyx.net
1249 121106 19:51:58 INFO: Completed 200 OK in 13ms (Views: 0.1ms)
1239 121106 19:51:58 INFO: Completed 200 OK in 161ms (Views: 0.2ms)
1239 121106 19:51:58 INFO: 

Started GET "/r/4f9d8701e90a3e21dd00000e/relations_to/Tagging" for 195.176.181.30 at 2012-11-06 19:51:58 +0000
1239 121106 19:51:58 INFO:   Processing by RController#relations_to as JSON
1239 121106 19:51:58 INFO:   Parameters: {"id"=>"4f9d8701e90a3e21dd00000e", "type"=>"Tagging"}
1249 121106 19:51:58 INFO: 

Started GET "/r/4f9d8705e90a3e21d3000004/relations_to/Tagging" for 195.176.181.30 at 2012-11-06 19:51:58 +0000
1239 121106 19:51:58 INFO: Username: admin@sonyx.net
1239 121106 19:51:58 INFO: Completed 200 OK in 166ms (Views: 2.1ms)
1249 121106 19:51:58 INFO:   Processing by RController#relations_to as JSON
1249 121106 19:51:58 INFO:   Parameters: {"id"=>"4f9d8705e90a3e21d3000004", "type"=>"Tagging"}
1249 121106 19:51:58 INFO: Username: admin@sonyx.net
1249 121106 19:51:58 INFO: Completed 200 OK in 31ms (Views: 0.7ms)
1249 121106 19:51:58 INFO: 

Started GET "/r/4fa78ec9924ff84129000001/relations_to/Tagging" for 195.176.181.30 at 2012-11-06 19:51:58 +0000
1249 121106 19:51:58 INFO:   Processing by RController#relations_to as JSON
1249 121106 19:51:58 INFO:   Parameters: {"id"=>"4fa78ec9924ff84129000001", "type"=>"Tagging"}
1249 121106 19:51:58 INFO: Username: admin@sonyx.net
1239 121106 19:51:58 INFO: 

Started GET "/r/4f9d870be90a3e21dd000010/relations_to/Tagging" for 195.176.181.30 at 2012-11-06 19:51:58 +0000
1239 121106 19:51:58 INFO:   Processing by RController#relations_to as JSON
1239 121106 19:51:58 INFO:   Parameters: {"id"=>"4f9d870be90a3e21dd000010", "type"=>"Tagging"}
1249 121106 19:51:58 INFO: Completed 200 OK in 21ms (Views: 0.2ms)
1249 121106 19:51:58 INFO: 

Started GET "/r/4f9d8713e90a3e21d3000006/relations_to/Tagging" for 195.176.181.30 at 2012-11-06 19:51:58 +0000
1249 121106 19:51:58 INFO:   Processing by RController#relations_to as JSON
1249 121106 19:51:58 INFO:   Parameters: {"id"=>"4f9d8713e90a3e21d3000006", "type"=>"Tagging"}
1249 121106 19:51:58 INFO: Username: admin@sonyx.net
1249 121106 19:51:58 INFO: Completed 200 OK in 12ms (Views: 0.2ms)
1239 121106 19:51:58 INFO: Username: admin@sonyx.net
1239 121106 19:51:58 INFO: Completed 200 OK in 51ms (Views: 0.2ms)
1239 121106 19:51:58 INFO: 

Started GET "/r/4f9e4b27e90a3e4bf9000002/relations_to/Tagging" for 195.176.181.30 at 2012-11-06 19:51:58 +0000
1249 121106 19:51:58 INFO: 

Started GET "/r/4f9e4b42e90a3e4c0c000006/relations_to/Tagging" for 195.176.181.30 at 2012-11-06 19:51:58 +0000
1239 121106 19:51:58 INFO:   Processing by RController#relations_to as JSON
1239 121106 19:51:58 INFO:   Parameters: {"id"=>"4f9e4b27e90a3e4bf9000002", "type"=>"Tagging"}
1249 121106 19:51:58 INFO:   Processing by RController#relations_to as JSON
1249 121106 19:51:58 INFO:   Parameters: {"id"=>"4f9e4b42e90a3e4c0c000006", "type"=>"Tagging"}
1239 121106 19:51:58 INFO: Username: admin@sonyx.net
1270 121106 19:51:58 INFO:   Processing by RController#related_to as JSON
1239 121106 19:51:58 INFO: Completed 200 OK in 35ms (Views: 0.5ms)
1270 121106 19:51:58 INFO:   Parameters: {"id"=>"4f2e9cd3e97fa8e23200001b", "type"=>"Alternative"}
1239 121106 19:51:58 INFO: 

Started GET "/r/4f9e4b3be90a3e4c0c000004/relations_to/Tagging" for 195.176.181.30 at 2012-11-06 19:51:58 +0000
1239 121106 19:51:58 INFO:   Processing by RController#relations_to as JSON
1239 121106 19:51:58 INFO:   Parameters: {"id"=>"4f9e4b3be90a3e4c0c000004", "type"=>"Tagging"}
1239 121106 19:51:58 INFO: Username: admin@sonyx.net
1239 121106 19:51:59 INFO: Completed 200 OK in 20ms (Views: 0.4ms)
1270 121106 19:51:59 INFO: Username: admin@sonyx.net
1239 121106 19:51:59 INFO: 

Started GET "/r/4f9e4b53e90a3e4c0c000008/relations_to/Tagging" for 195.176.181.30 at 2012-11-06 19:51:59 +0000
1239 121106 19:51:59 INFO:   Processing by RController#relations_to as JSON
1239 121106 19:51:59 INFO:   Parameters: {"id"=>"4f9e4b53e90a3e4c0c000008", "type"=>"Tagging"}
1239 121106 19:51:59 INFO: Username: admin@sonyx.net
1239 121106 19:51:59 INFO: Completed 200 OK in 32ms (Views: 0.4ms)
1239 121106 19:51:59 INFO: 

Started GET "/r/4f9e5fe2e90a3e5461000002/relations_to/Tagging" for 195.176.181.30 at 2012-11-06 19:51:59 +0000
1239 121106 19:51:59 INFO:   Processing by RController#relations_to as JSON
1239 121106 19:51:59 INFO:   Parameters: {"id"=>"4f9e5fe2e90a3e5461000002", "type"=>"Tagging"}
1239 121106 19:51:59 INFO: Username: admin@sonyx.net
1239 121106 19:51:59 INFO: Completed 200 OK in 48ms (Views: 0.5ms)
1249 121106 19:51:59 INFO: Username: admin@sonyx.net
1239 121106 19:51:59 INFO: 

Started GET "/r/4f9e5fcde90a3e5493000002/relations_to/Tagging" for 195.176.181.30 at 2012-11-06 19:51:59 +0000
1239 121106 19:51:59 INFO:   Processing by RController#relations_to as JSON
1239 121106 19:51:59 INFO:   Parameters: {"id"=>"4f9e5fcde90a3e5493000002", "type"=>"Tagging"}
1239 121106 19:51:59 INFO: Username: admin@sonyx.net
1270 121106 19:51:59 INFO: Completed 200 OK in 171ms (Views: 43.7ms)
1249 121106 19:51:59 INFO: Completed 200 OK in 98ms (Views: 0.5ms)
1249 121106 19:51:59 INFO: 

Started GET "/r/4f9d8667e90a3e21dd000008/relations_to/Tagging" for 195.176.181.30 at 2012-11-06 19:51:59 +0000
1270 121106 19:51:59 INFO: 

Started GET "/r/4f9d8669e90a3e21d3000002/relations_to/Tagging" for 195.176.181.30 at 2012-11-06 19:51:59 +0000
1249 121106 19:51:59 INFO:   Processing by RController#relations_to as JSON
1249 121106 19:51:59 INFO:   Parameters: {"id"=>"4f9d8667e90a3e21dd000008", "type"=>"Tagging"}
1270 121106 19:51:59 INFO:   Processing by RController#relations_to as JSON
1270 121106 19:51:59 INFO:   Parameters: {"id"=>"4f9d8669e90a3e21d3000002", "type"=>"Tagging"}
1249 121106 19:51:59 INFO: Username: admin@sonyx.net
1239 121106 19:51:59 INFO: Completed 200 OK in 76ms (Views: 0.9ms)
1270 121106 19:51:59 INFO: Username: admin@sonyx.net
1239 121106 19:51:59 INFO: 

Started GET "/r/4f9d866de90a3e21dd00000a/relations_to/Tagging" for 195.176.181.30 at 2012-11-06 19:51:59 +0000
1239 121106 19:51:59 INFO:   Processing by RController#relations_to as JSON
1239 121106 19:51:59 INFO:   Parameters: {"id"=>"4f9d866de90a3e21dd00000a", "type"=>"Tagging"}
1249 121106 19:51:59 INFO: Completed 200 OK in 40ms (Views: 0.4ms)
1239 121106 19:51:59 INFO: Username: admin@sonyx.net
1249 121106 19:51:59 INFO: 

Started GET "/r/4f9d73f6e90a3e1a48000007/relations_to/Tagging" for 195.176.181.30 at 2012-11-06 19:51:59 +0000
1249 121106 19:51:59 INFO:   Processing by RController#relations_to as JSON
1249 121106 19:51:59 INFO:   Parameters: {"id"=>"4f9d73f6e90a3e1a48000007", "type"=>"Tagging"}
1249 121106 19:51:59 INFO: Username: admin@sonyx.net
1270 121106 19:51:59 INFO: Completed 200 OK in 62ms (Views: 0.9ms)
1249 121106 19:51:59 INFO: Completed 200 OK in 17ms (Views: 0.2ms)
1239 121106 19:51:59 INFO: Completed 200 OK in 38ms (Views: 0.4ms)
1249 121106 19:51:59 INFO: 

Started GET "/r/4f9d73fce90a3e1c0d000270/relations_to/Tagging" for 195.176.181.30 at 2012-11-06 19:51:59 +0000
1239 121106 19:51:59 INFO: 

Started GET "/r/4f9d7401e90a3e1a48000009/relations_to/Tagging" for 195.176.181.30 at 2012-11-06 19:51:59 +0000
1249 121106 19:51:59 INFO:   Processing by RController#relations_to as JSON
1249 121106 19:51:59 INFO:   Parameters: {"id"=>"4f9d73fce90a3e1c0d000270", "type"=>"Tagging"}
1239 121106 19:51:59 INFO:   Processing by RController#relations_to as JSON
1239 121106 19:51:59 INFO:   Parameters: {"id"=>"4f9d7401e90a3e1a48000009", "type"=>"Tagging"}
1249 121106 19:51:59 INFO: Username: admin@sonyx.net
1239 121106 19:51:59 INFO: Username: admin@sonyx.net
1239 121106 19:51:59 INFO: Completed 200 OK in 8ms (Views: 0.2ms)
1270 121106 19:51:59 INFO: 

Started GET "/r/4f9d7435e90a3e1c3b000002/relations_to/Tagging" for 195.176.181.30 at 2012-11-06 19:51:59 +0000
1249 121106 19:51:59 INFO: Completed 200 OK in 27ms (Views: 0.2ms)
1239 121106 19:51:59 INFO: 

Started GET "/r/4f9d8627e90a3e21dd000002/relations_to/Tagging" for 195.176.181.30 at 2012-11-06 19:51:59 +0000
1239 121106 19:51:59 INFO:   Processing by RController#relations_to as JSON
1239 121106 19:51:59 INFO:   Parameters: {"id"=>"4f9d8627e90a3e21dd000002", "type"=>"Tagging"}
1239 121106 19:51:59 INFO: Username: admin@sonyx.net
1270 121106 19:51:59 INFO:   Processing by RController#relations_to as JSON
1270 121106 19:51:59 INFO:   Parameters: {"id"=>"4f9d7435e90a3e1c3b000002", "type"=>"Tagging"}
1270 121106 19:51:59 INFO: Username: admin@sonyx.net
1239 121106 19:51:59 INFO: Completed 200 OK in 13ms (Views: 0.3ms)
1249 121106 19:51:59 INFO: 

Started GET "/r/4f9d864de90a3e21dd000004/relations_to/Tagging" for 195.176.181.30 at 2012-11-06 19:51:59 +0000
1249 121106 19:51:59 INFO:   Processing by RController#relations_to as JSON
1270 121106 19:51:59 INFO: Completed 200 OK in 10ms (Views: 0.2ms)
1249 121106 19:51:59 INFO:   Parameters: {"id"=>"4f9d864de90a3e21dd000004", "type"=>"Tagging"}
1249 121106 19:51:59 INFO: Username: admin@sonyx.net
1239 121106 19:51:59 INFO: 

Started GET "/r/4f9d8658e90a3e21dd000006/relations_to/Tagging" for 195.176.181.30 at 2012-11-06 19:51:59 +0000
1270 121106 19:51:59 INFO: 

Started GET "/r/4f9d874ee90a3e2241000002/relations_to/Tagging" for 195.176.181.30 at 2012-11-06 19:51:59 +0000
1239 121106 19:51:59 INFO:   Processing by RController#relations_to as JSON
1239 121106 19:51:59 INFO:   Parameters: {"id"=>"4f9d8658e90a3e21dd000006", "type"=>"Tagging"}
1270 121106 19:51:59 INFO:   Processing by RController#relations_to as JSON
1270 121106 19:51:59 INFO:   Parameters: {"id"=>"4f9d874ee90a3e2241000002", "type"=>"Tagging"}
1239 121106 19:51:59 INFO: Username: admin@sonyx.net
1270 121106 19:51:59 INFO: Username: admin@sonyx.net
1249 121106 19:51:59 INFO: Completed 200 OK in 18ms (Views: 0.2ms)
1239 121106 19:51:59 INFO: Completed 200 OK in 12ms (Views: 0.2ms)
1270 121106 19:51:59 INFO: Completed 200 OK in 11ms (Views: 0.2ms)
1239 121106 19:51:59 INFO: 

Started GET "/r/4f9d8761e90a3e21dd000018/relations_to/Tagging" for 195.176.181.30 at 2012-11-06 19:51:59 +0000
1270 121106 19:51:59 INFO: 

Started GET "/r/4f9d8754e90a3e2241000004/relations_to/Tagging" for 195.176.181.30 at 2012-11-06 19:51:59 +0000
1249 121106 19:51:59 INFO: 

Started GET "/r/4f9d8765e90a3e21dd00001a/relations_to/Tagging" for 195.176.181.30 at 2012-11-06 19:51:59 +0000
1239 121106 19:51:59 INFO:   Processing by RController#relations_to as JSON
1270 121106 19:51:59 INFO:   Processing by RController#relations_to as JSON
1239 121106 19:51:59 INFO:   Parameters: {"id"=>"4f9d8761e90a3e21dd000018", "type"=>"Tagging"}
1270 121106 19:51:59 INFO:   Parameters: {"id"=>"4f9d8754e90a3e2241000004", "type"=>"Tagging"}
1249 121106 19:51:59 INFO:   Processing by RController#relations_to as JSON
1249 121106 19:51:59 INFO:   Parameters: {"id"=>"4f9d8765e90a3e21dd00001a", "type"=>"Tagging"}
1239 121106 19:51:59 INFO: Username: admin@sonyx.net
1270 121106 19:51:59 INFO: Username: admin@sonyx.net
1249 121106 19:51:59 INFO: Username: admin@sonyx.net
1270 121106 19:51:59 INFO: Completed 200 OK in 11ms (Views: 0.2ms)
1249 121106 19:51:59 INFO: Completed 200 OK in 15ms (Views: 0.2ms)
1239 121106 19:51:59 INFO: Completed 200 OK in 19ms (Views: 1.5ms)
1239 121106 19:51:59 INFO: 

Started GET "/r/4f353aaae97fa8e23200017d" for 195.176.181.30 at 2012-11-06 19:51:59 +0000
1239 121106 19:51:59 INFO:   Processing by RController#show as JSON
1239 121106 19:51:59 INFO:   Parameters: {"id"=>"4f353aaae97fa8e23200017d"}
1239 121106 19:51:59 INFO: Username: admin@sonyx.net
1239 121106 19:51:59 INFO: Completed 200 OK in 7ms (Views: 0.6ms)
1239 121106 19:51:59 INFO: 

Started GET "/r/4f353aaae97fa8e23200017d/related_to/Alternative" for 195.176.181.30 at 2012-11-06 19:51:59 +0000
1239 121106 19:51:59 INFO:   Processing by RController#related_to as JSON
1239 121106 19:51:59 INFO:   Parameters: {"id"=>"4f353aaae97fa8e23200017d", "type"=>"Alternative"}
1239 121106 19:51:59 INFO: Username: admin@sonyx.net
1239 121106 19:51:59 INFO: Completed 200 OK in 65ms (Views: 2.3ms)
1239 121106 19:51:59 INFO: 

Started GET "/r/4f353ac3e97fa8e232000181/relations_from/SolvedBy" for 195.176.181.30 at 2012-11-06 19:51:59 +0000
1239 121106 19:51:59 INFO:   Processing by RController#relations_from as JSON
1239 121106 19:51:59 INFO:   Parameters: {"id"=>"4f353ac3e97fa8e232000181", "type"=>"SolvedBy"}
1239 121106 19:51:59 INFO: Username: admin@sonyx.net
1270 121106 19:51:59 INFO: 

Started GET "/r/4f353b44e97fa8e232000185/relations_from/SolvedBy" for 195.176.181.30 at 2012-11-06 19:51:59 +0000
1249 121106 19:51:59 INFO: 

Started GET "/r/4f353b38e97fa8e232000183/relations_from/SolvedBy" for 195.176.181.30 at 2012-11-06 19:51:59 +0000
1270 121106 19:51:59 INFO:   Processing by RController#relations_from as JSON
1287 121106 19:51:59 INFO:   Processing by RController#relations_from as JSON
1270 121106 19:51:59 INFO:   Parameters: {"id"=>"4f353b44e97fa8e232000185", "type"=>"SolvedBy"}
1287 121106 19:51:59 INFO:   Parameters: {"id"=>"4f353b83e97fa8e23200018d", "type"=>"SolvedBy"}
1239 121106 19:51:59 INFO: Completed 200 OK in 63ms (Views: 1.3ms)
1287 121106 19:51:59 INFO: Username: admin@sonyx.net
1249 121106 19:51:59 INFO:   Processing by RController#relations_from as JSON
1270 121106 19:51:59 INFO: Username: admin@sonyx.net
1249 121106 19:51:59 INFO:   Parameters: {"id"=>"4f353b38e97fa8e232000183", "type"=>"SolvedBy"}
1239 121106 19:51:59 INFO: 

Started GET "/r/4f353b52e97fa8e232000187/relations_from/SolvedBy" for 195.176.181.30 at 2012-11-06 19:51:59 +0000
1239 121106 19:51:59 INFO:   Processing by RController#relations_from as JSON
1239 121106 19:51:59 INFO:   Parameters: {"id"=>"4f353b52e97fa8e232000187", "type"=>"SolvedBy"}
1239 121106 19:51:59 INFO: Username: admin@sonyx.net
1279 121106 19:51:59 INFO:   Processing by RController#relations_from as JSON
1279 121106 19:51:59 INFO:   Parameters: {"id"=>"4f353ab5e97fa8e23200017f", "type"=>"SolvedBy"}
1249 121106 19:51:59 INFO: Username: admin@sonyx.net
1279 121106 19:51:59 INFO: Username: admin@sonyx.net
1270 121106 19:51:59 INFO: Completed 200 OK in 44ms (Views: 0.8ms)
1261 121106 19:51:59 INFO:   Processing by RController#related_to as JSON
1261 121106 19:51:59 INFO:   Parameters: {"id"=>"4f9d7386e90a3e1c4d000007", "type"=>"Alternative"}
1261 121106 19:51:59 INFO: Username: admin@sonyx.net
1270 121106 19:51:59 INFO: 

Started GET "/r/4f353b6de97fa8e232000189/relations_from/SolvedBy" for 195.176.181.30 at 2012-11-06 19:51:59 +0000
1239 121106 19:51:59 INFO: Completed 200 OK in 40ms (Views: 0.3ms)
1270 121106 19:51:59 INFO:   Processing by RController#relations_from as JSON
1270 121106 19:51:59 INFO:   Parameters: {"id"=>"4f353b6de97fa8e232000189", "type"=>"SolvedBy"}
1249 121106 19:51:59 INFO: Completed 200 OK in 54ms (Views: 0.7ms)
1239 121106 19:51:59 INFO: 

Started GET "/r/4f353b7ae97fa8e23200018b/relations_from/SolvedBy" for 195.176.181.30 at 2012-11-06 19:51:59 +0000
1239 121106 19:51:59 INFO:   Processing by RController#relations_from as JSON
1239 121106 19:51:59 INFO:   Parameters: {"id"=>"4f353b7ae97fa8e23200018b", "type"=>"SolvedBy"}
1239 121106 19:51:59 INFO: Username: admin@sonyx.net
1270 121106 19:51:59 INFO: Username: admin@sonyx.net
1249 121106 19:51:59 INFO: 

Started GET "/r/4f353ac3e97fa8e232000182/relations_to/Tagging" for 195.176.181.30 at 2012-11-06 19:51:59 +0000
1249 121106 19:51:59 INFO:   Processing by RController#relations_to as JSON
1249 121106 19:51:59 INFO:   Parameters: {"id"=>"4f353ac3e97fa8e232000182", "type"=>"Tagging"}
1279 121106 19:51:59 INFO: Completed 200 OK in 54ms (Views: 21.0ms)
1249 121106 19:51:59 INFO: Username: admin@sonyx.net
1287 121106 19:51:59 INFO: Completed 200 OK in 93ms (Views: 9.6ms)
1239 121106 19:51:59 INFO: Completed 200 OK in 22ms (Views: 0.3ms)
1287 121106 19:51:59 INFO: 

Started GET "/r/4f353b44e97fa8e232000186/relations_to/Tagging" for 195.176.181.30 at 2012-11-06 19:51:59 +0000
1249 121106 19:51:59 INFO: Completed 200 OK in 16ms (Views: 0.2ms)
1249 121106 19:51:59 INFO: 

Started GET "/r/4f353b52e97fa8e232000188/relations_to/Tagging" for 195.176.181.30 at 2012-11-06 19:51:59 +0000
1249 121106 19:51:59 INFO:   Processing by RController#relations_to as JSON
1287 121106 19:51:59 INFO:   Processing by RController#relations_to as JSON
1287 121106 19:51:59 INFO:   Parameters: {"id"=>"4f353b44e97fa8e232000186", "type"=>"Tagging"}
1270 121106 19:51:59 INFO: Completed 200 OK in 37ms (Views: 0.5ms)
1287 121106 19:51:59 INFO: Username: admin@sonyx.net
1239 121106 19:51:59 INFO: 

Started GET "/r/4f353ab5e97fa8e232000180/relations_to/Tagging" for 195.176.181.30 at 2012-11-06 19:51:59 +0000
1249 121106 19:51:59 INFO:   Parameters: {"id"=>"4f353b52e97fa8e232000188", "type"=>"Tagging"}
1239 121106 19:51:59 INFO:   Processing by RController#relations_to as JSON
1239 121106 19:51:59 INFO:   Parameters: {"id"=>"4f353ab5e97fa8e232000180", "type"=>"Tagging"}
1249 121106 19:51:59 INFO: Username: admin@sonyx.net
1270 121106 19:51:59 INFO: 

Started GET "/r/4f353b38e97fa8e232000184/relations_to/Tagging" for 195.176.181.30 at 2012-11-06 19:51:59 +0000
1270 121106 19:51:59 INFO:   Processing by RController#relations_to as JSON
1270 121106 19:51:59 INFO:   Parameters: {"id"=>"4f353b38e97fa8e232000184", "type"=>"Tagging"}
1261 121106 19:51:59 INFO: Completed 200 OK in 66ms (Views: 13.1ms)
1287 121106 19:51:59 INFO: Completed 200 OK in 8ms (Views: 0.5ms)
1239 121106 19:51:59 INFO: Username: admin@sonyx.net
1270 121106 19:51:59 INFO: Username: admin@sonyx.net
1261 121106 19:51:59 INFO: 

Started GET "/r/4f353b83e97fa8e23200018e/relations_to/Tagging" for 195.176.181.30 at 2012-11-06 19:51:59 +0000
1287 121106 19:51:59 INFO: 

Started GET "/r/4f353b7ae97fa8e23200018c/relations_to/Tagging" for 195.176.181.30 at 2012-11-06 19:51:59 +0000
1261 121106 19:51:59 INFO:   Processing by RController#relations_to as JSON
1261 121106 19:51:59 INFO:   Parameters: {"id"=>"4f353b83e97fa8e23200018e", "type"=>"Tagging"}
1270 121106 19:51:59 INFO: Completed 200 OK in 12ms (Views: 0.2ms)
1249 121106 19:51:59 INFO: Completed 200 OK in 16ms (Views: 0.2ms)
1261 121106 19:51:59 INFO: Username: admin@sonyx.net
1249 121106 19:51:59 INFO: 

Started GET "/r/4f353b6de97fa8e23200018a/relations_to/Tagging" for 195.176.181.30 at 2012-11-06 19:51:59 +0000
1249 121106 19:51:59 INFO:   Processing by RController#relations_to as JSON
1249 121106 19:51:59 INFO:   Parameters: {"id"=>"4f353b6de97fa8e23200018a", "type"=>"Tagging"}
1249 121106 19:51:59 INFO: Username: admin@sonyx.net
1287 121106 19:51:59 INFO:   Processing by RController#relations_to as JSON
1287 121106 19:51:59 INFO:   Parameters: {"id"=>"4f353b7ae97fa8e23200018c", "type"=>"Tagging"}
1239 121106 19:51:59 INFO: Completed 200 OK in 22ms (Views: 0.2ms)
1287 121106 19:51:59 INFO: Username: admin@sonyx.net
1261 121106 19:51:59 INFO: Completed 200 OK in 9ms (Views: 0.3ms)
1249 121106 19:51:59 INFO: Completed 200 OK in 8ms (Views: 0.2ms)
1287 121106 19:51:59 INFO: Completed 200 OK in 8ms (Views: 0.1ms)
2087 121106 20:23:14 INFO: 

Started GET "/" for 195.176.181.30 at 2012-11-06 20:23:14 +0000
2087 121106 20:23:14 INFO:   Processing by WelcomeController#index as HTML
2087 121106 20:23:14 INFO: Username: admin@sonyx.net
2087 121106 20:23:14 INFO: Rendered welcome/index.html.erb within layouts/application (2.6ms)
2087 121106 20:23:14 INFO: Completed 200 OK in 13ms (Views: 8.6ms)
2087 121106 20:23:15 INFO: 

Started GET "/scope/type/Decision" for 195.176.181.30 at 2012-11-06 20:23:15 +0000
2087 121106 20:23:15 INFO:   Processing by ScopeController#type as JSON
2087 121106 20:23:15 INFO:   Parameters: {"type_name"=>"Decision"}
2087 121106 20:23:15 INFO: Username: admin@sonyx.net
2087 121106 20:23:15 INFO: Completed 200 OK in 39ms (Views: 5.7ms)
2097 121106 20:23:15 INFO: 

Started GET "/t" for 195.176.181.30 at 2012-11-06 20:23:15 +0000
2097 121106 20:23:15 INFO:   Processing by TController#index as JSON
2097 121106 20:23:15 INFO: Username: admin@sonyx.net
2097 121106 20:23:16 INFO: Completed 200 OK in 556ms (Views: 444.6ms)
2097 121106 20:23:17 INFO: 

Started GET "/projects" for 195.176.181.30 at 2012-11-06 20:23:17 +0000
2097 121106 20:23:17 INFO:   Processing by ProjectsController#index as JSON
2097 121106 20:23:17 INFO: Username: admin@sonyx.net
2097 121106 20:23:18 INFO: Completed 200 OK in 1111ms (Views: 6.3ms)
2097 121106 20:23:27 INFO: 

Started POST "/r" for 195.176.181.30 at 2012-11-06 20:23:27 +0000
2097 121106 20:23:27 INFO:   Processing by RController#create as JSON
2097 121106 20:23:27 INFO:   Parameters: {"name"=>"super new one", "type"=>"Project"}
2097 121106 20:23:27 INFO: Username: admin@sonyx.net
2097 121106 20:23:27 INFO: Completed 200 OK in 19ms (Views: 1.1ms)
2097 121106 20:23:27 INFO: 

Started GET "/projects" for 195.176.181.30 at 2012-11-06 20:23:27 +0000
2097 121106 20:23:27 INFO:   Processing by ProjectsController#index as JSON
2097 121106 20:23:27 INFO: Username: admin@sonyx.net
2097 121106 20:23:28 INFO: Completed 200 OK in 1133ms (Views: 4.9ms)
2097 121106 20:23:29 INFO: 

Started GET "/projects/509971bf924ff80831000001" for 195.176.181.30 at 2012-11-06 20:23:29 +0000
2097 121106 20:23:29 INFO:   Processing by ProjectsController#show as JSON
2097 121106 20:23:29 INFO:   Parameters: {"id"=>"509971bf924ff80831000001"}
2087 121106 20:23:29 INFO: 

Started GET "/r/509971bf924ff80831000001/related_from/Issue" for 195.176.181.30 at 2012-11-06 20:23:29 +0000
2097 121106 20:23:29 INFO: Username: admin@sonyx.net
2097 121106 20:23:29 INFO: Completed 200 OK in 5ms (Views: 0.3ms)
2087 121106 20:23:29 INFO:   Processing by RController#related_from as JSON
2087 121106 20:23:29 INFO:   Parameters: {"id"=>"509971bf924ff80831000001", "type"=>"Issue"}
2087 121106 20:23:29 INFO: Username: admin@sonyx.net
2087 121106 20:23:29 INFO: Completed 200 OK in 10ms (Views: 1.7ms)
2087 121106 20:23:32 INFO: 

Started POST "/r" for 195.176.181.30 at 2012-11-06 20:23:32 +0000
2087 121106 20:23:32 INFO:   Processing by RController#create as JSON
2087 121106 20:23:32 INFO:   Parameters: {"type"=>"Issue"}
2087 121106 20:23:32 INFO: Username: admin@sonyx.net
2087 121106 20:23:32 INFO: Completed 200 OK in 18ms (Views: 0.4ms)
2087 121106 20:23:32 INFO: 

Started GET "/notify/undefined/name/focused" for 195.176.181.30 at 2012-11-06 20:23:32 +0000
2087 121106 20:23:32 INFO:   Processing by NotifyController#notify as JSON
2087 121106 20:23:32 INFO:   Parameters: {"id"=>"undefined", "attribute"=>"name", "event"=>"focused"}
2087 121106 20:23:32 INFO: Username: admin@sonyx.net
2087 121106 20:23:32 INFO: Completed 500 Internal Server Error in 10ms
2097 121106 20:23:32 INFO: 

Started GET "/r/509971c4924ff80827000001/related_to/Alternative" for 195.176.181.30 at 2012-11-06 20:23:32 +0000
2097 121106 20:23:32 INFO:   Processing by RController#related_to as JSON
2097 121106 20:23:32 INFO:   Parameters: {"id"=>"509971c4924ff80827000001", "type"=>"Alternative"}
2097 121106 20:23:32 INFO: Username: admin@sonyx.net
2097 121106 20:23:32 INFO: Completed 200 OK in 14ms (Views: 0.3ms)
2097 121106 20:23:32 INFO: 

Started GET "/r/509971c4924ff80827000001/relations_to" for 195.176.181.30 at 2012-11-06 20:23:32 +0000
2087 121106 20:23:32 FATAL: 
BSON::InvalidObjectId (illegal ObjectId format):
  app/controllers/application_controller.rb:65:in `notify'
  app/controllers/notify_controller.rb:17:in `notify'


2097 121106 20:23:32 INFO:   Processing by RController#relations_to as JSON
2097 121106 20:23:32 INFO:   Parameters: {"id"=>"509971c4924ff80827000001"}
2097 121106 20:23:32 INFO: Username: admin@sonyx.net
2097 121106 20:23:32 INFO: Completed 200 OK in 18ms (Views: 0.3ms)
2109 121106 20:23:32 INFO: 

Started GET "/r/509971c4924ff80827000001/dotag?from_taggable_id=509971bf924ff80831000001" for 195.176.181.30 at 2012-11-06 20:23:32 +0000
2109 121106 20:23:32 INFO:   Processing by TagController#dotag as JSON
2109 121106 20:23:32 INFO:   Parameters: {"from_taggable_id"=>"509971bf924ff80831000001", "item_id"=>"509971c4924ff80827000001"}
2109 121106 20:23:32 INFO: Username: admin@sonyx.net
2109 121106 20:23:32 INFO: Completed 200 OK in 31ms (Views: 5.3ms)
2097 121106 20:23:32 INFO: 

Started GET "/r/509971bf924ff80831000001/related_from/Issue" for 195.176.181.30 at 2012-11-06 20:23:32 +0000
2097 121106 20:23:32 INFO:   Processing by RController#related_from as JSON
2097 121106 20:23:32 INFO:   Parameters: {"id"=>"509971bf924ff80831000001", "type"=>"Issue"}
2097 121106 20:23:32 INFO: Username: admin@sonyx.net
2097 121106 20:23:32 INFO: Completed 200 OK in 10ms (Views: 0.4ms)
2097 121106 20:23:33 INFO: 

Started GET "/r/509971c4924ff80827000001/related_to/Alternative" for 195.176.181.30 at 2012-11-06 20:23:33 +0000
2109 121106 20:23:33 INFO: 

Started GET "/r/509971c4924ff80827000001/relations_to" for 195.176.181.30 at 2012-11-06 20:23:33 +0000
2097 121106 20:23:33 INFO:   Processing by RController#related_to as JSON
2097 121106 20:23:33 INFO:   Parameters: {"id"=>"509971c4924ff80827000001", "type"=>"Alternative"}
2097 121106 20:23:33 INFO: Username: admin@sonyx.net
2109 121106 20:23:33 INFO:   Processing by RController#relations_to as JSON
2109 121106 20:23:33 INFO:   Parameters: {"id"=>"509971c4924ff80827000001"}
2109 121106 20:23:33 INFO: Username: admin@sonyx.net
2097 121106 20:23:33 INFO: Completed 200 OK in 8ms (Views: 0.3ms)
2109 121106 20:23:33 INFO: Completed 200 OK in 16ms (Views: 1.1ms)
2109 121106 20:23:33 INFO: 

Started PUT "/r/509971c4924ff80827000001" for 195.176.181.30 at 2012-11-06 20:23:33 +0000
2109 121106 20:23:33 INFO:   Processing by RController#update as JSON
2109 121106 20:23:33 INFO:   Parameters: {"type"=>"Issue", "name"=>"w", "id"=>"509971c4924ff80827000001", "created_at"=>2012-11-06 20:23:32 +0000, "updated_at"=>2012-11-06 20:23:32 +0000, "Background"=>nil, "Drivers"=>nil, "Status"=>nil, "Recommendation"=>nil}
2109 121106 20:23:33 INFO: Username: admin@sonyx.net
2109 121106 20:23:33 INFO: Completed 200 OK in 9ms (Views: 0.5ms)
2109 121106 20:23:33 INFO: 

Started GET "/r/509971c4924ff80827000001/related_to/Alternative" for 195.176.181.30 at 2012-11-06 20:23:33 +0000
2097 121106 20:23:33 INFO: 

Started GET "/r/509971c4924ff80827000001/relations_to" for 195.176.181.30 at 2012-11-06 20:23:33 +0000
2097 121106 20:23:33 INFO:   Processing by RController#relations_to as JSON
2097 121106 20:23:33 INFO:   Parameters: {"id"=>"509971c4924ff80827000001"}
2097 121106 20:23:33 INFO: Username: admin@sonyx.net
2109 121106 20:23:33 INFO:   Processing by RController#related_to as JSON
2109 121106 20:23:33 INFO:   Parameters: {"id"=>"509971c4924ff80827000001", "type"=>"Alternative"}
2109 121106 20:23:33 INFO: Username: admin@sonyx.net
2109 121106 20:23:33 INFO: Completed 200 OK in 9ms (Views: 0.2ms)
2097 121106 20:23:33 INFO: Completed 200 OK in 15ms (Views: 0.3ms)
2097 121106 20:23:33 INFO: 

Started GET "/r/509971c4924ff80827000001/related_to/Alternative" for 195.176.181.30 at 2012-11-06 20:23:33 +0000
2109 121106 20:23:33 INFO: 

Started GET "/r/509971c4924ff80827000001/relations_to" for 195.176.181.30 at 2012-11-06 20:23:33 +0000
2097 121106 20:23:33 INFO:   Processing by RController#related_to as JSON
2097 121106 20:23:33 INFO:   Parameters: {"id"=>"509971c4924ff80827000001", "type"=>"Alternative"}
2097 121106 20:23:33 INFO: Username: admin@sonyx.net
2087 121106 20:23:33 INFO: 

Started PUT "/r/509971c4924ff80827000001" for 195.176.181.30 at 2012-11-06 20:23:33 +0000
2109 121106 20:23:33 INFO:   Processing by RController#relations_to as JSON
2109 121106 20:23:33 INFO:   Parameters: {"id"=>"509971c4924ff80827000001"}
2109 121106 20:23:33 INFO: Username: admin@sonyx.net
2097 121106 20:23:33 INFO: Completed 200 OK in 8ms (Views: 0.1ms)
2087 121106 20:23:33 INFO:   Processing by RController#update as JSON
2087 121106 20:23:33 INFO:   Parameters: {"type"=>"Issue", "name"=>"with&nbsp;", "id"=>"509971c4924ff80827000001", "created_at"=>2012-11-06 20:23:32 +0000, "updated_at"=>2012-11-06 20:23:33 +0000, "Background"=>nil, "Drivers"=>nil, "Status"=>nil, "Recommendation"=>nil}
2087 121106 20:23:33 INFO: Username: admin@sonyx.net
2109 121106 20:23:33 INFO: Completed 200 OK in 15ms (Views: 0.5ms)
2087 121106 20:23:33 INFO: Completed 200 OK in 10ms (Views: 0.4ms)
2087 121106 20:23:34 INFO: 

Started GET "/r/509971c4924ff80827000001/related_to/Alternative" for 195.176.181.30 at 2012-11-06 20:23:34 +0000
2109 121106 20:23:34 INFO: 

Started GET "/r/509971c4924ff80827000001/relations_to" for 195.176.181.30 at 2012-11-06 20:23:34 +0000
2097 121106 20:23:34 INFO: 

Started PUT "/r/509971c4924ff80827000001" for 195.176.181.30 at 2012-11-06 20:23:34 +0000
2109 121106 20:23:34 INFO:   Processing by RController#relations_to as JSON
2109 121106 20:23:34 INFO:   Parameters: {"id"=>"509971c4924ff80827000001"}
2109 121106 20:23:34 INFO: Username: admin@sonyx.net
2087 121106 20:23:34 INFO:   Processing by RController#related_to as JSON
2097 121106 20:23:34 INFO:   Processing by RController#update as JSON
2087 121106 20:23:34 INFO:   Parameters: {"id"=>"509971c4924ff80827000001", "type"=>"Alternative"}
2097 121106 20:23:34 INFO:   Parameters: {"type"=>"Issue", "name"=>"with so", "id"=>"509971c4924ff80827000001", "created_at"=>2012-11-06 20:23:32 +0000, "updated_at"=>2012-11-06 20:23:33 +0000, "Background"=>nil, "Drivers"=>nil, "Status"=>nil, "Recommendation"=>nil}
2087 121106 20:23:34 INFO: Username: admin@sonyx.net
2097 121106 20:23:34 INFO: Username: admin@sonyx.net
2097 121106 20:23:34 INFO: Completed 200 OK in 10ms (Views: 0.4ms)
2087 121106 20:23:34 INFO: Completed 200 OK in 13ms (Views: 0.2ms)
2109 121106 20:23:34 INFO: Completed 200 OK in 20ms (Views: 0.3ms)
2109 121106 20:23:34 INFO: 

Started GET "/r/509971c4924ff80827000001/related_to/Alternative" for 195.176.181.30 at 2012-11-06 20:23:34 +0000
2109 121106 20:23:34 INFO:   Processing by RController#related_to as JSON
2109 121106 20:23:34 INFO:   Parameters: {"id"=>"509971c4924ff80827000001", "type"=>"Alternative"}
2087 121106 20:23:34 INFO: 

Started GET "/r/509971c4924ff80827000001/relations_to" for 195.176.181.30 at 2012-11-06 20:23:34 +0000
2109 121106 20:23:34 INFO: Username: admin@sonyx.net
2087 121106 20:23:34 INFO:   Processing by RController#relations_to as JSON
2087 121106 20:23:34 INFO:   Parameters: {"id"=>"509971c4924ff80827000001"}
2087 121106 20:23:34 INFO: Username: admin@sonyx.net
2109 121106 20:23:34 INFO: Completed 200 OK in 8ms (Views: 0.3ms)
2087 121106 20:23:34 INFO: Completed 200 OK in 50ms (Views: 0.4ms)
2087 121106 20:23:34 INFO: 

Started GET "/r/509971c4924ff80827000001/related_to/Alternative" for 195.176.181.30 at 2012-11-06 20:23:34 +0000
2109 121106 20:23:34 INFO: 

Started GET "/r/509971c4924ff80827000001/relations_to" for 195.176.181.30 at 2012-11-06 20:23:34 +0000
2097 121106 20:23:34 INFO: 

Started PUT "/r/509971c4924ff80827000001" for 195.176.181.30 at 2012-11-06 20:23:34 +0000
2109 121106 20:23:34 INFO:   Processing by RController#relations_to as JSON
2109 121106 20:23:34 INFO:   Parameters: {"id"=>"509971c4924ff80827000001"}
2109 121106 20:23:34 INFO: Username: admin@sonyx.net
2087 121106 20:23:34 INFO:   Processing by RController#related_to as JSON
2087 121106 20:23:34 INFO:   Parameters: {"id"=>"509971c4924ff80827000001", "type"=>"Alternative"}
2097 121106 20:23:34 INFO:   Processing by RController#update as JSON
2087 121106 20:23:34 INFO: Username: admin@sonyx.net
2097 121106 20:23:34 INFO:   Parameters: {"type"=>"Issue", "name"=>"with some i", "id"=>"509971c4924ff80827000001", "created_at"=>2012-11-06 20:23:32 +0000, "updated_at"=>2012-11-06 20:23:34 +0000, "Background"=>nil, "Drivers"=>nil, "Status"=>nil, "Recommendation"=>nil}
2097 121106 20:23:34 INFO: Username: admin@sonyx.net
2097 121106 20:23:34 INFO: Completed 200 OK in 7ms (Views: 0.3ms)
2109 121106 20:23:34 INFO: Completed 200 OK in 16ms (Views: 0.3ms)
2087 121106 20:23:34 INFO: Completed 200 OK in 13ms (Views: 0.2ms)
2087 121106 20:23:35 INFO: 

Started GET "/r/509971c4924ff80827000001/related_to/Alternative" for 195.176.181.30 at 2012-11-06 20:23:35 +0000
2109 121106 20:23:35 INFO: 

Started GET "/r/509971c4924ff80827000001/relations_to" for 195.176.181.30 at 2012-11-06 20:23:35 +0000
2097 121106 20:23:35 INFO: 

Started PUT "/r/509971c4924ff80827000001" for 195.176.181.30 at 2012-11-06 20:23:35 +0000
2087 121106 20:23:35 INFO:   Processing by RController#related_to as JSON
2087 121106 20:23:35 INFO:   Parameters: {"id"=>"509971c4924ff80827000001", "type"=>"Alternative"}
2109 121106 20:23:35 INFO:   Processing by RController#relations_to as JSON
2109 121106 20:23:35 INFO:   Parameters: {"id"=>"509971c4924ff80827000001"}
2087 121106 20:23:35 INFO: Username: admin@sonyx.net
2097 121106 20:23:35 INFO:   Processing by RController#update as JSON
2097 121106 20:23:35 INFO:   Parameters: {"type"=>"Issue", "name"=>"with some issue", "id"=>"509971c4924ff80827000001", "created_at"=>2012-11-06 20:23:32 +0000, "updated_at"=>2012-11-06 20:23:34 +0000, "Background"=>nil, "Drivers"=>nil, "Status"=>nil, "Recommendation"=>nil}
2109 121106 20:23:35 INFO: Username: admin@sonyx.net
2097 121106 20:23:35 INFO: Username: admin@sonyx.net
2087 121106 20:23:35 INFO: Completed 200 OK in 12ms (Views: 0.1ms)
2097 121106 20:23:35 INFO: Completed 200 OK in 24ms (Views: 1.8ms)
2109 121106 20:23:35 INFO: Completed 200 OK in 34ms (Views: 0.5ms)
2109 121106 20:23:35 INFO: 

Started GET "/r/509971c4924ff80827000001/related_to/Alternative" for 195.176.181.30 at 2012-11-06 20:23:35 +0000
2109 121106 20:23:35 INFO:   Processing by RController#related_to as JSON
2097 121106 20:23:35 INFO: 

Started GET "/r/509971c4924ff80827000001/relations_to" for 195.176.181.30 at 2012-11-06 20:23:35 +0000
2109 121106 20:23:35 INFO:   Parameters: {"id"=>"509971c4924ff80827000001", "type"=>"Alternative"}
2097 121106 20:23:35 INFO:   Processing by RController#relations_to as JSON
2097 121106 20:23:35 INFO:   Parameters: {"id"=>"509971c4924ff80827000001"}
2109 121106 20:23:35 INFO: Username: admin@sonyx.net
2097 121106 20:23:35 INFO: Username: admin@sonyx.net
2109 121106 20:23:35 INFO: Completed 200 OK in 10ms (Views: 0.2ms)
2097 121106 20:23:35 INFO: Completed 200 OK in 14ms (Views: 0.3ms)
2097 121106 20:23:35 INFO: 

Started GET "/r/509971c4924ff80827000001/related_to/Alternative" for 195.176.181.30 at 2012-11-06 20:23:35 +0000
2109 121106 20:23:35 INFO: 

Started GET "/r/509971c4924ff80827000001/relations_to" for 195.176.181.30 at 2012-11-06 20:23:35 +0000
2087 121106 20:23:35 INFO: 

Started PUT "/r/509971c4924ff80827000001" for 195.176.181.30 at 2012-11-06 20:23:35 +0000
2097 121106 20:23:35 INFO:   Processing by RController#related_to as JSON
2109 121106 20:23:35 INFO:   Processing by RController#relations_to as JSON
2097 121106 20:23:35 INFO:   Parameters: {"id"=>"509971c4924ff80827000001", "type"=>"Alternative"}
2109 121106 20:23:35 INFO:   Parameters: {"id"=>"509971c4924ff80827000001"}
2087 121106 20:23:35 INFO:   Processing by RController#update as JSON
2097 121106 20:23:35 INFO: Username: admin@sonyx.net
2109 121106 20:23:35 INFO: Username: admin@sonyx.net
2087 121106 20:23:35 INFO:   Parameters: {"type"=>"Issue", "name"=>"with some issues!", "id"=>"509971c4924ff80827000001", "created_at"=>2012-11-06 20:23:32 +0000, "updated_at"=>2012-11-06 20:23:35 +0000, "Background"=>nil, "Drivers"=>nil, "Status"=>nil, "Recommendation"=>nil}
2087 121106 20:23:35 INFO: Username: admin@sonyx.net
2087 121106 20:23:35 INFO: Completed 200 OK in 7ms (Views: 0.3ms)
2097 121106 20:23:35 INFO: Completed 200 OK in 14ms (Views: 0.2ms)
2109 121106 20:23:35 INFO: Completed 200 OK in 18ms (Views: 0.3ms)
2109 121106 20:23:36 INFO: 

Started GET "/r/509971c4924ff80827000001/related_to/Alternative" for 195.176.181.30 at 2012-11-06 20:23:36 +0000
2097 121106 20:23:36 INFO: 

Started GET "/r/509971c4924ff80827000001/relations_to" for 195.176.181.30 at 2012-11-06 20:23:36 +0000
2087 121106 20:23:36 INFO: 

Started PUT "/r/509971c4924ff80827000001" for 195.176.181.30 at 2012-11-06 20:23:36 +0000
2097 121106 20:23:36 INFO:   Processing by RController#relations_to as JSON
2109 121106 20:23:36 INFO:   Processing by RController#related_to as JSON
2097 121106 20:23:36 INFO:   Parameters: {"id"=>"509971c4924ff80827000001"}
2109 121106 20:23:36 INFO:   Parameters: {"id"=>"509971c4924ff80827000001", "type"=>"Alternative"}
2087 121106 20:23:36 INFO:   Processing by RController#update as JSON
2097 121106 20:23:36 INFO: Username: admin@sonyx.net
2087 121106 20:23:36 INFO:   Parameters: {"type"=>"Issue", "name"=>"with some issues", "id"=>"509971c4924ff80827000001", "created_at"=>2012-11-06 20:23:32 +0000, "updated_at"=>2012-11-06 20:23:35 +0000, "Background"=>nil, "Drivers"=>nil, "Status"=>nil, "Recommendation"=>nil}
2109 121106 20:23:36 INFO: Username: admin@sonyx.net
2087 121106 20:23:36 INFO: Username: admin@sonyx.net
2087 121106 20:23:36 INFO: Completed 200 OK in 7ms (Views: 1.1ms)
2109 121106 20:23:36 INFO: Completed 200 OK in 11ms (Views: 0.2ms)
2097 121106 20:23:36 INFO: Completed 200 OK in 16ms (Views: 0.3ms)
2097 121106 20:23:36 INFO: 

Started GET "/r/509971c4924ff80827000001/related_to/Alternative" for 195.176.181.30 at 2012-11-06 20:23:36 +0000
2097 121106 20:23:36 INFO:   Processing by RController#related_to as JSON
2097 121106 20:23:36 INFO:   Parameters: {"id"=>"509971c4924ff80827000001", "type"=>"Alternative"}
2097 121106 20:23:36 INFO: Username: admin@sonyx.net
2109 121106 20:23:36 INFO: 

Started GET "/r/509971c4924ff80827000001/relations_to" for 195.176.181.30 at 2012-11-06 20:23:36 +0000
2109 121106 20:23:37 INFO:   Processing by RController#relations_to as JSON
2109 121106 20:23:37 INFO:   Parameters: {"id"=>"509971c4924ff80827000001"}
2109 121106 20:23:37 INFO: Username: admin@sonyx.net
2097 121106 20:23:37 INFO: Completed 200 OK in 8ms (Views: 0.1ms)
2109 121106 20:23:37 INFO: Completed 200 OK in 14ms (Views: 0.3ms)
2109 121106 20:23:38 INFO: 

Started GET "/r/509971c4924ff80827000001/related_to/Alternative" for 195.176.181.30 at 2012-11-06 20:23:38 +0000
2109 121106 20:23:38 INFO:   Processing by RController#related_to as JSON
2109 121106 20:23:38 INFO:   Parameters: {"id"=>"509971c4924ff80827000001", "type"=>"Alternative"}
2109 121106 20:23:38 INFO: Username: admin@sonyx.net
2097 121106 20:23:38 INFO: 

Started GET "/r/509971c4924ff80827000001/relations_to" for 195.176.181.30 at 2012-11-06 20:23:38 +0000
2097 121106 20:23:38 INFO:   Processing by RController#relations_to as JSON
2097 121106 20:23:38 INFO:   Parameters: {"id"=>"509971c4924ff80827000001"}
2087 121106 20:23:38 INFO: 

Started PUT "/r/509971c4924ff80827000001" for 195.176.181.30 at 2012-11-06 20:23:38 +0000
2097 121106 20:23:38 INFO: Username: admin@sonyx.net
2087 121106 20:23:38 INFO:   Processing by RController#update as JSON
2087 121106 20:23:38 INFO:   Parameters: {"type"=>"Issue", "name"=>"with some issue", "id"=>"509971c4924ff80827000001", "created_at"=>2012-11-06 20:23:32 +0000, "updated_at"=>2012-11-06 20:23:36 +0000, "Background"=>nil, "Drivers"=>nil, "Status"=>nil, "Recommendation"=>nil}
2109 121106 20:23:38 INFO: Completed 200 OK in 10ms (Views: 0.1ms)
2087 121106 20:23:38 INFO: Username: admin@sonyx.net
2087 121106 20:23:38 INFO: Completed 200 OK in 7ms (Views: 0.3ms)
2097 121106 20:23:38 INFO: Completed 200 OK in 14ms (Views: 0.3ms)
2097 121106 20:23:38 INFO: 

Started GET "/r/509971c4924ff80827000001/relations_to" for 195.176.181.30 at 2012-11-06 20:23:38 +0000
2087 121106 20:23:38 INFO: 

Started GET "/r/509971c4924ff80827000001/related_to/Alternative" for 195.176.181.30 at 2012-11-06 20:23:38 +0000
2097 121106 20:23:38 INFO:   Processing by RController#relations_to as JSON
2087 121106 20:23:38 INFO:   Processing by RController#related_to as JSON
2097 121106 20:23:38 INFO:   Parameters: {"id"=>"509971c4924ff80827000001"}
2087 121106 20:23:38 INFO:   Parameters: {"id"=>"509971c4924ff80827000001", "type"=>"Alternative"}
2097 121106 20:23:38 INFO: Username: admin@sonyx.net
2087 121106 20:23:38 INFO: Username: admin@sonyx.net
2087 121106 20:23:38 INFO: Completed 200 OK in 9ms (Views: 0.1ms)
2097 121106 20:23:38 INFO: Completed 200 OK in 14ms (Views: 0.4ms)
2097 121106 20:23:38 INFO: 

Started GET "/r/509971c4924ff80827000001/related_to/Alternative" for 195.176.181.30 at 2012-11-06 20:23:38 +0000
2087 121106 20:23:38 INFO: 

Started GET "/r/509971c4924ff80827000001/relations_to" for 195.176.181.30 at 2012-11-06 20:23:38 +0000
2109 121106 20:23:38 INFO: 

Started PUT "/r/509971c4924ff80827000001" for 195.176.181.30 at 2012-11-06 20:23:38 +0000
2097 121106 20:23:38 INFO:   Processing by RController#related_to as JSON
2097 121106 20:23:38 INFO:   Parameters: {"id"=>"509971c4924ff80827000001", "type"=>"Alternative"}
2087 121106 20:23:38 INFO:   Processing by RController#relations_to as JSON
2087 121106 20:23:38 INFO:   Parameters: {"id"=>"509971c4924ff80827000001"}
2097 121106 20:23:38 INFO: Username: admin@sonyx.net
2109 121106 20:23:38 INFO:   Processing by RController#update as JSON
2109 121106 20:23:38 INFO:   Parameters: {"type"=>"Issue", "name"=>"with some issue<div><br></div>", "id"=>"509971c4924ff80827000001", "created_at"=>2012-11-06 20:23:32 +0000, "updated_at"=>2012-11-06 20:23:38 +0000, "Background"=>nil, "Drivers"=>nil, "Status"=>nil, "Recommendation"=>nil}
2087 121106 20:23:38 INFO: Username: admin@sonyx.net
2109 121106 20:23:38 INFO: Username: admin@sonyx.net
2097 121106 20:23:38 INFO: Completed 200 OK in 10ms (Views: 0.1ms)
2109 121106 20:23:38 INFO: Completed 200 OK in 8ms (Views: 0.3ms)
2087 121106 20:23:38 INFO: Completed 200 OK in 16ms (Views: 0.3ms)
2087 121106 20:23:39 INFO: 

Started GET "/r/509971c4924ff80827000001/related_to/Alternative" for 195.176.181.30 at 2012-11-06 20:23:39 +0000
2109 121106 20:23:39 INFO: 

Started GET "/r/509971c4924ff80827000001/relations_to" for 195.176.181.30 at 2012-11-06 20:23:39 +0000
2097 121106 20:23:39 INFO: 

Started PUT "/r/509971c4924ff80827000001" for 195.176.181.30 at 2012-11-06 20:23:39 +0000
2087 121106 20:23:39 INFO:   Processing by RController#related_to as JSON
2087 121106 20:23:39 INFO:   Parameters: {"id"=>"509971c4924ff80827000001", "type"=>"Alternative"}
2109 121106 20:23:39 INFO:   Processing by RController#relations_to as JSON
2109 121106 20:23:39 INFO:   Parameters: {"id"=>"509971c4924ff80827000001"}
2087 121106 20:23:39 INFO: Username: admin@sonyx.net
2097 121106 20:23:39 INFO:   Processing by RController#update as JSON
2109 121106 20:23:39 INFO: Username: admin@sonyx.net
2097 121106 20:23:39 INFO:   Parameters: {"type"=>"Issue", "name"=>"with some issue", "id"=>"509971c4924ff80827000001", "created_at"=>2012-11-06 20:23:32 +0000, "updated_at"=>2012-11-06 20:23:38 +0000, "Background"=>nil, "Drivers"=>nil, "Status"=>nil, "Recommendation"=>nil}
2097 121106 20:23:39 INFO: Username: admin@sonyx.net
2087 121106 20:23:39 INFO: Completed 200 OK in 10ms (Views: 0.2ms)
2097 121106 20:23:39 INFO: Completed 200 OK in 8ms (Views: 0.4ms)
2109 121106 20:23:39 INFO: Completed 200 OK in 15ms (Views: 0.5ms)
2109 121106 20:23:39 INFO: 

Started GET "/r/509971c4924ff80827000001/relations_to" for 195.176.181.30 at 2012-11-06 20:23:39 +0000
2097 121106 20:23:39 INFO: 

Started GET "/r/509971c4924ff80827000001/related_to/Alternative" for 195.176.181.30 at 2012-11-06 20:23:39 +0000
2097 121106 20:23:39 INFO:   Processing by RController#related_to as JSON
2109 121106 20:23:39 INFO:   Processing by RController#relations_to as JSON
2097 121106 20:23:39 INFO:   Parameters: {"id"=>"509971c4924ff80827000001", "type"=>"Alternative"}
2109 121106 20:23:39 INFO:   Parameters: {"id"=>"509971c4924ff80827000001"}
2097 121106 20:23:39 INFO: Username: admin@sonyx.net
2109 121106 20:23:39 INFO: Username: admin@sonyx.net
2097 121106 20:23:39 INFO: Completed 200 OK in 8ms (Views: 0.1ms)
2109 121106 20:23:39 INFO: Completed 200 OK in 14ms (Views: 0.3ms)
2109 121106 20:23:41 INFO: 

Started GET "/" for 195.176.181.30 at 2012-11-06 20:23:41 +0000
2109 121106 20:23:41 INFO:   Processing by WelcomeController#index as HTML
2109 121106 20:23:41 INFO: Username: admin@sonyx.net
2109 121106 20:23:41 INFO: Rendered welcome/index.html.erb within layouts/application (3.7ms)
2109 121106 20:23:41 INFO: Completed 200 OK in 14ms (Views: 11.9ms)
2109 121106 20:23:41 INFO: 

Started GET "/scope/type/Decision" for 195.176.181.30 at 2012-11-06 20:23:41 +0000
2109 121106 20:23:41 INFO:   Processing by ScopeController#type as JSON
2109 121106 20:23:41 INFO:   Parameters: {"type_name"=>"Decision"}
2109 121106 20:23:41 INFO: Username: admin@sonyx.net
2097 121106 20:23:41 INFO: 

Started GET "/t" for 195.176.181.30 at 2012-11-06 20:23:41 +0000
2097 121106 20:23:41 INFO:   Processing by TController#index as JSON
2097 121106 20:23:41 INFO: Username: admin@sonyx.net
2109 121106 20:23:41 INFO: Completed 200 OK in 53ms (Views: 1.7ms)
2097 121106 20:23:41 INFO: Completed 200 OK in 535ms (Views: 428.7ms)
2097 121106 20:23:43 INFO: 

Started GET "/projects" for 195.176.181.30 at 2012-11-06 20:23:43 +0000
2097 121106 20:23:43 INFO:   Processing by ProjectsController#index as JSON
2097 121106 20:23:43 INFO: Username: admin@sonyx.net
2097 121106 20:23:44 INFO: Completed 200 OK in 1127ms (Views: 4.9ms)
2097 121106 20:23:45 INFO: 

Started GET "/r/509971bf924ff80831000001/related_from/Issue" for 195.176.181.30 at 2012-11-06 20:23:45 +0000
2109 121106 20:23:45 INFO: 

Started GET "/projects/509971bf924ff80831000001" for 195.176.181.30 at 2012-11-06 20:23:45 +0000
2097 121106 20:23:45 INFO:   Processing by RController#related_from as JSON
2097 121106 20:23:45 INFO:   Parameters: {"id"=>"509971bf924ff80831000001", "type"=>"Issue"}
2097 121106 20:23:45 INFO: Username: admin@sonyx.net
2109 121106 20:23:45 INFO:   Processing by ProjectsController#show as JSON
2109 121106 20:23:45 INFO:   Parameters: {"id"=>"509971bf924ff80831000001"}
2109 121106 20:23:45 INFO: Username: admin@sonyx.net
2097 121106 20:23:45 INFO: Completed 200 OK in 9ms (Views: 0.4ms)
2109 121106 20:23:45 INFO: Completed 200 OK in 6ms (Views: 1.6ms)
2109 121106 20:23:47 INFO: 

Started GET "/r/509971c4924ff80827000001/related_to/Alternative" for 195.176.181.30 at 2012-11-06 20:23:47 +0000
2109 121106 20:23:47 INFO:   Processing by RController#related_to as JSON
2109 121106 20:23:47 INFO:   Parameters: {"id"=>"509971c4924ff80827000001", "type"=>"Alternative"}
2109 121106 20:23:47 INFO: Username: admin@sonyx.net
2109 121106 20:23:47 INFO: Completed 200 OK in 7ms (Views: 0.2ms)
