6680 130413 09:14:37 INFO: 

Started GET "/" for 188.155.155.2 at 2013-04-13 09:14:37 +0000
6680 130413 09:14:37 INFO:   Processing by WelcomeController#index as HTML
6680 130413 09:14:37 INFO: Username: Ievgenii
6680 130413 09:14:37 INFO: Rendered welcome/index.html.erb within layouts/application (3.9ms)
6680 130413 09:14:37 INFO: Completed 200 OK in 11ms (Views: 8.7ms)
6680 130413 09:14:39 INFO: 

Started GET "/updates/1365761972" for 188.155.155.2 at 2013-04-13 09:14:39 +0000
6680 130413 09:14:39 INFO:   Processing by NotifyController#stamped as 
6680 130413 09:14:39 INFO:   Parameters: {"stamp"=>"1365761972"}
6680 130413 09:14:39 INFO: Username: Ievgenii
6680 130413 09:14:39 INFO: Completed 200 OK in 15ms (Views: 10.8ms)
6680 130413 09:14:40 INFO: 

Started GET "/scope/type/Decision" for 188.155.155.2 at 2013-04-13 09:14:40 +0000
6680 130413 09:14:40 INFO:   Processing by ScopeController#type as JSON
6680 130413 09:14:40 INFO:   Parameters: {"type_name"=>"Decision"}
6680 130413 09:14:40 INFO: Username: Ievgenii
6680 130413 09:14:40 INFO: Completed 200 OK in 9ms (Views: 1.7ms)
6680 130413 09:14:40 INFO: 

Started GET "/t" for 188.155.155.2 at 2013-04-13 09:14:40 +0000
6680 130413 09:14:40 INFO:   Processing by TController#index as JSON
6680 130413 09:14:40 INFO: Username: Ievgenii
6680 130413 09:14:40 INFO: Completed 200 OK in 87ms (Views: 4.9ms)
6680 130413 09:14:40 INFO: 

Started GET "/tags" for 188.155.155.2 at 2013-04-13 09:14:40 +0000
6680 130413 09:14:40 INFO:   Processing by TagsController#index as JSON
6680 130413 09:14:40 INFO: Username: Ievgenii
6680 130413 09:14:40 INFO: Completed 200 OK in 220ms (Views: 34.2ms)
6680 130413 09:14:40 INFO: 

Started GET "/r/5166ce29da300c1e29000070/relations_from" for 188.155.155.2 at 2013-04-13 09:14:40 +0000
6680 130413 09:14:40 INFO:   Processing by RController#relations_from as JSON
6680 130413 09:14:40 INFO:   Parameters: {"id"=>"5166ce29da300c1e29000070"}
6680 130413 09:14:40 INFO: Username: Ievgenii
6680 130413 09:14:40 INFO: Completed 200 OK in 51ms (Views: 5.3ms)
6680 130413 09:14:43 INFO: 

Started GET "/r/4fec703df60f944874000001/relations_from" for 188.155.155.2 at 2013-04-13 09:14:43 +0000
6680 130413 09:14:43 INFO:   Processing by RController#relations_from as JSON
6680 130413 09:14:43 INFO:   Parameters: {"id"=>"4fec703df60f944874000001"}
6680 130413 09:14:43 INFO: Username: Ievgenii
6680 130413 09:14:43 INFO: Completed 404 Not Found in 2ms
6680 130413 09:14:43 FATAL: 
Mongoid::Errors::DocumentNotFound (Document not found for class Taggable with id(s) 4fec703df60f944874000001.):
  app/controllers/r_controller.rb:90:in `relations_from'


6680 130413 09:14:43 INFO: 

Started GET "/r/4fec703df60f944874000001" for 188.155.155.2 at 2013-04-13 09:14:43 +0000
6680 130413 09:14:43 INFO:   Processing by RController#show as JSON
6680 130413 09:14:43 INFO:   Parameters: {"id"=>"4fec703df60f944874000001"}
6680 130413 09:14:43 INFO: Username: Ievgenii
6680 130413 09:14:43 INFO: Completed 404 Not Found in 2ms
6680 130413 09:14:43 FATAL: 
Mongoid::Errors::DocumentNotFound (Document not found for class Taggable with id(s) 4fec703df60f944874000001.):
  app/controllers/r_controller.rb:31:in `show'


6680 130413 09:14:43 INFO: 

Started GET "/r/4fec7047f60f944874000003/relations_from" for 188.155.155.2 at 2013-04-13 09:14:43 +0000
6680 130413 09:14:43 INFO:   Processing by RController#relations_from as JSON
6680 130413 09:14:43 INFO:   Parameters: {"id"=>"4fec7047f60f944874000003"}
6680 130413 09:14:43 INFO: Username: Ievgenii
6680 130413 09:14:43 INFO: Completed 404 Not Found in 2ms
6680 130413 09:14:43 FATAL: 
Mongoid::Errors::DocumentNotFound (Document not found for class Taggable with id(s) 4fec7047f60f944874000003.):
  app/controllers/r_controller.rb:90:in `relations_from'


6680 130413 09:14:43 INFO: 

Started GET "/r/4fec7047f60f944874000003" for 188.155.155.2 at 2013-04-13 09:14:43 +0000
6680 130413 09:14:43 INFO:   Processing by RController#show as JSON
6680 130413 09:14:43 INFO:   Parameters: {"id"=>"4fec7047f60f944874000003"}
6680 130413 09:14:43 INFO: Username: Ievgenii
6680 130413 09:14:43 INFO: Completed 404 Not Found in 2ms
6680 130413 09:14:43 FATAL: 
Mongoid::Errors::DocumentNotFound (Document not found for class Taggable with id(s) 4fec7047f60f944874000003.):
  app/controllers/r_controller.rb:31:in `show'


6680 130413 09:14:43 INFO: 

Started GET "/r/4fec707af60f944a56000001/relations_from" for 188.155.155.2 at 2013-04-13 09:14:43 +0000
6680 130413 09:14:43 INFO:   Processing by RController#relations_from as JSON
6680 130413 09:14:43 INFO:   Parameters: {"id"=>"4fec707af60f944a56000001"}
6680 130413 09:14:43 INFO: Username: Ievgenii
6680 130413 09:14:43 INFO: Completed 404 Not Found in 2ms
6680 130413 09:14:43 FATAL: 
Mongoid::Errors::DocumentNotFound (Document not found for class Taggable with id(s) 4fec707af60f944a56000001.):
  app/controllers/r_controller.rb:90:in `relations_from'


6680 130413 09:14:43 INFO: 

Started GET "/r/4fec707af60f944a56000001" for 188.155.155.2 at 2013-04-13 09:14:43 +0000
6680 130413 09:14:43 INFO:   Processing by RController#show as JSON
6680 130413 09:14:43 INFO:   Parameters: {"id"=>"4fec707af60f944a56000001"}
6680 130413 09:14:43 INFO: Username: Ievgenii
6680 130413 09:14:43 INFO: Completed 404 Not Found in 2ms
6680 130413 09:14:43 FATAL: 
Mongoid::Errors::DocumentNotFound (Document not found for class Taggable with id(s) 4fec707af60f944a56000001.):
  app/controllers/r_controller.rb:31:in `show'


6680 130413 09:14:43 INFO: 

Started GET "/r/4fec7051f60f944a68000001/relations_from" for 188.155.155.2 at 2013-04-13 09:14:43 +0000
6680 130413 09:14:43 INFO:   Processing by RController#relations_from as JSON
6680 130413 09:14:43 INFO:   Parameters: {"id"=>"4fec7051f60f944a68000001"}
6680 130413 09:14:43 INFO: Username: Ievgenii
6680 130413 09:14:43 INFO: Completed 404 Not Found in 2ms
6680 130413 09:14:43 FATAL: 
Mongoid::Errors::DocumentNotFound (Document not found for class Taggable with id(s) 4fec7051f60f944a68000001.):
  app/controllers/r_controller.rb:90:in `relations_from'


6680 130413 09:14:43 INFO: 

Started GET "/r/4fec7051f60f944a68000001" for 188.155.155.2 at 2013-04-13 09:14:43 +0000
6680 130413 09:14:43 INFO:   Processing by RController#show as JSON
6680 130413 09:14:43 INFO:   Parameters: {"id"=>"4fec7051f60f944a68000001"}
6680 130413 09:14:43 INFO: Username: Ievgenii
6680 130413 09:14:43 INFO: Completed 404 Not Found in 2ms
6680 130413 09:14:43 FATAL: 
Mongoid::Errors::DocumentNotFound (Document not found for class Taggable with id(s) 4fec7051f60f944a68000001.):
  app/controllers/r_controller.rb:31:in `show'


20598 130413 09:14:50 INFO: 

Started GET "/projects" for 188.155.155.2 at 2013-04-13 09:14:50 +0000
20598 130413 09:14:50 INFO:   Processing by ProjectsController#index as JSON
20598 130413 09:14:50 INFO: Username: Ievgenii
20598 130413 09:14:50 INFO: Completed 200 OK in 139ms (Views: 7.3ms)
20598 130413 09:15:00 INFO: 

Started GET "/projects" for 188.155.155.2 at 2013-04-13 09:15:00 +0000
20598 130413 09:15:00 INFO:   Processing by ProjectsController#index as JSON
20598 130413 09:15:00 INFO: Username: Ievgenii
20598 130413 09:15:00 INFO: Completed 200 OK in 115ms (Views: 1.0ms)
20598 130413 09:15:01 INFO: 

Started GET "/r/5166ccc6da300c1e44000001/relations_from" for 188.155.155.2 at 2013-04-13 09:15:01 +0000
20598 130413 09:15:01 INFO:   Processing by RController#relations_from as JSON
20598 130413 09:15:01 INFO:   Parameters: {"id"=>"5166ccc6da300c1e44000001"}
20598 130413 09:15:01 INFO: Username: Ievgenii
20598 130413 09:15:01 INFO: Completed 200 OK in 87ms (Views: 5.9ms)
20598 130413 09:15:02 INFO: 

Started GET "/r/4f9d831ce90a3e203400000c" for 188.155.155.2 at 2013-04-13 09:15:02 +0000
20598 130413 09:15:02 INFO:   Processing by RController#show as JSON
20598 130413 09:15:02 INFO:   Parameters: {"id"=>"4f9d831ce90a3e203400000c"}
20598 130413 09:15:02 INFO: Username: Ievgenii
20598 130413 09:15:02 INFO: Completed 200 OK in 4ms (Views: 0.4ms)
20598 130413 09:15:02 INFO: 

Started GET "/r/4f9d833be90a3e1fe8000015" for 188.155.155.2 at 2013-04-13 09:15:02 +0000
20598 130413 09:15:02 INFO:   Processing by RController#show as JSON
20598 130413 09:15:02 INFO:   Parameters: {"id"=>"4f9d833be90a3e1fe8000015"}
20598 130413 09:15:02 INFO: Username: Ievgenii
20598 130413 09:15:02 INFO: Completed 200 OK in 3ms (Views: 0.3ms)
20598 130413 09:15:02 INFO: 

Started GET "/r/4f9d835de90a3e1fe8000017" for 188.155.155.2 at 2013-04-13 09:15:02 +0000
20598 130413 09:15:02 INFO:   Processing by RController#show as JSON
20598 130413 09:15:02 INFO:   Parameters: {"id"=>"4f9d835de90a3e1fe8000017"}
20598 130413 09:15:02 INFO: Username: Ievgenii
20598 130413 09:15:02 INFO: Completed 200 OK in 3ms (Views: 0.3ms)
20598 130413 09:15:02 INFO: 

Started GET "/r/4f9d836ce90a3e1fd7000005" for 188.155.155.2 at 2013-04-13 09:15:02 +0000
20598 130413 09:15:02 INFO:   Processing by RController#show as JSON
20598 130413 09:15:02 INFO:   Parameters: {"id"=>"4f9d836ce90a3e1fd7000005"}
20598 130413 09:15:02 INFO: Username: Ievgenii
20598 130413 09:15:02 INFO: Completed 200 OK in 3ms (Views: 0.3ms)
20598 130413 09:15:02 INFO: 

Started GET "/r/4f9d8377e90a3e1fe8000019" for 188.155.155.2 at 2013-04-13 09:15:02 +0000
20598 130413 09:15:02 INFO:   Processing by RController#show as JSON
20598 130413 09:15:02 INFO:   Parameters: {"id"=>"4f9d8377e90a3e1fe8000019"}
20598 130413 09:15:02 INFO: Username: Ievgenii
20598 130413 09:15:02 INFO: Completed 200 OK in 3ms (Views: 0.3ms)
20598 130413 09:15:02 INFO: 

Started GET "/r/4f9d831ce90a3e203400000d/relations_to" for 188.155.155.2 at 2013-04-13 09:15:02 +0000
20598 130413 09:15:02 INFO:   Processing by RController#relations_to as JSON
20598 130413 09:15:02 INFO:   Parameters: {"id"=>"4f9d831ce90a3e203400000d"}
20598 130413 09:15:02 INFO: Username: Ievgenii
20598 130413 09:15:02 INFO: Completed 200 OK in 5ms (Views: 0.4ms)
20598 130413 09:15:02 INFO: 

Started GET "/r/4f9d831ce90a3e203400000d" for 188.155.155.2 at 2013-04-13 09:15:02 +0000
20598 130413 09:15:02 INFO:   Processing by RController#show as JSON
20598 130413 09:15:02 INFO:   Parameters: {"id"=>"4f9d831ce90a3e203400000d"}
20598 130413 09:15:02 INFO: Username: Ievgenii
20598 130413 09:15:02 INFO: Completed 200 OK in 3ms (Views: 0.3ms)
20598 130413 09:15:02 INFO: 

Started GET "/r/4f9ee8aae90a3e7002000001/relations_to" for 188.155.155.2 at 2013-04-13 09:15:02 +0000
20598 130413 09:15:02 INFO:   Processing by RController#relations_to as JSON
20598 130413 09:15:02 INFO:   Parameters: {"id"=>"4f9ee8aae90a3e7002000001"}
20598 130413 09:15:02 INFO: Username: Ievgenii
20598 130413 09:15:02 INFO: Completed 200 OK in 5ms (Views: 0.3ms)
20598 130413 09:15:02 INFO: 

Started GET "/r/4f9ee8aae90a3e7002000001" for 188.155.155.2 at 2013-04-13 09:15:02 +0000
20598 130413 09:15:02 INFO:   Processing by RController#show as JSON
20598 130413 09:15:02 INFO:   Parameters: {"id"=>"4f9ee8aae90a3e7002000001"}
20598 130413 09:15:02 INFO: Username: Ievgenii
20598 130413 09:15:02 INFO: Completed 200 OK in 3ms (Views: 0.3ms)
20598 130413 09:15:02 INFO: 

Started GET "/r/4f9d8325e90a3e1fe8000014/relations_to" for 188.155.155.2 at 2013-04-13 09:15:02 +0000
20598 130413 09:15:02 INFO:   Processing by RController#relations_to as JSON
20598 130413 09:15:02 INFO:   Parameters: {"id"=>"4f9d8325e90a3e1fe8000014"}
20598 130413 09:15:02 INFO: Username: Ievgenii
20598 130413 09:15:02 INFO: Completed 200 OK in 6ms (Views: 0.4ms)
20598 130413 09:15:02 INFO: 

Started GET "/r/4f9d8325e90a3e1fe8000014" for 188.155.155.2 at 2013-04-13 09:15:02 +0000
20598 130413 09:15:02 INFO:   Processing by RController#show as JSON
20598 130413 09:15:02 INFO:   Parameters: {"id"=>"4f9d8325e90a3e1fe8000014"}
20598 130413 09:15:02 INFO: Username: Ievgenii
20598 130413 09:15:02 INFO: Completed 200 OK in 2ms (Views: 0.3ms)
20598 130413 09:15:02 INFO: 

Started GET "/r/4f9e61d0e90a3e5461000003/relations_to" for 188.155.155.2 at 2013-04-13 09:15:02 +0000
20598 130413 09:15:02 INFO:   Processing by RController#relations_to as JSON
20598 130413 09:15:02 INFO:   Parameters: {"id"=>"4f9e61d0e90a3e5461000003"}
20598 130413 09:15:02 INFO: Username: Ievgenii
20598 130413 09:15:02 INFO: Completed 200 OK in 6ms (Views: 0.4ms)
20598 130413 09:15:03 INFO: 

Started GET "/r/4f9e61d0e90a3e5461000003" for 188.155.155.2 at 2013-04-13 09:15:03 +0000
20598 130413 09:15:03 INFO:   Processing by RController#show as JSON
20598 130413 09:15:03 INFO:   Parameters: {"id"=>"4f9e61d0e90a3e5461000003"}
20598 130413 09:15:03 INFO: Username: Ievgenii
20598 130413 09:15:03 INFO: Completed 200 OK in 4ms (Views: 0.3ms)
20598 130413 09:15:03 INFO: 

Started GET "/r/4fa059b0e90a3e4312000001/relations_to" for 188.155.155.2 at 2013-04-13 09:15:03 +0000
20598 130413 09:15:03 INFO:   Processing by RController#relations_to as JSON
20598 130413 09:15:03 INFO:   Parameters: {"id"=>"4fa059b0e90a3e4312000001"}
20598 130413 09:15:03 INFO: Username: Ievgenii
20598 130413 09:15:03 INFO: Completed 200 OK in 6ms (Views: 0.4ms)
20598 130413 09:15:03 INFO: 

Started GET "/r/4fa059b0e90a3e4312000001" for 188.155.155.2 at 2013-04-13 09:15:03 +0000
20598 130413 09:15:03 INFO:   Processing by RController#show as JSON
20598 130413 09:15:03 INFO:   Parameters: {"id"=>"4fa059b0e90a3e4312000001"}
20598 130413 09:15:03 INFO: Username: Ievgenii
20598 130413 09:15:03 INFO: Completed 200 OK in 4ms (Views: 0.3ms)
20598 130413 09:15:03 INFO: 

Started GET "/r/4fa79087924ff8412100000c/relations_to" for 188.155.155.2 at 2013-04-13 09:15:03 +0000
20598 130413 09:15:03 INFO:   Processing by RController#relations_to as JSON
20598 130413 09:15:03 INFO:   Parameters: {"id"=>"4fa79087924ff8412100000c"}
20598 130413 09:15:03 INFO: Username: Ievgenii
20598 130413 09:15:03 INFO: Completed 200 OK in 6ms (Views: 0.4ms)
20598 130413 09:15:03 INFO: 

Started GET "/r/4fa79087924ff8412100000c" for 188.155.155.2 at 2013-04-13 09:15:03 +0000
20598 130413 09:15:03 INFO:   Processing by RController#show as JSON
20598 130413 09:15:03 INFO:   Parameters: {"id"=>"4fa79087924ff8412100000c"}
20598 130413 09:15:03 INFO: Username: Ievgenii
20598 130413 09:15:03 INFO: Completed 200 OK in 3ms (Views: 0.3ms)
20598 130413 09:15:03 INFO: 

Started GET "/r/4f9e61f8e90a3e549c000005" for 188.155.155.2 at 2013-04-13 09:15:03 +0000
20598 130413 09:15:03 INFO:   Processing by RController#show as JSON
20598 130413 09:15:03 INFO:   Parameters: {"id"=>"4f9e61f8e90a3e549c000005"}
20598 130413 09:15:03 INFO: Username: Ievgenii
20598 130413 09:15:03 INFO: Completed 200 OK in 3ms (Views: 0.3ms)
20598 130413 09:15:03 INFO: 

Started GET "/r/4f9e6202e90a3e5489000005" for 188.155.155.2 at 2013-04-13 09:15:03 +0000
20598 130413 09:15:03 INFO:   Processing by RController#show as JSON
20598 130413 09:15:03 INFO:   Parameters: {"id"=>"4f9e6202e90a3e5489000005"}
20598 130413 09:15:03 INFO: Username: Ievgenii
20598 130413 09:15:03 INFO: Completed 200 OK in 3ms (Views: 0.4ms)
20598 130413 09:15:03 INFO: 

Started GET "/r/4fa0646be90a3e4671000001" for 188.155.155.2 at 2013-04-13 09:15:03 +0000
20598 130413 09:15:03 INFO:   Processing by RController#show as JSON
20598 130413 09:15:03 INFO:   Parameters: {"id"=>"4fa0646be90a3e4671000001"}
20598 130413 09:15:03 INFO: Username: Ievgenii
20598 130413 09:15:03 INFO: Completed 200 OK in 3ms (Views: 0.3ms)
20598 130413 09:15:03 INFO: 

Started GET "/r/4f9e6209e90a3e5481000001" for 188.155.155.2 at 2013-04-13 09:15:03 +0000
20598 130413 09:15:03 INFO:   Processing by RController#show as JSON
20598 130413 09:15:03 INFO:   Parameters: {"id"=>"4f9e6209e90a3e5481000001"}
20598 130413 09:15:03 INFO: Username: Ievgenii
20598 130413 09:15:03 INFO: Completed 200 OK in 3ms (Views: 0.3ms)
20598 130413 09:15:03 INFO: 

Started GET "/r/4f9d833be90a3e1fe8000016/relations_to" for 188.155.155.2 at 2013-04-13 09:15:03 +0000
20598 130413 09:15:03 INFO:   Processing by RController#relations_to as JSON
20598 130413 09:15:03 INFO:   Parameters: {"id"=>"4f9d833be90a3e1fe8000016"}
20598 130413 09:15:03 INFO: Username: Ievgenii
20598 130413 09:15:03 INFO: Completed 200 OK in 5ms (Views: 0.3ms)
20598 130413 09:15:03 INFO: 

Started GET "/r/4f9d833be90a3e1fe8000016" for 188.155.155.2 at 2013-04-13 09:15:03 +0000
20598 130413 09:15:03 INFO:   Processing by RController#show as JSON
20598 130413 09:15:03 INFO:   Parameters: {"id"=>"4f9d833be90a3e1fe8000016"}
20598 130413 09:15:03 INFO: Username: Ievgenii
20598 130413 09:15:03 INFO: Completed 200 OK in 3ms (Views: 0.2ms)
20598 130413 09:15:03 INFO: 

Started GET "/r/4f9e4a86e90a3e3188000005/relations_to" for 188.155.155.2 at 2013-04-13 09:15:03 +0000
20598 130413 09:15:03 INFO:   Processing by RController#relations_to as JSON
20598 130413 09:15:03 INFO:   Parameters: {"id"=>"4f9e4a86e90a3e3188000005"}
20598 130413 09:15:03 INFO: Username: Ievgenii
20598 130413 09:15:03 INFO: Completed 200 OK in 5ms (Views: 0.3ms)
20598 130413 09:15:03 INFO: 

Started GET "/r/4f9e4a86e90a3e3188000005" for 188.155.155.2 at 2013-04-13 09:15:03 +0000
20598 130413 09:15:03 INFO:   Processing by RController#show as JSON
20598 130413 09:15:03 INFO:   Parameters: {"id"=>"4f9e4a86e90a3e3188000005"}
20598 130413 09:15:03 INFO: Username: Ievgenii
20598 130413 09:15:03 INFO: Completed 200 OK in 3ms (Views: 0.4ms)
20598 130413 09:15:03 INFO: 

Started GET "/r/4f9d835de90a3e1fe8000018/relations_to" for 188.155.155.2 at 2013-04-13 09:15:03 +0000
20598 130413 09:15:03 INFO:   Processing by RController#relations_to as JSON
20598 130413 09:15:03 INFO:   Parameters: {"id"=>"4f9d835de90a3e1fe8000018"}
20598 130413 09:15:03 INFO: Username: Ievgenii
20598 130413 09:15:03 INFO: Completed 200 OK in 5ms (Views: 0.3ms)
20598 130413 09:15:03 INFO: 

Started GET "/r/4f9d835de90a3e1fe8000018" for 188.155.155.2 at 2013-04-13 09:15:03 +0000
20598 130413 09:15:03 INFO:   Processing by RController#show as JSON
20598 130413 09:15:03 INFO:   Parameters: {"id"=>"4f9d835de90a3e1fe8000018"}
20598 130413 09:15:03 INFO: Username: Ievgenii
20598 130413 09:15:03 INFO: Completed 200 OK in 3ms (Views: 0.3ms)
20598 130413 09:15:03 INFO: 

Started GET "/r/4f9dca88e90a3e3188000001/relations_to" for 188.155.155.2 at 2013-04-13 09:15:03 +0000
20598 130413 09:15:03 INFO:   Processing by RController#relations_to as JSON
20598 130413 09:15:03 INFO:   Parameters: {"id"=>"4f9dca88e90a3e3188000001"}
20598 130413 09:15:03 INFO: Username: Ievgenii
20598 130413 09:15:03 INFO: Completed 200 OK in 4ms (Views: 0.3ms)
20598 130413 09:15:03 INFO: 

Started GET "/r/4f9dca88e90a3e3188000001" for 188.155.155.2 at 2013-04-13 09:15:03 +0000
20598 130413 09:15:03 INFO:   Processing by RController#show as JSON
20598 130413 09:15:03 INFO:   Parameters: {"id"=>"4f9dca88e90a3e3188000001"}
20598 130413 09:15:03 INFO: Username: Ievgenii
20598 130413 09:15:03 INFO: Completed 200 OK in 3ms (Views: 0.3ms)
20598 130413 09:15:03 INFO: 

Started GET "/r/4f9e4a87e90a3e3188000006/relations_to" for 188.155.155.2 at 2013-04-13 09:15:03 +0000
20598 130413 09:15:03 INFO:   Processing by RController#relations_to as JSON
20598 130413 09:15:03 INFO:   Parameters: {"id"=>"4f9e4a87e90a3e3188000006"}
20598 130413 09:15:03 INFO: Username: Ievgenii
20598 130413 09:15:03 INFO: Completed 200 OK in 4ms (Views: 0.3ms)
20598 130413 09:15:03 INFO: 

Started GET "/r/4f9e4a87e90a3e3188000006" for 188.155.155.2 at 2013-04-13 09:15:03 +0000
20598 130413 09:15:03 INFO:   Processing by RController#show as JSON
20598 130413 09:15:03 INFO:   Parameters: {"id"=>"4f9e4a87e90a3e3188000006"}
20598 130413 09:15:03 INFO: Username: Ievgenii
20598 130413 09:15:03 INFO: Completed 200 OK in 4ms (Views: 0.3ms)
20598 130413 09:15:04 INFO: 

Started GET "/r/4fa79086924ff84129000004/relations_to" for 188.155.155.2 at 2013-04-13 09:15:04 +0000
20598 130413 09:15:04 INFO:   Processing by RController#relations_to as JSON
20598 130413 09:15:04 INFO:   Parameters: {"id"=>"4fa79086924ff84129000004"}
20598 130413 09:15:04 INFO: Username: Ievgenii
20598 130413 09:15:04 INFO: Completed 200 OK in 4ms (Views: 0.3ms)
20598 130413 09:15:04 INFO: 

Started GET "/r/4fa79086924ff84129000004" for 188.155.155.2 at 2013-04-13 09:15:04 +0000
20598 130413 09:15:04 INFO:   Processing by RController#show as JSON
20598 130413 09:15:04 INFO:   Parameters: {"id"=>"4fa79086924ff84129000004"}
20598 130413 09:15:04 INFO: Username: Ievgenii
20598 130413 09:15:04 INFO: Completed 200 OK in 3ms (Views: 0.3ms)
20598 130413 09:15:04 INFO: 

Started GET "/r/4f9d836ce90a3e1fd7000006/relations_to" for 188.155.155.2 at 2013-04-13 09:15:04 +0000
20598 130413 09:15:04 INFO:   Processing by RController#relations_to as JSON
20598 130413 09:15:04 INFO:   Parameters: {"id"=>"4f9d836ce90a3e1fd7000006"}
20598 130413 09:15:04 INFO: Username: Ievgenii
20598 130413 09:15:04 INFO: Completed 200 OK in 5ms (Views: 0.3ms)
20598 130413 09:15:04 INFO: 

Started GET "/r/4f9d836ce90a3e1fd7000006" for 188.155.155.2 at 2013-04-13 09:15:04 +0000
20598 130413 09:15:04 INFO:   Processing by RController#show as JSON
20598 130413 09:15:04 INFO:   Parameters: {"id"=>"4f9d836ce90a3e1fd7000006"}
20598 130413 09:15:04 INFO: Username: Ievgenii
20598 130413 09:15:04 INFO: Completed 200 OK in 3ms (Views: 0.2ms)
20598 130413 09:15:04 INFO: 

Started GET "/r/4f9eef6ce90a3e7328000001/relations_to" for 188.155.155.2 at 2013-04-13 09:15:04 +0000
20598 130413 09:15:04 INFO:   Processing by RController#relations_to as JSON
20598 130413 09:15:04 INFO:   Parameters: {"id"=>"4f9eef6ce90a3e7328000001"}
20598 130413 09:15:04 INFO: Username: Ievgenii
20598 130413 09:15:04 INFO: Completed 200 OK in 5ms (Views: 0.3ms)
20598 130413 09:15:04 INFO: 

Started GET "/r/4f9eef6ce90a3e7328000001" for 188.155.155.2 at 2013-04-13 09:15:04 +0000
20598 130413 09:15:04 INFO:   Processing by RController#show as JSON
20598 130413 09:15:04 INFO:   Parameters: {"id"=>"4f9eef6ce90a3e7328000001"}
20598 130413 09:15:04 INFO: Username: Ievgenii
20598 130413 09:15:04 INFO: Completed 200 OK in 3ms (Views: 0.3ms)
20598 130413 09:15:04 INFO: 

Started GET "/r/4f9d8377e90a3e1fe800001a/relations_to" for 188.155.155.2 at 2013-04-13 09:15:04 +0000
20598 130413 09:15:04 INFO:   Processing by RController#relations_to as JSON
20598 130413 09:15:04 INFO:   Parameters: {"id"=>"4f9d8377e90a3e1fe800001a"}
20598 130413 09:15:04 INFO: Username: Ievgenii
20598 130413 09:15:04 INFO: Completed 200 OK in 5ms (Views: 0.3ms)
20598 130413 09:15:04 INFO: 

Started GET "/r/4f9d8377e90a3e1fe800001a" for 188.155.155.2 at 2013-04-13 09:15:04 +0000
20598 130413 09:15:04 INFO:   Processing by RController#show as JSON
20598 130413 09:15:04 INFO:   Parameters: {"id"=>"4f9d8377e90a3e1fe800001a"}
20598 130413 09:15:04 INFO: Username: Ievgenii
20598 130413 09:15:04 INFO: Completed 200 OK in 3ms (Views: 0.3ms)
20598 130413 09:15:04 INFO: 

Started GET "/r/4f9eef72e90a3e7328000002/relations_to" for 188.155.155.2 at 2013-04-13 09:15:04 +0000
20598 130413 09:15:04 INFO:   Processing by RController#relations_to as JSON
20598 130413 09:15:04 INFO:   Parameters: {"id"=>"4f9eef72e90a3e7328000002"}
20598 130413 09:15:04 INFO: Username: Ievgenii
20598 130413 09:15:04 INFO: Completed 200 OK in 5ms (Views: 0.3ms)
20598 130413 09:15:04 INFO: 

Started GET "/r/4f9eef72e90a3e7328000002" for 188.155.155.2 at 2013-04-13 09:15:04 +0000
20598 130413 09:15:04 INFO:   Processing by RController#show as JSON
20598 130413 09:15:04 INFO:   Parameters: {"id"=>"4f9eef72e90a3e7328000002"}
20598 130413 09:15:04 INFO: Username: Ievgenii
20598 130413 09:15:04 INFO: Completed 200 OK in 3ms (Views: 0.3ms)
20598 130413 09:15:04 INFO: 

Started GET "/projects" for 188.155.155.2 at 2013-04-13 09:15:04 +0000
20598 130413 09:15:04 INFO:   Processing by ProjectsController#index as JSON
20598 130413 09:15:04 INFO: Username: Ievgenii
20598 130413 09:15:04 INFO: Completed 200 OK in 170ms (Views: 1.2ms)
20598 130413 13:46:50 INFO: 

Started GET "/users/sign_in" for 188.155.155.2 at 2013-04-13 13:46:50 +0000
20598 130413 13:46:50 INFO:   Processing by Devise::SessionsController#new as HTML
20598 130413 13:46:50 INFO: Redirected to http://exercises.saw.sonyx.net/welcome/logged_in
20598 130413 13:46:50 INFO: Completed 302 Found in 10ms
20598 130413 13:46:50 INFO: 

Started GET "/welcome/logged_in" for 188.155.155.2 at 2013-04-13 13:46:50 +0000
20598 130413 13:46:50 INFO:   Processing by WelcomeController#logged_in as HTML
20598 130413 13:46:50 INFO: Username: Ievgenii
20598 130413 13:46:50 INFO: Rendered welcome/logged_in.html.erb within layouts/application (3.1ms)
20598 130413 13:46:50 INFO: Completed 200 OK in 10ms (Views: 8.1ms)
20598 130413 13:46:52 INFO: 

Started GET "/welcome/null" for 188.155.155.2 at 2013-04-13 13:46:52 +0000
20598 130413 13:46:52 FATAL: 
AbstractController::ActionNotFound (The action 'null' could not be found for WelcomeController):
  


20598 130413 13:47:00 INFO: 

Started GET "/" for 188.155.155.2 at 2013-04-13 13:47:00 +0000
20598 130413 13:47:00 INFO:   Processing by WelcomeController#index as HTML
20598 130413 13:47:00 INFO: Username: Ievgenii
20598 130413 13:47:00 INFO: Rendered welcome/index.html.erb within layouts/application (0.9ms)
20598 130413 13:47:00 INFO: Completed 200 OK in 4ms (Views: 2.4ms)
20598 130413 13:47:01 INFO: 

Started GET "/updates/1365761972" for 188.155.155.2 at 2013-04-13 13:47:01 +0000
20598 130413 13:47:01 INFO:   Processing by NotifyController#stamped as 
20598 130413 13:47:01 INFO:   Parameters: {"stamp"=>"1365761972"}
20598 130413 13:47:01 INFO: Username: Ievgenii
20598 130413 13:47:01 INFO: Completed 200 OK in 15ms (Views: 9.9ms)
20598 130413 13:47:01 INFO: 

Started GET "/scope/type/Decision" for 188.155.155.2 at 2013-04-13 13:47:01 +0000
20598 130413 13:47:01 INFO:   Processing by ScopeController#type as JSON
20598 130413 13:47:01 INFO:   Parameters: {"type_name"=>"Decision"}
20598 130413 13:47:01 INFO: Username: Ievgenii
20598 130413 13:47:01 INFO: Completed 200 OK in 11ms (Views: 1.7ms)
20598 130413 13:47:01 INFO: 

Started GET "/t" for 188.155.155.2 at 2013-04-13 13:47:01 +0000
20598 130413 13:47:01 INFO:   Processing by TController#index as JSON
20598 130413 13:47:01 INFO: Username: Ievgenii
20598 130413 13:47:01 INFO: Completed 200 OK in 88ms (Views: 5.4ms)
20598 130413 13:47:01 INFO: 

Started GET "/tags" for 188.155.155.2 at 2013-04-13 13:47:01 +0000
20598 130413 13:47:01 INFO:   Processing by TagsController#index as JSON
20598 130413 13:47:01 INFO: Username: Ievgenii
20598 130413 13:47:01 INFO: Completed 200 OK in 218ms (Views: 31.8ms)
20598 130413 13:47:01 INFO: 

Started GET "/r/5166ccc6da300c1e44000001/relations_from" for 188.155.155.2 at 2013-04-13 13:47:01 +0000
20598 130413 13:47:01 INFO:   Processing by RController#relations_from as JSON
20598 130413 13:47:01 INFO:   Parameters: {"id"=>"5166ccc6da300c1e44000001"}
20598 130413 13:47:01 INFO: Username: Ievgenii
20598 130413 13:47:01 INFO: Completed 200 OK in 35ms (Views: 4.1ms)
20598 130413 14:34:52 INFO: 

Started GET "/projects" for 188.155.155.2 at 2013-04-13 14:34:52 +0000
20598 130413 14:34:52 INFO:   Processing by ProjectsController#index as JSON
20598 130413 14:34:52 INFO: Username: Ievgenii
20598 130413 14:34:52 INFO: Completed 200 OK in 122ms (Views: 1.1ms)
20598 130413 14:34:54 INFO: 

Started GET "/r/5166ce29da300c1e29000070/relations_from" for 188.155.155.2 at 2013-04-13 14:34:54 +0000
20598 130413 14:34:54 INFO:   Processing by RController#relations_from as JSON
20598 130413 14:34:54 INFO:   Parameters: {"id"=>"5166ce29da300c1e29000070"}
20598 130413 14:34:54 INFO: Username: Ievgenii
20598 130413 14:34:54 INFO: Completed 200 OK in 100ms (Views: 6.2ms)
20598 130413 14:34:57 INFO: 

Started GET "/r/4fec703df60f944874000001/relations_from" for 188.155.155.2 at 2013-04-13 14:34:57 +0000
20598 130413 14:34:57 INFO:   Processing by RController#relations_from as JSON
20598 130413 14:34:57 INFO:   Parameters: {"id"=>"4fec703df60f944874000001"}
20598 130413 14:34:57 INFO: Username: Ievgenii
20598 130413 14:34:57 INFO: Completed 404 Not Found in 2ms
20598 130413 14:34:57 FATAL: 
Mongoid::Errors::DocumentNotFound (Document not found for class Taggable with id(s) 4fec703df60f944874000001.):
  app/controllers/r_controller.rb:90:in `relations_from'


20598 130413 14:34:57 INFO: 

Started GET "/r/4fec703df60f944874000001" for 188.155.155.2 at 2013-04-13 14:34:57 +0000
20598 130413 14:34:57 INFO:   Processing by RController#show as JSON
20598 130413 14:34:57 INFO:   Parameters: {"id"=>"4fec703df60f944874000001"}
20598 130413 14:34:57 INFO: Username: Ievgenii
20598 130413 14:34:57 INFO: Completed 404 Not Found in 2ms
20598 130413 14:34:57 FATAL: 
Mongoid::Errors::DocumentNotFound (Document not found for class Taggable with id(s) 4fec703df60f944874000001.):
  app/controllers/r_controller.rb:31:in `show'


20598 130413 14:34:57 INFO: 

Started GET "/r/4fec7047f60f944874000003/relations_from" for 188.155.155.2 at 2013-04-13 14:34:57 +0000
20598 130413 14:34:57 INFO:   Processing by RController#relations_from as JSON
20598 130413 14:34:57 INFO:   Parameters: {"id"=>"4fec7047f60f944874000003"}
20598 130413 14:34:57 INFO: Username: Ievgenii
20598 130413 14:34:57 INFO: Completed 404 Not Found in 2ms
20598 130413 14:34:57 FATAL: 
Mongoid::Errors::DocumentNotFound (Document not found for class Taggable with id(s) 4fec7047f60f944874000003.):
  app/controllers/r_controller.rb:90:in `relations_from'


20598 130413 14:34:57 INFO: 

Started GET "/r/4fec7047f60f944874000003" for 188.155.155.2 at 2013-04-13 14:34:57 +0000
20598 130413 14:34:57 INFO:   Processing by RController#show as JSON
20598 130413 14:34:57 INFO:   Parameters: {"id"=>"4fec7047f60f944874000003"}
20598 130413 14:34:57 INFO: Username: Ievgenii
20598 130413 14:34:57 INFO: Completed 404 Not Found in 2ms
20598 130413 14:34:57 FATAL: 
Mongoid::Errors::DocumentNotFound (Document not found for class Taggable with id(s) 4fec7047f60f944874000003.):
  app/controllers/r_controller.rb:31:in `show'


20598 130413 14:34:58 INFO: 

Started GET "/r/4fec707af60f944a56000001/relations_from" for 188.155.155.2 at 2013-04-13 14:34:58 +0000
20598 130413 14:34:58 INFO:   Processing by RController#relations_from as JSON
20598 130413 14:34:58 INFO:   Parameters: {"id"=>"4fec707af60f944a56000001"}
20598 130413 14:34:58 INFO: Username: Ievgenii
20598 130413 14:34:58 INFO: Completed 404 Not Found in 2ms
20598 130413 14:34:58 FATAL: 
Mongoid::Errors::DocumentNotFound (Document not found for class Taggable with id(s) 4fec707af60f944a56000001.):
  app/controllers/r_controller.rb:90:in `relations_from'


20598 130413 14:34:58 INFO: 

Started GET "/r/4fec707af60f944a56000001" for 188.155.155.2 at 2013-04-13 14:34:58 +0000
20598 130413 14:34:58 INFO:   Processing by RController#show as JSON
20598 130413 14:34:58 INFO:   Parameters: {"id"=>"4fec707af60f944a56000001"}
20598 130413 14:34:58 INFO: Username: Ievgenii
20598 130413 14:34:58 INFO: Completed 404 Not Found in 2ms
20598 130413 14:34:58 FATAL: 
Mongoid::Errors::DocumentNotFound (Document not found for class Taggable with id(s) 4fec707af60f944a56000001.):
  app/controllers/r_controller.rb:31:in `show'


20598 130413 14:34:58 INFO: 

Started GET "/r/4fec7051f60f944a68000001" for 188.155.155.2 at 2013-04-13 14:34:58 +0000
20598 130413 14:34:58 INFO:   Processing by RController#show as JSON
20598 130413 14:34:58 INFO:   Parameters: {"id"=>"4fec7051f60f944a68000001"}
20598 130413 14:34:58 INFO: Username: Ievgenii
20598 130413 14:34:58 INFO: Completed 404 Not Found in 2ms
20598 130413 14:34:58 FATAL: 
Mongoid::Errors::DocumentNotFound (Document not found for class Taggable with id(s) 4fec7051f60f944a68000001.):
  app/controllers/r_controller.rb:31:in `show'


20598 130413 14:34:59 INFO: 

Started GET "/r/4fec7051f60f944a68000001/relations_from" for 188.155.155.2 at 2013-04-13 14:34:59 +0000
20598 130413 14:34:59 INFO:   Processing by RController#relations_from as JSON
20598 130413 14:34:59 INFO:   Parameters: {"id"=>"4fec7051f60f944a68000001"}
20598 130413 14:34:59 INFO: Username: Ievgenii
20598 130413 14:34:59 INFO: Completed 404 Not Found in 2ms
20598 130413 14:34:59 FATAL: 
Mongoid::Errors::DocumentNotFound (Document not found for class Taggable with id(s) 4fec7051f60f944a68000001.):
  app/controllers/r_controller.rb:90:in `relations_from'


