9807 130505 09:21:46 INFO: 

Started GET "/" for 79.24.149.81 at 2013-05-05 09:21:46 +0000
9807 130505 09:21:46 INFO:   Processing by WelcomeController#index as HTML
9807 130505 09:21:46 INFO: Username: (none)
9807 130505 09:21:46 INFO: Rendered welcome/index.html.erb within layouts/application (3.7ms)
9807 130505 09:21:46 INFO: Completed 200 OK in 11ms (Views: 9.2ms)
9807 130505 09:21:50 INFO: 

Started GET "/updates/1366788476" for 79.24.149.81 at 2013-05-05 09:21:50 +0000
9807 130505 09:21:50 INFO:   Processing by NotifyController#stamped as 
9807 130505 09:21:50 INFO:   Parameters: {"stamp"=>"1366788476"}
9807 130505 09:21:50 INFO: Username: (none)
9807 130505 09:21:50 INFO: Completed 200 OK in 27ms (Views: 12.9ms)
9807 130505 09:21:50 INFO: 

Started GET "/scope/type/Decision" for 79.24.149.81 at 2013-05-05 09:21:50 +0000
9807 130505 09:21:50 INFO:   Processing by ScopeController#type as JSON
9807 130505 09:21:50 INFO:   Parameters: {"type_name"=>"Decision"}
9807 130505 09:21:50 INFO: Username: (none)
9807 130505 09:21:50 INFO: Completed 200 OK in 11ms (Views: 0.5ms)
9807 130505 09:21:50 INFO: 

Started GET "/tags" for 79.24.149.81 at 2013-05-05 09:21:50 +0000
9807 130505 09:21:50 INFO:   Processing by TagsController#index as JSON
9807 130505 09:21:50 INFO: Username: (none)
9807 130505 09:21:50 INFO: Completed 200 OK in 191ms (Views: 31.9ms)
9807 130505 09:21:50 INFO: 

Started GET "/t" for 79.24.149.81 at 2013-05-05 09:21:50 +0000
9807 130505 09:21:50 INFO:   Processing by TController#index as JSON
9807 130505 09:21:50 INFO: Username: (none)
9807 130505 09:21:50 INFO: Completed   in 1ms
9807 130505 09:21:50 INFO: 

Started GET "/r/5176537eda300c1675000002/relations_from" for 79.24.149.81 at 2013-05-05 09:21:50 +0000
9807 130505 09:21:50 INFO:   Processing by RController#relations_from as JSON
9807 130505 09:21:50 INFO:   Parameters: {"id"=>"5176537eda300c1675000002"}
9807 130505 09:21:50 INFO: Username: (none)
9807 130505 09:21:50 INFO: Completed   in 1ms
9807 130505 09:21:52 INFO: 

Started GET "/users/sign_in" for 79.24.149.81 at 2013-05-05 09:21:52 +0000
9807 130505 09:21:52 INFO:   Processing by Devise::SessionsController#new as HTML
9807 130505 09:21:52 INFO: Username: (none)
9807 130505 09:21:52 INFO: Rendered devise/sessions/new.html.erb within layouts/application (2.4ms)
9807 130505 09:21:52 INFO: Completed 200 OK in 10ms (Views: 6.2ms)
9807 130505 09:21:55 INFO: 

Started GET "/auth/facebook" for 79.24.149.81 at 2013-05-05 09:21:55 +0000
24259 130505 09:21:58 INFO: 

Started GET "/auth/facebook/callback?code=AQB8w9yTB_9sXWokuIP651m1iSEVSdWQA9EO4-zxhJLd1y1VJ1S3d2NPpqS4ygluIT2ZNCYYLAHY0xn1PH9KeOKS5SILG83vzt9S5xIx2TkLXfQn6eD84gVcfV44ZUn6oxEhVqANvgvHsKW1fBHRgDYar1epWoTTBQL0Gc_e94SF_iN8k1z2p68e5rXpNO-52c5CWc8VURoPbWhFubDAC2ctxQLQlMuoLtr8cYjxRw6dLHNaOXalr_dAqMJrL6xN9u50H_Q8ZAYYkWpJrCjMLJgKqadexo4abIg1ta36BW0kIoQlE6z5UHnjmMOJstr37yY" for 79.24.149.81 at 2013-05-05 09:21:58 +0000
24259 130505 09:21:59 INFO:   Processing by AuthenticationsController#create as HTML
24259 130505 09:21:59 INFO:   Parameters: {"code"=>"AQB8w9yTB_9sXWokuIP651m1iSEVSdWQA9EO4-zxhJLd1y1VJ1S3d2NPpqS4ygluIT2ZNCYYLAHY0xn1PH9KeOKS5SILG83vzt9S5xIx2TkLXfQn6eD84gVcfV44ZUn6oxEhVqANvgvHsKW1fBHRgDYar1epWoTTBQL0Gc_e94SF_iN8k1z2p68e5rXpNO-52c5CWc8VURoPbWhFubDAC2ctxQLQlMuoLtr8cYjxRw6dLHNaOXalr_dAqMJrL6xN9u50H_Q8ZAYYkWpJrCjMLJgKqadexo4abIg1ta36BW0kIoQlE6z5UHnjmMOJstr37yY", "provider"=>"facebook"}
24259 130505 09:21:59 INFO: Username: (none)
24259 130505 09:21:59 INFO: Redirected to http://exercises.saw.sonyx.net/welcome/logged_in
24259 130505 09:21:59 INFO: Completed 302 Found in 17ms
24259 130505 09:22:00 INFO: 

Started GET "/welcome/logged_in" for 79.24.149.81 at 2013-05-05 09:22:00 +0000
24259 130505 09:22:00 INFO:   Processing by WelcomeController#logged_in as HTML
24259 130505 09:22:00 INFO: Username: tatone80@hotmail.com
24259 130505 09:22:00 INFO: Rendered welcome/logged_in.html.erb within layouts/application (4.1ms)
24259 130505 09:22:00 INFO: Completed 200 OK in 15ms (Views: 12.4ms)
24259 130505 09:22:01 INFO: 

Started GET "/" for 79.24.149.81 at 2013-05-05 09:22:01 +0000
24259 130505 09:22:01 INFO:   Processing by WelcomeController#index as HTML
24259 130505 09:22:01 INFO: Username: tatone80@hotmail.com
24259 130505 09:22:01 INFO: Rendered welcome/index.html.erb within layouts/application (2.1ms)
24259 130505 09:22:01 INFO: Completed 200 OK in 6ms (Views: 3.9ms)
24259 130505 09:22:03 INFO: 

Started GET "/updates/1366788476" for 79.24.149.81 at 2013-05-05 09:22:03 +0000
24259 130505 09:22:03 INFO:   Processing by NotifyController#stamped as 
24259 130505 09:22:03 INFO:   Parameters: {"stamp"=>"1366788476"}
24259 130505 09:22:03 INFO: Username: tatone80@hotmail.com
9807 130505 09:22:03 INFO: 

Started GET "/scope/type/Decision" for 79.24.149.81 at 2013-05-05 09:22:03 +0000
9807 130505 09:22:03 INFO:   Processing by ScopeController#type as JSON
9807 130505 09:22:03 INFO:   Parameters: {"type_name"=>"Decision"}
9807 130505 09:22:03 INFO: Username: tatone80@hotmail.com
24259 130505 09:22:03 INFO: Completed 200 OK in 24ms (Views: 10.2ms)
9807 130505 09:22:03 INFO: Completed 200 OK in 11ms (Views: 0.8ms)
9807 130505 09:22:03 INFO: 

Started GET "/r/5176537eda300c1675000002/relations_from" for 79.24.149.81 at 2013-05-05 09:22:03 +0000
9807 130505 09:22:03 INFO:   Processing by RController#relations_from as JSON
9807 130505 09:22:03 INFO:   Parameters: {"id"=>"5176537eda300c1675000002"}
9807 130505 09:22:03 INFO: Username: tatone80@hotmail.com
9807 130505 09:22:03 INFO: Completed 200 OK in 183ms (Views: 18.2ms)
9807 130505 09:22:03 INFO: 

Started GET "/t" for 79.24.149.81 at 2013-05-05 09:22:03 +0000
9807 130505 09:22:03 INFO:   Processing by TController#index as JSON
9807 130505 09:22:03 INFO: Username: tatone80@hotmail.com
9807 130505 09:22:03 INFO: Completed 200 OK in 99ms (Views: 3.6ms)
9807 130505 09:22:03 INFO: 

Started GET "/tags" for 79.24.149.81 at 2013-05-05 09:22:03 +0000
9807 130505 09:22:03 INFO:   Processing by TagsController#index as JSON
9807 130505 09:22:03 INFO: Username: tatone80@hotmail.com
9807 130505 09:22:04 INFO: Completed 200 OK in 252ms (Views: 83.2ms)
9807 130505 09:22:28 INFO: 

Started GET "/projects" for 79.24.149.81 at 2013-05-05 09:22:28 +0000
9807 130505 09:22:28 INFO:   Processing by ProjectsController#index as JSON
9807 130505 09:22:28 INFO: Username: tatone80@hotmail.com
9807 130505 09:22:29 INFO: Completed 200 OK in 485ms (Views: 3.1ms)
9807 130505 09:22:32 INFO: 

Started GET "/projects" for 79.24.149.81 at 2013-05-05 09:22:32 +0000
9807 130505 09:22:32 INFO:   Processing by ProjectsController#index as JSON
9807 130505 09:22:32 INFO: Username: tatone80@hotmail.com
9807 130505 09:22:32 INFO: Completed 200 OK in 464ms (Views: 2.4ms)
9807 130505 09:22:36 INFO: 

Started GET "/r/517652dfda300c1675000001/relations_from" for 79.24.149.81 at 2013-05-05 09:22:36 +0000
9807 130505 09:22:36 INFO:   Processing by RController#relations_from as JSON
9807 130505 09:22:36 INFO:   Parameters: {"id"=>"517652dfda300c1675000001"}
9807 130505 09:22:36 INFO: Username: tatone80@hotmail.com
24259 130505 09:22:36 INFO: 

Started GET "/projects/517652dfda300c1675000001" for 79.24.149.81 at 2013-05-05 09:22:36 +0000
24259 130505 09:22:36 INFO:   Processing by ProjectsController#show as JSON
24259 130505 09:22:36 INFO:   Parameters: {"id"=>"517652dfda300c1675000001"}
24259 130505 09:22:36 INFO: Username: tatone80@hotmail.com
9807 130505 09:22:36 INFO: Completed 200 OK in 27ms (Views: 2.2ms)
24259 130505 09:22:36 INFO: Completed 200 OK in 10ms (Views: 3.5ms)
24259 130505 09:22:36 INFO: 

Started GET "/r/51777f76da300c5671000003/relations_to" for 79.24.149.81 at 2013-05-05 09:22:36 +0000
24259 130505 09:22:36 INFO:   Processing by RController#relations_to as JSON
24259 130505 09:22:36 INFO:   Parameters: {"id"=>"51777f76da300c5671000003"}
24259 130505 09:22:36 INFO: Username: tatone80@hotmail.com
9807 130505 09:22:36 INFO: 

Started GET "/r/51777f76da300c5671000003" for 79.24.149.81 at 2013-05-05 09:22:36 +0000
9807 130505 09:22:36 INFO:   Processing by RController#show as JSON
24259 130505 09:22:36 INFO: Completed 200 OK in 16ms (Views: 2.2ms)
9807 130505 09:22:36 INFO:   Parameters: {"id"=>"51777f76da300c5671000003"}
9807 130505 09:22:36 INFO: Username: tatone80@hotmail.com
9807 130505 09:22:36 INFO: Completed 200 OK in 4ms (Views: 0.5ms)
9807 130505 09:22:36 INFO: 

Started GET "/r/51778042da300c56d5000005/relations_to" for 79.24.149.81 at 2013-05-05 09:22:36 +0000
9807 130505 09:22:36 INFO:   Processing by RController#relations_to as JSON
9807 130505 09:22:36 INFO:   Parameters: {"id"=>"51778042da300c56d5000005"}
9807 130505 09:22:36 INFO: Username: tatone80@hotmail.com
9807 130505 09:22:36 INFO: Completed 200 OK in 6ms (Views: 0.3ms)
9807 130505 09:22:37 INFO: 

Started GET "/r/51778143da300c57f1000002/relations_to" for 79.24.149.81 at 2013-05-05 09:22:37 +0000
9807 130505 09:22:37 INFO:   Processing by RController#relations_to as JSON
9807 130505 09:22:37 INFO:   Parameters: {"id"=>"51778143da300c57f1000002"}
9807 130505 09:22:37 INFO: Username: tatone80@hotmail.com
9807 130505 09:22:37 INFO: Completed 200 OK in 5ms (Views: 0.3ms)
9807 130505 09:22:37 INFO: 

Started GET "/r/51778237da300c57f1000004/relations_to" for 79.24.149.81 at 2013-05-05 09:22:37 +0000
9807 130505 09:22:37 INFO:   Processing by RController#relations_to as JSON
9807 130505 09:22:37 INFO:   Parameters: {"id"=>"51778237da300c57f1000004"}
9807 130505 09:22:37 INFO: Username: tatone80@hotmail.com
9807 130505 09:22:37 INFO: Completed 200 OK in 8ms (Views: 0.6ms)
9807 130505 09:22:37 INFO: 

Started GET "/r/51778237da300c57f1000004" for 79.24.149.81 at 2013-05-05 09:22:37 +0000
9807 130505 09:22:37 INFO:   Processing by RController#show as JSON
9807 130505 09:22:37 INFO:   Parameters: {"id"=>"51778237da300c57f1000004"}
9807 130505 09:22:37 INFO: Username: tatone80@hotmail.com
9807 130505 09:22:37 INFO: Completed 200 OK in 3ms (Views: 0.3ms)
9807 130505 09:22:37 INFO: 

Started GET "/r/517783b9da300c57af000001/relations_to" for 79.24.149.81 at 2013-05-05 09:22:37 +0000
9807 130505 09:22:37 INFO:   Processing by RController#relations_to as JSON
9807 130505 09:22:37 INFO:   Parameters: {"id"=>"517783b9da300c57af000001"}
9807 130505 09:22:37 INFO: Username: tatone80@hotmail.com
9807 130505 09:22:37 INFO: Completed 200 OK in 9ms (Views: 0.6ms)
9807 130505 09:22:38 INFO: 

Started GET "/r/51778d86da300c57f1000008" for 79.24.149.81 at 2013-05-05 09:22:38 +0000
9807 130505 09:22:38 INFO:   Processing by RController#show as JSON
9807 130505 09:22:38 INFO:   Parameters: {"id"=>"51778d86da300c57f1000008"}
9807 130505 09:22:38 INFO: Username: tatone80@hotmail.com
9807 130505 09:22:38 INFO: Completed 200 OK in 3ms (Views: 0.3ms)
9807 130505 09:22:38 INFO: 

Started GET "/r/51778704da300c56a7000003/relations_to" for 79.24.149.81 at 2013-05-05 09:22:38 +0000
9807 130505 09:22:38 INFO:   Processing by RController#relations_to as JSON
9807 130505 09:22:38 INFO:   Parameters: {"id"=>"51778704da300c56a7000003"}
9807 130505 09:22:38 INFO: Username: tatone80@hotmail.com
9807 130505 09:22:38 INFO: Completed 200 OK in 6ms (Views: 0.4ms)
9807 130505 09:22:38 INFO: 

Started GET "/r/517786c9da300c57a6000003/relations_to" for 79.24.149.81 at 2013-05-05 09:22:38 +0000
9807 130505 09:22:38 INFO:   Processing by RController#relations_to as JSON
9807 130505 09:22:38 INFO:   Parameters: {"id"=>"517786c9da300c57a6000003"}
9807 130505 09:22:38 INFO: Username: tatone80@hotmail.com
9807 130505 09:22:38 INFO: Completed 200 OK in 6ms (Views: 1.1ms)
9807 130505 09:22:38 INFO: 

Started GET "/r/517788f1da300c57af000003/relations_to" for 79.24.149.81 at 2013-05-05 09:22:38 +0000
9807 130505 09:22:38 INFO:   Processing by RController#relations_to as JSON
9807 130505 09:22:38 INFO:   Parameters: {"id"=>"517788f1da300c57af000003"}
9807 130505 09:22:38 INFO: Username: tatone80@hotmail.com
9807 130505 09:22:38 INFO: Completed 200 OK in 5ms (Views: 0.3ms)
9807 130505 09:22:38 INFO: 

Started GET "/r/517783b9da300c57af000001" for 79.24.149.81 at 2013-05-05 09:22:38 +0000
9807 130505 09:22:38 INFO:   Processing by RController#show as JSON
9807 130505 09:22:38 INFO:   Parameters: {"id"=>"517783b9da300c57af000001"}
9807 130505 09:22:38 INFO: Username: tatone80@hotmail.com
9807 130505 09:22:38 INFO: Completed 200 OK in 3ms (Views: 0.3ms)
9807 130505 09:22:38 INFO: 

Started GET "/r/51778d86da300c57f1000008/relations_to" for 79.24.149.81 at 2013-05-05 09:22:38 +0000
9807 130505 09:22:38 INFO:   Processing by RController#relations_to as JSON
9807 130505 09:22:38 INFO:   Parameters: {"id"=>"51778d86da300c57f1000008"}
9807 130505 09:22:38 INFO: Username: tatone80@hotmail.com
9807 130505 09:22:38 INFO: Completed 200 OK in 8ms (Views: 0.6ms)
9807 130505 09:22:39 INFO: 

Started GET "/r/51779096da300c5adf000001/relations_to" for 79.24.149.81 at 2013-05-05 09:22:39 +0000
9807 130505 09:22:39 INFO:   Processing by RController#relations_to as JSON
9807 130505 09:22:39 INFO:   Parameters: {"id"=>"51779096da300c5adf000001"}
24259 130505 09:22:39 INFO: 

Started GET "/r/51779096da300c5adf000001" for 79.24.149.81 at 2013-05-05 09:22:39 +0000
24259 130505 09:22:39 INFO:   Processing by RController#show as JSON
24259 130505 09:22:39 INFO:   Parameters: {"id"=>"51779096da300c5adf000001"}
24259 130505 09:22:39 INFO: Username: tatone80@hotmail.com
24259 130505 09:22:39 INFO: Completed 200 OK in 4ms (Views: 0.4ms)
24259 130505 09:22:39 INFO: 

Started GET "/r/5178e5ccda300c5bba000003/relations_from" for 79.24.149.81 at 2013-05-05 09:22:39 +0000
24259 130505 09:22:39 INFO:   Processing by RController#relations_from as JSON
24259 130505 09:22:39 INFO:   Parameters: {"id"=>"5178e5ccda300c5bba000003"}
24259 130505 09:22:39 INFO: Username: tatone80@hotmail.com
9807 130505 09:22:39 INFO: Username: tatone80@hotmail.com
24259 130505 09:22:39 INFO: Completed 200 OK in 9ms (Views: 0.5ms)
9807 130505 09:22:39 INFO: Completed 200 OK in 17ms (Views: 0.4ms)
9807 130505 09:22:39 INFO: 

Started GET "/r/51777f92da300c56d5000002/relations_from" for 79.24.149.81 at 2013-05-05 09:22:39 +0000
9807 130505 09:22:39 INFO:   Processing by RController#relations_from as JSON
9807 130505 09:22:39 INFO:   Parameters: {"id"=>"51777f92da300c56d5000002"}
9807 130505 09:22:39 INFO: Username: tatone80@hotmail.com
9807 130505 09:22:39 INFO: Completed 200 OK in 6ms (Views: 0.3ms)
9807 130505 09:22:39 INFO: 

Started GET "/r/51777f92da300c56d5000002" for 79.24.149.81 at 2013-05-05 09:22:39 +0000
9807 130505 09:22:39 INFO:   Processing by RController#show as JSON
9807 130505 09:22:39 INFO:   Parameters: {"id"=>"51777f92da300c56d5000002"}
9807 130505 09:22:39 INFO: Username: tatone80@hotmail.com
9807 130505 09:22:39 INFO: Completed 200 OK in 3ms (Views: 0.2ms)
9807 130505 09:22:39 INFO: 

Started GET "/r/51777fabda300c56cc000002/relations_from" for 79.24.149.81 at 2013-05-05 09:22:39 +0000
9807 130505 09:22:39 INFO:   Processing by RController#relations_from as JSON
9807 130505 09:22:39 INFO:   Parameters: {"id"=>"51777fabda300c56cc000002"}
9807 130505 09:22:39 INFO: Username: tatone80@hotmail.com
9807 130505 09:22:39 INFO: Completed 200 OK in 5ms (Views: 0.3ms)
9807 130505 09:22:39 INFO: 

Started GET "/r/51777fabda300c56cc000002" for 79.24.149.81 at 2013-05-05 09:22:39 +0000
9807 130505 09:22:39 INFO:   Processing by RController#show as JSON
9807 130505 09:22:39 INFO:   Parameters: {"id"=>"51777fabda300c56cc000002"}
9807 130505 09:22:39 INFO: Username: tatone80@hotmail.com
9807 130505 09:22:39 INFO: Completed 200 OK in 3ms (Views: 0.3ms)
9807 130505 09:22:39 INFO: 

Started GET "/r/51777f95da300c56cc000001/relations_from" for 79.24.149.81 at 2013-05-05 09:22:39 +0000
9807 130505 09:22:39 INFO:   Processing by RController#relations_from as JSON
9807 130505 09:22:39 INFO:   Parameters: {"id"=>"51777f95da300c56cc000001"}
9807 130505 09:22:39 INFO: Username: tatone80@hotmail.com
9807 130505 09:22:39 INFO: Completed 200 OK in 6ms (Views: 0.3ms)
9807 130505 09:22:39 INFO: 

Started GET "/r/51777f95da300c56cc000001" for 79.24.149.81 at 2013-05-05 09:22:39 +0000
9807 130505 09:22:39 INFO:   Processing by RController#show as JSON
9807 130505 09:22:39 INFO:   Parameters: {"id"=>"51777f95da300c56cc000001"}
9807 130505 09:22:39 INFO: Username: tatone80@hotmail.com
9807 130505 09:22:39 INFO: Completed 200 OK in 3ms (Views: 0.3ms)
9807 130505 09:22:39 INFO: 

Started GET "/r/51778269da300c56a7000002/relations_from" for 79.24.149.81 at 2013-05-05 09:22:39 +0000
9807 130505 09:22:39 INFO:   Processing by RController#relations_from as JSON
9807 130505 09:22:39 INFO:   Parameters: {"id"=>"51778269da300c56a7000002"}
9807 130505 09:22:39 INFO: Username: tatone80@hotmail.com
9807 130505 09:22:39 INFO: Completed 200 OK in 6ms (Views: 0.3ms)
9807 130505 09:22:40 INFO: 

Started GET "/r/5178e5ccda300c5bba000003" for 79.24.149.81 at 2013-05-05 09:22:40 +0000
9807 130505 09:22:40 INFO:   Processing by RController#show as JSON
9807 130505 09:22:40 INFO:   Parameters: {"id"=>"5178e5ccda300c5bba000003"}
9807 130505 09:22:40 INFO: Username: tatone80@hotmail.com
9807 130505 09:22:40 INFO: Completed 200 OK in 3ms (Views: 0.3ms)
9807 130505 09:22:40 INFO: 

Started GET "/r/51778269da300c56a7000002" for 79.24.149.81 at 2013-05-05 09:22:40 +0000
9807 130505 09:22:40 INFO:   Processing by RController#show as JSON
9807 130505 09:22:40 INFO:   Parameters: {"id"=>"51778269da300c56a7000002"}
9807 130505 09:22:40 INFO: Username: tatone80@hotmail.com
9807 130505 09:22:40 INFO: Completed 200 OK in 3ms (Views: 0.3ms)
9807 130505 09:22:40 INFO: 

Started GET "/r/51778257da300c56d5000007/relations_from" for 79.24.149.81 at 2013-05-05 09:22:40 +0000
9807 130505 09:22:40 INFO:   Processing by RController#relations_from as JSON
9807 130505 09:22:40 INFO:   Parameters: {"id"=>"51778257da300c56d5000007"}
9807 130505 09:22:40 INFO: Username: tatone80@hotmail.com
9807 130505 09:22:40 INFO: Completed 200 OK in 6ms (Views: 0.3ms)
9807 130505 09:22:40 INFO: 

Started GET "/r/51778257da300c56d5000007" for 79.24.149.81 at 2013-05-05 09:22:40 +0000
9807 130505 09:22:40 INFO:   Processing by RController#show as JSON
9807 130505 09:22:40 INFO:   Parameters: {"id"=>"51778257da300c56d5000007"}
9807 130505 09:22:40 INFO: Username: tatone80@hotmail.com
9807 130505 09:22:40 INFO: Completed 200 OK in 4ms (Views: 0.4ms)
9807 130505 09:22:40 INFO: 

Started GET "/r/517787dbda300c57f1000007/relations_from" for 79.24.149.81 at 2013-05-05 09:22:40 +0000
9807 130505 09:22:40 INFO:   Processing by RController#relations_from as JSON
9807 130505 09:22:40 INFO:   Parameters: {"id"=>"517787dbda300c57f1000007"}
9807 130505 09:22:40 INFO: Username: tatone80@hotmail.com
9807 130505 09:22:40 INFO: Completed 200 OK in 5ms (Views: 0.3ms)
9807 130505 09:22:40 INFO: 

Started GET "/r/517787dbda300c57f1000007" for 79.24.149.81 at 2013-05-05 09:22:40 +0000
9807 130505 09:22:40 INFO:   Processing by RController#show as JSON
9807 130505 09:22:40 INFO:   Parameters: {"id"=>"517787dbda300c57f1000007"}
9807 130505 09:22:40 INFO: Username: tatone80@hotmail.com
9807 130505 09:22:40 INFO: Completed 200 OK in 3ms (Views: 0.3ms)
9807 130505 09:22:40 INFO: 

Started GET "/r/51778400da300c57a6000002/relations_from" for 79.24.149.81 at 2013-05-05 09:22:40 +0000
9807 130505 09:22:40 INFO:   Processing by RController#relations_from as JSON
9807 130505 09:22:40 INFO:   Parameters: {"id"=>"51778400da300c57a6000002"}
9807 130505 09:22:40 INFO: Username: tatone80@hotmail.com
9807 130505 09:22:40 INFO: Completed 200 OK in 6ms (Views: 0.3ms)
9807 130505 09:22:40 INFO: 

Started GET "/r/51778400da300c57a6000002" for 79.24.149.81 at 2013-05-05 09:22:40 +0000
9807 130505 09:22:40 INFO:   Processing by RController#show as JSON
9807 130505 09:22:40 INFO:   Parameters: {"id"=>"51778400da300c57a6000002"}
9807 130505 09:22:40 INFO: Username: tatone80@hotmail.com
9807 130505 09:22:40 INFO: Completed 200 OK in 3ms (Views: 0.3ms)
9807 130505 09:22:40 INFO: 

Started GET "/r/51779123da300c5baf000001/relations_from" for 79.24.149.81 at 2013-05-05 09:22:40 +0000
9807 130505 09:22:40 INFO:   Processing by RController#relations_from as JSON
9807 130505 09:22:40 INFO:   Parameters: {"id"=>"51779123da300c5baf000001"}
9807 130505 09:22:40 INFO: Username: tatone80@hotmail.com
9807 130505 09:22:40 INFO: Completed 200 OK in 5ms (Views: 0.3ms)
9807 130505 09:22:40 INFO: 

Started GET "/r/51779123da300c5baf000001" for 79.24.149.81 at 2013-05-05 09:22:40 +0000
9807 130505 09:22:40 INFO:   Processing by RController#show as JSON
9807 130505 09:22:40 INFO:   Parameters: {"id"=>"51779123da300c5baf000001"}
9807 130505 09:22:40 INFO: Username: tatone80@hotmail.com
9807 130505 09:22:40 INFO: Completed 200 OK in 3ms (Views: 0.3ms)
9807 130505 09:22:40 INFO: 

Started GET "/r/51778e66da300c5afd000001/relations_from" for 79.24.149.81 at 2013-05-05 09:22:40 +0000
9807 130505 09:22:40 INFO:   Processing by RController#relations_from as JSON
9807 130505 09:22:40 INFO:   Parameters: {"id"=>"51778e66da300c5afd000001"}
9807 130505 09:22:40 INFO: Username: tatone80@hotmail.com
9807 130505 09:22:40 INFO: Completed 200 OK in 5ms (Views: 0.3ms)
9807 130505 09:22:41 INFO: 

Started GET "/r/5178e5cdda300c5bba000005/relations_to" for 79.24.149.81 at 2013-05-05 09:22:41 +0000
9807 130505 09:22:41 INFO:   Processing by RController#relations_to as JSON
9807 130505 09:22:41 INFO:   Parameters: {"id"=>"5178e5cdda300c5bba000005"}
9807 130505 09:22:41 INFO: Username: tatone80@hotmail.com
9807 130505 09:22:41 INFO: Completed 200 OK in 5ms (Views: 0.1ms)
9807 130505 09:22:41 INFO: 

Started GET "/r/51777f92da300c5671000004/relations_to" for 79.24.149.81 at 2013-05-05 09:22:41 +0000
9807 130505 09:22:41 INFO:   Processing by RController#relations_to as JSON
9807 130505 09:22:41 INFO:   Parameters: {"id"=>"51777f92da300c5671000004"}
9807 130505 09:22:41 INFO: Username: tatone80@hotmail.com
9807 130505 09:22:41 INFO: Completed 200 OK in 7ms (Views: 0.4ms)
9807 130505 09:22:41 INFO: 

Started GET "/r/51777facda300c56d5000004/relations_to" for 79.24.149.81 at 2013-05-05 09:22:41 +0000
9807 130505 09:22:41 INFO:   Processing by RController#relations_to as JSON
9807 130505 09:22:41 INFO:   Parameters: {"id"=>"51777facda300c56d5000004"}
9807 130505 09:22:41 INFO: Username: tatone80@hotmail.com
9807 130505 09:22:41 INFO: Completed 200 OK in 5ms (Views: 0.3ms)
9807 130505 09:22:41 INFO: 

Started GET "/r/51777f95da300c56d5000003/relations_to" for 79.24.149.81 at 2013-05-05 09:22:41 +0000
9807 130505 09:22:41 INFO:   Processing by RController#relations_to as JSON
9807 130505 09:22:41 INFO:   Parameters: {"id"=>"51777f95da300c56d5000003"}
9807 130505 09:22:41 INFO: Username: tatone80@hotmail.com
9807 130505 09:22:41 INFO: Completed 200 OK in 6ms (Views: 0.3ms)
9807 130505 09:22:41 INFO: 

Started GET "/r/51778e66da300c5afd000001" for 79.24.149.81 at 2013-05-05 09:22:41 +0000
9807 130505 09:22:41 INFO:   Processing by RController#show as JSON
9807 130505 09:22:41 INFO:   Parameters: {"id"=>"51778e66da300c5afd000001"}
9807 130505 09:22:41 INFO: Username: tatone80@hotmail.com
9807 130505 09:22:41 INFO: Completed 200 OK in 3ms (Views: 0.3ms)
9807 130505 09:22:41 INFO: 

Started GET "/r/51778269da300c57f1000005/relations_to" for 79.24.149.81 at 2013-05-05 09:22:41 +0000
9807 130505 09:22:41 INFO:   Processing by RController#relations_to as JSON
9807 130505 09:22:41 INFO:   Parameters: {"id"=>"51778269da300c57f1000005"}
9807 130505 09:22:41 INFO: Username: tatone80@hotmail.com
9807 130505 09:22:41 INFO: Completed 200 OK in 5ms (Views: 0.1ms)
9807 130505 09:22:41 INFO: 

Started GET "/r/51778257da300c56c4000002/relations_to" for 79.24.149.81 at 2013-05-05 09:22:41 +0000
9807 130505 09:22:41 INFO:   Processing by RController#relations_to as JSON
9807 130505 09:22:41 INFO:   Parameters: {"id"=>"51778257da300c56c4000002"}
9807 130505 09:22:41 INFO: Username: tatone80@hotmail.com
9807 130505 09:22:41 INFO: Completed 200 OK in 7ms (Views: 0.3ms)
9807 130505 09:22:42 INFO: 

Started GET "/r/517787dbda300c57af000002/relations_to" for 79.24.149.81 at 2013-05-05 09:22:42 +0000
9807 130505 09:22:42 INFO:   Processing by RController#relations_to as JSON
9807 130505 09:22:42 INFO:   Parameters: {"id"=>"517787dbda300c57af000002"}
9807 130505 09:22:42 INFO: Username: tatone80@hotmail.com
9807 130505 09:22:42 INFO: Completed 200 OK in 5ms (Views: 0.1ms)
9807 130505 09:22:42 INFO: 

Started GET "/r/51778400da300c57f1000006/relations_to" for 79.24.149.81 at 2013-05-05 09:22:42 +0000
9807 130505 09:22:42 INFO:   Processing by RController#relations_to as JSON
9807 130505 09:22:42 INFO:   Parameters: {"id"=>"51778400da300c57f1000006"}
9807 130505 09:22:42 INFO: Username: tatone80@hotmail.com
9807 130505 09:22:42 INFO: Completed 200 OK in 7ms (Views: 0.4ms)
9807 130505 09:22:42 INFO: 

Started GET "/r/51778e66da300c5ae8000002/relations_to" for 79.24.149.81 at 2013-05-05 09:22:42 +0000
9807 130505 09:22:42 INFO:   Processing by RController#relations_to as JSON
9807 130505 09:22:42 INFO:   Parameters: {"id"=>"51778e66da300c5ae8000002"}
9807 130505 09:22:42 INFO: Username: tatone80@hotmail.com
9807 130505 09:22:42 INFO: Completed 200 OK in 4ms (Views: 0.1ms)
9807 130505 09:22:42 INFO: 

Started GET "/r/51779123da300c5bba000001/relations_to" for 79.24.149.81 at 2013-05-05 09:22:42 +0000
9807 130505 09:22:42 INFO:   Processing by RController#relations_to as JSON
9807 130505 09:22:42 INFO:   Parameters: {"id"=>"51779123da300c5bba000001"}
9807 130505 09:22:42 INFO: Username: tatone80@hotmail.com
9807 130505 09:22:42 INFO: Completed 200 OK in 4ms (Views: 0.1ms)
9807 130505 09:29:31 INFO: 

Started GET "/notify/51777f92da300c56d5000002/name/focused" for 79.24.149.81 at 2013-05-05 09:29:31 +0000
9807 130505 09:29:31 INFO:   Processing by NotifyController#notify as JSON
9807 130505 09:29:31 INFO:   Parameters: {"id"=>"51777f92da300c56d5000002", "attribute"=>"name", "event"=>"focused"}
9807 130505 09:29:31 INFO: Username: tatone80@hotmail.com
9807 130505 09:29:31 INFO: Notifying: Alternative id: 51777f92da300c56d5000002 with action: focused class: notify distance: 0
9807 130505 09:29:31 INFO: Rendered text template (0.0ms)
9807 130505 09:29:31 INFO: Completed 200 OK in 10ms (Views: 2.9ms)
9807 130505 09:29:32 INFO: 

Started GET "/notify/51777f92da300c56d5000002/name/blured" for 79.24.149.81 at 2013-05-05 09:29:32 +0000
9807 130505 09:29:32 INFO:   Processing by NotifyController#notify as JSON
9807 130505 09:29:32 INFO:   Parameters: {"id"=>"51777f92da300c56d5000002", "attribute"=>"name", "event"=>"blured"}
9807 130505 09:29:32 INFO: Username: tatone80@hotmail.com
9807 130505 09:29:32 INFO: Notifying: Alternative id: 51777f92da300c56d5000002 with action: blured class: notify distance: 0
9807 130505 09:29:32 INFO: Rendered text template (0.0ms)
9807 130505 09:29:32 INFO: Completed 200 OK in 4ms (Views: 0.8ms)
9807 130505 09:29:54 INFO: 

Started GET "/notify/51777f92da300c56d5000002/name/focused" for 79.24.149.81 at 2013-05-05 09:29:54 +0000
9807 130505 09:29:54 INFO:   Processing by NotifyController#notify as JSON
9807 130505 09:29:54 INFO:   Parameters: {"id"=>"51777f92da300c56d5000002", "attribute"=>"name", "event"=>"focused"}
9807 130505 09:29:54 INFO: Username: tatone80@hotmail.com
9807 130505 09:29:54 INFO: Notifying: Alternative id: 51777f92da300c56d5000002 with action: focused class: notify distance: 0
9807 130505 09:29:54 INFO: Rendered text template (0.0ms)
9807 130505 09:29:54 INFO: Completed 200 OK in 4ms (Views: 0.8ms)
9807 130505 09:29:56 INFO: 

Started GET "/notify/51777f92da300c56d5000002/name/blured" for 79.24.149.81 at 2013-05-05 09:29:56 +0000
9807 130505 09:29:56 INFO:   Processing by NotifyController#notify as JSON
9807 130505 09:29:56 INFO:   Parameters: {"id"=>"51777f92da300c56d5000002", "attribute"=>"name", "event"=>"blured"}
9807 130505 09:29:56 INFO: Username: tatone80@hotmail.com
9807 130505 09:29:56 INFO: Notifying: Alternative id: 51777f92da300c56d5000002 with action: blured class: notify distance: 0
9807 130505 09:29:56 INFO: Rendered text template (0.0ms)
9807 130505 09:29:56 INFO: Completed 200 OK in 4ms (Views: 0.7ms)
9807 130505 09:30:09 INFO: 

Started GET "/notify/51777f92da300c56d5000002/name/focused" for 79.24.149.81 at 2013-05-05 09:30:09 +0000
9807 130505 09:30:09 INFO:   Processing by NotifyController#notify as JSON
9807 130505 09:30:09 INFO:   Parameters: {"id"=>"51777f92da300c56d5000002", "attribute"=>"name", "event"=>"focused"}
9807 130505 09:30:09 INFO: Username: tatone80@hotmail.com
9807 130505 09:30:09 INFO: Notifying: Alternative id: 51777f92da300c56d5000002 with action: focused class: notify distance: 0
9807 130505 09:30:09 INFO: Rendered text template (0.0ms)
9807 130505 09:30:09 INFO: Completed 200 OK in 5ms (Views: 0.9ms)
9807 130505 09:30:17 INFO: 

Started GET "/notify/51777f92da300c56d5000002/name/blured" for 79.24.149.81 at 2013-05-05 09:30:17 +0000
9807 130505 09:30:17 INFO:   Processing by NotifyController#notify as JSON
9807 130505 09:30:17 INFO:   Parameters: {"id"=>"51777f92da300c56d5000002", "attribute"=>"name", "event"=>"blured"}
9807 130505 09:30:17 INFO: Username: tatone80@hotmail.com
9807 130505 09:30:17 INFO: Notifying: Alternative id: 51777f92da300c56d5000002 with action: blured class: notify distance: 0
9807 130505 09:30:17 INFO: Rendered text template (0.0ms)
9807 130505 09:30:17 INFO: Completed 200 OK in 4ms (Views: 0.7ms)
9807 130505 09:30:32 INFO: 

Started GET "/notify/51777f92da300c56d5000002/name/focused" for 79.24.149.81 at 2013-05-05 09:30:32 +0000
9807 130505 09:30:32 INFO:   Processing by NotifyController#notify as JSON
9807 130505 09:30:32 INFO:   Parameters: {"id"=>"51777f92da300c56d5000002", "attribute"=>"name", "event"=>"focused"}
9807 130505 09:30:32 INFO: Username: tatone80@hotmail.com
9807 130505 09:30:32 INFO: Notifying: Alternative id: 51777f92da300c56d5000002 with action: focused class: notify distance: 0
9807 130505 09:30:32 INFO: Rendered text template (0.0ms)
9807 130505 09:30:32 INFO: Completed 200 OK in 4ms (Views: 0.6ms)
9807 130505 09:30:33 INFO: 

Started GET "/notify/51777f92da300c56d5000002/name/blured" for 79.24.149.81 at 2013-05-05 09:30:33 +0000
9807 130505 09:30:33 INFO:   Processing by NotifyController#notify as JSON
9807 130505 09:30:33 INFO:   Parameters: {"id"=>"51777f92da300c56d5000002", "attribute"=>"name", "event"=>"blured"}
9807 130505 09:30:33 INFO: Username: tatone80@hotmail.com
9807 130505 09:30:33 INFO: Notifying: Alternative id: 51777f92da300c56d5000002 with action: blured class: notify distance: 0
9807 130505 09:30:33 INFO: Rendered text template (0.0ms)
9807 130505 09:30:33 INFO: Completed 200 OK in 4ms (Views: 0.5ms)
9807 130505 09:31:22 INFO: 

Started GET "/notify/51777f92da300c56d5000002/name/focused" for 79.24.149.81 at 2013-05-05 09:31:22 +0000
9807 130505 09:31:22 INFO:   Processing by NotifyController#notify as JSON
9807 130505 09:31:22 INFO:   Parameters: {"id"=>"51777f92da300c56d5000002", "attribute"=>"name", "event"=>"focused"}
9807 130505 09:31:22 INFO: Username: tatone80@hotmail.com
9807 130505 09:31:22 INFO: Notifying: Alternative id: 51777f92da300c56d5000002 with action: focused class: notify distance: 0
9807 130505 09:31:22 INFO: Rendered text template (0.0ms)
9807 130505 09:31:22 INFO: Completed 200 OK in 4ms (Views: 0.8ms)
9807 130505 09:31:33 INFO: 

Started GET "/notify/51777f92da300c56d5000002/name/blured" for 79.24.149.81 at 2013-05-05 09:31:33 +0000
9807 130505 09:31:33 INFO:   Processing by NotifyController#notify as JSON
9807 130505 09:31:33 INFO:   Parameters: {"id"=>"51777f92da300c56d5000002", "attribute"=>"name", "event"=>"blured"}
9807 130505 09:31:33 INFO: Username: tatone80@hotmail.com
9807 130505 09:31:33 INFO: Notifying: Alternative id: 51777f92da300c56d5000002 with action: blured class: notify distance: 0
9807 130505 09:31:33 INFO: Rendered text template (0.0ms)
9807 130505 09:31:33 INFO: Completed 200 OK in 4ms (Views: 0.8ms)
9807 130505 09:51:46 INFO: 

Started GET "/notify/51777f92da300c56d5000002/name/focused" for 79.24.149.81 at 2013-05-05 09:51:46 +0000
9807 130505 09:51:46 INFO:   Processing by NotifyController#notify as JSON
9807 130505 09:51:46 INFO:   Parameters: {"id"=>"51777f92da300c56d5000002", "attribute"=>"name", "event"=>"focused"}
9807 130505 09:51:46 INFO: Username: tatone80@hotmail.com
9807 130505 09:51:46 INFO: Notifying: Alternative id: 51777f92da300c56d5000002 with action: focused class: notify distance: 0
9807 130505 09:51:46 INFO: Rendered text template (0.0ms)
9807 130505 09:51:46 INFO: Completed 200 OK in 6ms (Views: 0.7ms)
9807 130505 09:51:48 INFO: 

Started GET "/notify/51777f92da300c56d5000002/name/blured" for 79.24.149.81 at 2013-05-05 09:51:48 +0000
9807 130505 09:51:48 INFO:   Processing by NotifyController#notify as JSON
9807 130505 09:51:48 INFO:   Parameters: {"id"=>"51777f92da300c56d5000002", "attribute"=>"name", "event"=>"blured"}
9807 130505 09:51:48 INFO: Username: tatone80@hotmail.com
9807 130505 09:51:48 INFO: Notifying: Alternative id: 51777f92da300c56d5000002 with action: blured class: notify distance: 0
9807 130505 09:51:48 INFO: Rendered text template (0.0ms)
9807 130505 09:51:48 INFO: Completed 200 OK in 4ms (Views: 0.7ms)
9807 130505 10:01:52 INFO: 

Started GET "/notify/51777f92da300c56d5000002/name/focused" for 79.24.149.81 at 2013-05-05 10:01:52 +0000
9807 130505 10:01:52 INFO:   Processing by NotifyController#notify as JSON
9807 130505 10:01:52 INFO:   Parameters: {"id"=>"51777f92da300c56d5000002", "attribute"=>"name", "event"=>"focused"}
9807 130505 10:01:52 INFO: Username: tatone80@hotmail.com
9807 130505 10:01:52 INFO: Notifying: Alternative id: 51777f92da300c56d5000002 with action: focused class: notify distance: 0
9807 130505 10:01:52 INFO: Rendered text template (0.0ms)
9807 130505 10:01:52 INFO: Completed 200 OK in 9ms (Views: 0.9ms)
9807 130505 10:01:54 INFO: 

Started GET "/notify/51777f92da300c56d5000002/name/blured" for 79.24.149.81 at 2013-05-05 10:01:54 +0000
9807 130505 10:01:54 INFO:   Processing by NotifyController#notify as JSON
9807 130505 10:01:54 INFO:   Parameters: {"id"=>"51777f92da300c56d5000002", "attribute"=>"name", "event"=>"blured"}
9807 130505 10:01:54 INFO: Username: tatone80@hotmail.com
9807 130505 10:01:54 INFO: Notifying: Alternative id: 51777f92da300c56d5000002 with action: blured class: notify distance: 0
9807 130505 10:01:54 INFO: Rendered text template (0.0ms)
9807 130505 10:01:54 INFO: Completed 200 OK in 4ms (Views: 0.7ms)
9807 130505 10:09:08 INFO: 

Started GET "/notify/51777f92da300c56d5000002/name/focused" for 79.24.149.81 at 2013-05-05 10:09:08 +0000
9807 130505 10:09:08 INFO:   Processing by NotifyController#notify as JSON
9807 130505 10:09:08 INFO:   Parameters: {"id"=>"51777f92da300c56d5000002", "attribute"=>"name", "event"=>"focused"}
9807 130505 10:09:08 INFO: Username: tatone80@hotmail.com
9807 130505 10:09:08 INFO: Notifying: Alternative id: 51777f92da300c56d5000002 with action: focused class: notify distance: 0
9807 130505 10:09:08 INFO: Rendered text template (0.0ms)
9807 130505 10:09:08 INFO: Completed 200 OK in 5ms (Views: 0.7ms)
9807 130505 10:09:09 INFO: 

Started GET "/notify/51777f92da300c56d5000002/name/blured" for 79.24.149.81 at 2013-05-05 10:09:09 +0000
9807 130505 10:09:09 INFO:   Processing by NotifyController#notify as JSON
9807 130505 10:09:09 INFO:   Parameters: {"id"=>"51777f92da300c56d5000002", "attribute"=>"name", "event"=>"blured"}
9807 130505 10:09:09 INFO: Username: tatone80@hotmail.com
9807 130505 10:09:09 INFO: Notifying: Alternative id: 51777f92da300c56d5000002 with action: blured class: notify distance: 0
9807 130505 10:09:09 INFO: Rendered text template (0.0ms)
9807 130505 10:09:09 INFO: Completed 200 OK in 4ms (Views: 0.9ms)
9807 130505 10:09:32 INFO: 

Started GET "/notify/51777f92da300c56d5000002/name/focused" for 79.24.149.81 at 2013-05-05 10:09:32 +0000
9807 130505 10:09:32 INFO:   Processing by NotifyController#notify as JSON
9807 130505 10:09:32 INFO:   Parameters: {"id"=>"51777f92da300c56d5000002", "attribute"=>"name", "event"=>"focused"}
9807 130505 10:09:32 INFO: Username: tatone80@hotmail.com
9807 130505 10:09:32 INFO: Notifying: Alternative id: 51777f92da300c56d5000002 with action: focused class: notify distance: 0
9807 130505 10:09:32 INFO: Rendered text template (0.0ms)
9807 130505 10:09:32 INFO: Completed 200 OK in 4ms (Views: 1.0ms)
9807 130505 10:09:34 INFO: 

Started GET "/notify/51777f92da300c56d5000002/name/blured" for 79.24.149.81 at 2013-05-05 10:09:34 +0000
9807 130505 10:09:34 INFO:   Processing by NotifyController#notify as JSON
9807 130505 10:09:34 INFO:   Parameters: {"id"=>"51777f92da300c56d5000002", "attribute"=>"name", "event"=>"blured"}
9807 130505 10:09:34 INFO: Username: tatone80@hotmail.com
9807 130505 10:09:34 INFO: Notifying: Alternative id: 51777f92da300c56d5000002 with action: blured class: notify distance: 0
9807 130505 10:09:34 INFO: Rendered text template (0.0ms)
9807 130505 10:09:34 INFO: Completed 200 OK in 4ms (Views: 0.7ms)
9807 130505 13:06:40 INFO: 

Started GET "/notify/51777f92da300c56d5000002/name/focused" for 79.24.149.81 at 2013-05-05 13:06:40 +0000
9807 130505 13:06:40 INFO:   Processing by NotifyController#notify as JSON
9807 130505 13:06:40 INFO:   Parameters: {"id"=>"51777f92da300c56d5000002", "attribute"=>"name", "event"=>"focused"}
9807 130505 13:06:40 INFO: Username: tatone80@hotmail.com
9807 130505 13:06:40 INFO: Notifying: Alternative id: 51777f92da300c56d5000002 with action: focused class: notify distance: 0
9807 130505 13:06:40 INFO: Rendered text template (0.0ms)
9807 130505 13:06:40 INFO: Completed 200 OK in 8ms (Views: 0.7ms)
9807 130505 13:06:42 INFO: 

Started GET "/notify/51777f92da300c56d5000002/name/blured" for 79.24.149.81 at 2013-05-05 13:06:42 +0000
9807 130505 13:06:42 INFO:   Processing by NotifyController#notify as JSON
9807 130505 13:06:42 INFO:   Parameters: {"id"=>"51777f92da300c56d5000002", "attribute"=>"name", "event"=>"blured"}
9807 130505 13:06:42 INFO: Username: tatone80@hotmail.com
9807 130505 13:06:42 INFO: Notifying: Alternative id: 51777f92da300c56d5000002 with action: blured class: notify distance: 0
9807 130505 13:06:42 INFO: Rendered text template (0.0ms)
9807 130505 13:06:42 INFO: Completed 200 OK in 3ms (Views: 0.6ms)
9807 130505 13:59:00 INFO: 

Started GET "/notify/51777f92da300c56d5000002/name/focused" for 79.24.149.81 at 2013-05-05 13:59:00 +0000
9807 130505 13:59:00 INFO:   Processing by NotifyController#notify as JSON
9807 130505 13:59:00 INFO:   Parameters: {"id"=>"51777f92da300c56d5000002", "attribute"=>"name", "event"=>"focused"}
9807 130505 13:59:00 INFO: Username: tatone80@hotmail.com
9807 130505 13:59:00 INFO: Notifying: Alternative id: 51777f92da300c56d5000002 with action: focused class: notify distance: 0
9807 130505 13:59:00 INFO: Rendered text template (0.0ms)
9807 130505 13:59:00 INFO: Completed 200 OK in 4ms (Views: 0.6ms)
9807 130505 13:59:01 INFO: 

Started GET "/notify/51777f92da300c56d5000002/name/blured" for 79.24.149.81 at 2013-05-05 13:59:01 +0000
9807 130505 13:59:01 INFO:   Processing by NotifyController#notify as JSON
9807 130505 13:59:01 INFO:   Parameters: {"id"=>"51777f92da300c56d5000002", "attribute"=>"name", "event"=>"blured"}
9807 130505 13:59:01 INFO: Username: tatone80@hotmail.com
9807 130505 13:59:01 INFO: Notifying: Alternative id: 51777f92da300c56d5000002 with action: blured class: notify distance: 0
9807 130505 13:59:01 INFO: Rendered text template (0.0ms)
9807 130505 13:59:01 INFO: Completed 200 OK in 4ms (Views: 1.4ms)
9807 130505 14:06:00 INFO: 

Started GET "/notify/51777f92da300c56d5000002/name/focused" for 79.24.149.81 at 2013-05-05 14:06:00 +0000
9807 130505 14:06:00 INFO:   Processing by NotifyController#notify as JSON
9807 130505 14:06:00 INFO:   Parameters: {"id"=>"51777f92da300c56d5000002", "attribute"=>"name", "event"=>"focused"}
9807 130505 14:06:00 INFO: Username: tatone80@hotmail.com
9807 130505 14:06:00 INFO: Notifying: Alternative id: 51777f92da300c56d5000002 with action: focused class: notify distance: 0
9807 130505 14:06:00 INFO: Rendered text template (0.0ms)
9807 130505 14:06:00 INFO: Completed 200 OK in 6ms (Views: 0.7ms)
9807 130505 14:06:01 INFO: 

Started GET "/notify/51777f92da300c56d5000002/name/blured" for 79.24.149.81 at 2013-05-05 14:06:01 +0000
9807 130505 14:06:01 INFO:   Processing by NotifyController#notify as JSON
9807 130505 14:06:01 INFO:   Parameters: {"id"=>"51777f92da300c56d5000002", "attribute"=>"name", "event"=>"blured"}
9807 130505 14:06:01 INFO: Username: tatone80@hotmail.com
9807 130505 14:06:01 INFO: Notifying: Alternative id: 51777f92da300c56d5000002 with action: blured class: notify distance: 0
9807 130505 14:06:01 INFO: Rendered text template (0.0ms)
9807 130505 14:06:01 INFO: Completed 200 OK in 4ms (Views: 0.6ms)
9807 130505 14:22:30 INFO: 

Started GET "/notify/51777f92da300c56d5000002/name/focused" for 79.24.149.81 at 2013-05-05 14:22:30 +0000
9807 130505 14:22:30 INFO:   Processing by NotifyController#notify as JSON
9807 130505 14:22:30 INFO:   Parameters: {"id"=>"51777f92da300c56d5000002", "attribute"=>"name", "event"=>"focused"}
9807 130505 14:22:30 INFO: Username: tatone80@hotmail.com
9807 130505 14:22:30 INFO: Notifying: Alternative id: 51777f92da300c56d5000002 with action: focused class: notify distance: 0
9807 130505 14:22:30 INFO: Rendered text template (0.0ms)
9807 130505 14:22:30 INFO: Completed 200 OK in 6ms (Views: 0.7ms)
9807 130505 14:22:31 INFO: 

Started GET "/notify/51777f92da300c56d5000002/name/blured" for 79.24.149.81 at 2013-05-05 14:22:31 +0000
9807 130505 14:22:31 INFO:   Processing by NotifyController#notify as JSON
9807 130505 14:22:31 INFO:   Parameters: {"id"=>"51777f92da300c56d5000002", "attribute"=>"name", "event"=>"blured"}
9807 130505 14:22:31 INFO: Username: tatone80@hotmail.com
9807 130505 14:22:31 INFO: Notifying: Alternative id: 51777f92da300c56d5000002 with action: blured class: notify distance: 0
9807 130505 14:22:31 INFO: Rendered text template (0.0ms)
9807 130505 14:22:31 INFO: Completed 200 OK in 4ms (Views: 0.6ms)
9807 130505 14:27:45 INFO: 

Started GET "/notify/51777f92da300c56d5000002/name/focused" for 79.24.149.81 at 2013-05-05 14:27:45 +0000
9807 130505 14:27:45 INFO:   Processing by NotifyController#notify as JSON
9807 130505 14:27:45 INFO:   Parameters: {"id"=>"51777f92da300c56d5000002", "attribute"=>"name", "event"=>"focused"}
9807 130505 14:27:45 INFO: Username: tatone80@hotmail.com
9807 130505 14:27:45 INFO: Notifying: Alternative id: 51777f92da300c56d5000002 with action: focused class: notify distance: 0
9807 130505 14:27:45 INFO: Rendered text template (0.0ms)
9807 130505 14:27:45 INFO: Completed 200 OK in 5ms (Views: 0.6ms)
9807 130505 14:27:57 INFO: 

Started GET "/notify/51777f92da300c56d5000002/name/blured" for 79.24.149.81 at 2013-05-05 14:27:57 +0000
9807 130505 14:27:57 INFO:   Processing by NotifyController#notify as JSON
9807 130505 14:27:57 INFO:   Parameters: {"id"=>"51777f92da300c56d5000002", "attribute"=>"name", "event"=>"blured"}
9807 130505 14:27:57 INFO: Username: tatone80@hotmail.com
9807 130505 14:27:57 INFO: Notifying: Alternative id: 51777f92da300c56d5000002 with action: blured class: notify distance: 0
9807 130505 14:27:57 INFO: Rendered text template (0.0ms)
9807 130505 14:27:57 INFO: Completed 200 OK in 4ms (Views: 0.6ms)
9807 130505 14:27:57 INFO: 

Started GET "/notify/51778257da300c56d5000007/name/focused" for 79.24.149.81 at 2013-05-05 14:27:57 +0000
9807 130505 14:27:57 INFO:   Processing by NotifyController#notify as JSON
9807 130505 14:27:57 INFO:   Parameters: {"id"=>"51778257da300c56d5000007", "attribute"=>"name", "event"=>"focused"}
9807 130505 14:27:57 INFO: Username: tatone80@hotmail.com
9807 130505 14:27:57 INFO: Notifying: Alternative id: 51778257da300c56d5000007 with action: focused class: notify distance: 0
9807 130505 14:27:57 INFO: Rendered text template (0.0ms)
9807 130505 14:27:57 INFO: Completed 200 OK in 3ms (Views: 0.6ms)
9807 130505 14:27:59 INFO: 

Started GET "/notify/51778257da300c56d5000007/name/blured" for 79.24.149.81 at 2013-05-05 14:27:59 +0000
9807 130505 14:27:59 INFO:   Processing by NotifyController#notify as JSON
9807 130505 14:27:59 INFO:   Parameters: {"id"=>"51778257da300c56d5000007", "attribute"=>"name", "event"=>"blured"}
9807 130505 14:27:59 INFO: Username: tatone80@hotmail.com
9807 130505 14:27:59 INFO: Notifying: Alternative id: 51778257da300c56d5000007 with action: blured class: notify distance: 0
9807 130505 14:27:59 INFO: Rendered text template (0.0ms)
9807 130505 14:27:59 INFO: Completed 200 OK in 3ms (Views: 0.6ms)
9807 130505 14:27:59 INFO: 

Started GET "/r/51778269da300c56a7000002/relations_to" for 79.24.149.81 at 2013-05-05 14:27:59 +0000
9807 130505 14:27:59 INFO:   Processing by RController#relations_to as JSON
9807 130505 14:27:59 INFO:   Parameters: {"id"=>"51778269da300c56a7000002"}
9807 130505 14:27:59 INFO: Username: tatone80@hotmail.com
9807 130505 14:27:59 INFO: Completed 200 OK in 5ms (Views: 0.2ms)
9807 130505 14:27:59 INFO: 

Started GET "/r/51778257da300c56d5000007/relations_to" for 79.24.149.81 at 2013-05-05 14:27:59 +0000
9807 130505 14:27:59 INFO:   Processing by RController#relations_to as JSON
9807 130505 14:27:59 INFO:   Parameters: {"id"=>"51778257da300c56d5000007"}
9807 130505 14:27:59 INFO: Username: tatone80@hotmail.com
9807 130505 14:27:59 INFO: Completed 200 OK in 4ms (Views: 0.1ms)
9807 130505 14:27:59 INFO: 

Started GET "/r/51778237da300c57f1000004" for 79.24.149.81 at 2013-05-05 14:27:59 +0000
9807 130505 14:27:59 INFO:   Processing by RController#show as JSON
9807 130505 14:27:59 INFO:   Parameters: {"id"=>"51778237da300c57f1000004"}
9807 130505 14:27:59 INFO: Username: tatone80@hotmail.com
9807 130505 14:27:59 INFO: Completed 200 OK in 3ms (Views: 0.3ms)
9807 130505 14:28:20 INFO: 

Started GET "/projects/517652dfda300c1675000001/report2" for 79.24.149.81 at 2013-05-05 14:28:20 +0000
9807 130505 14:28:20 INFO:   Processing by ProjectsController#report2 as HTML
9807 130505 14:28:20 INFO:   Parameters: {"id"=>"517652dfda300c1675000001"}
9807 130505 14:28:20 INFO: Username: tatone80@hotmail.com
9807 130505 14:28:20 INFO: Rendered projects/report2.html.erb (195.5ms)
9807 130505 14:28:20 INFO: Completed 200 OK in 200ms (Views: 197.4ms)
