8107 121115 22:31:38 INFO: 

Started GET "/" for 10.40.6.103 at 2012-11-15 22:31:38 +0000
8107 121115 22:31:38 INFO:   Processing by WelcomeController#index as HTML
8107 121115 22:31:38 INFO: Username: (none)
8107 121115 22:31:38 INFO: Rendered welcome/index.html.erb within layouts/application (0.8ms)
8107 121115 22:31:38 INFO: Completed 200 OK in 3ms (Views: 1.7ms)
8107 121115 22:31:40 INFO: 

Started GET "/t" for 10.40.6.103 at 2012-11-15 22:31:40 +0000
8107 121115 22:31:40 INFO:   Processing by TController#index as JSON
8107 121115 22:31:40 INFO: Username: (none)
8107 121115 22:31:40 INFO: Completed   in 1ms
8107 121115 22:31:40 INFO: 

Started GET "/scope/type/Decision" for 10.40.6.103 at 2012-11-15 22:31:40 +0000
8107 121115 22:31:40 INFO:   Processing by ScopeController#type as JSON
8107 121115 22:31:40 INFO:   Parameters: {"type_name"=>"Decision"}
8107 121115 22:31:40 INFO: Username: (none)
8107 121115 22:31:40 INFO: Completed 200 OK in 37ms (Views: 1.5ms)
8107 121115 22:31:40 INFO: 

Started GET "/users/sign_in" for 10.40.6.103 at 2012-11-15 22:31:40 +0000
8107 121115 22:31:40 INFO:   Processing by Devise::SessionsController#new as HTML
8107 121115 22:31:40 INFO: Username: (none)
8107 121115 22:31:40 INFO: Rendered devise/sessions/new.html.erb within layouts/application (1.6ms)
8107 121115 22:31:40 INFO: Completed 200 OK in 4ms (Views: 2.5ms)
