8107 121120 19:09:17 INFO: 

Started GET "/" for 10.40.6.103 at 2012-11-20 19:09:17 +0000
8107 121120 19:09:17 INFO:   Processing by WelcomeController#index as HTML
8107 121120 19:09:17 INFO: Username: (none)
8107 121120 19:09:17 INFO: Rendered welcome/index.html.erb within layouts/application (0.7ms)
8107 121120 19:09:17 INFO: Completed 200 OK in 2ms (Views: 1.6ms)
8107 121120 19:09:19 INFO: 

Started GET "/scope/type/Decision" for 10.40.6.103 at 2012-11-20 19:09:19 +0000
8107 121120 19:09:19 INFO:   Processing by ScopeController#type as JSON
8107 121120 19:09:19 INFO:   Parameters: {"type_name"=>"Decision"}
8107 121120 19:09:19 INFO: Username: (none)
8107 121120 19:09:19 INFO: Completed 200 OK in 27ms (Views: 0.9ms)
8107 121120 19:09:19 INFO: 

Started GET "/t" for 10.40.6.103 at 2012-11-20 19:09:19 +0000
8107 121120 19:09:19 INFO:   Processing by TController#index as JSON
8107 121120 19:09:19 INFO: Username: (none)
8107 121120 19:09:19 INFO: Completed   in 1ms
8107 121120 19:09:19 INFO: 

Started GET "/users/sign_in" for 10.40.6.103 at 2012-11-20 19:09:19 +0000
8107 121120 19:09:19 INFO:   Processing by Devise::SessionsController#new as HTML
8107 121120 19:09:19 INFO: Username: (none)
8107 121120 19:09:19 INFO: Rendered devise/sessions/new.html.erb within layouts/application (2.1ms)
8107 121120 19:09:19 INFO: Completed 200 OK in 4ms (Views: 2.9ms)
21892 121120 19:10:27 INFO: 

Started GET "/" for 10.40.6.103 at 2012-11-20 19:10:27 +0000
21892 121120 19:10:27 INFO:   Processing by WelcomeController#index as HTML
21892 121120 19:10:27 INFO: Username: (none)
21892 121120 19:10:27 INFO: Rendered welcome/index.html.erb within layouts/application (2.8ms)
21892 121120 19:10:27 INFO: Completed 200 OK in 11ms (Views: 8.9ms)
8107 121120 19:10:28 INFO: 

Started GET "/t" for 10.40.6.103 at 2012-11-20 19:10:28 +0000
21892 121120 19:10:28 INFO: 

Started GET "/scope/type/Decision" for 10.40.6.103 at 2012-11-20 19:10:28 +0000
8107 121120 19:10:28 INFO:   Processing by TController#index as JSON
8107 121120 19:10:28 INFO: Username: (none)
8107 121120 19:10:28 INFO: Completed   in 1ms
21892 121120 19:10:28 INFO:   Processing by ScopeController#type as JSON
21892 121120 19:10:28 INFO:   Parameters: {"type_name"=>"Decision"}
21892 121120 19:10:28 INFO: Username: (none)
8107 121120 19:10:28 INFO: 

Started GET "/users/sign_in" for 10.40.6.103 at 2012-11-20 19:10:28 +0000
8107 121120 19:10:28 INFO:   Processing by Devise::SessionsController#new as HTML
8107 121120 19:10:28 INFO: Username: (none)
8107 121120 19:10:28 INFO: Rendered devise/sessions/new.html.erb within layouts/application (1.4ms)
8107 121120 19:10:28 INFO: Completed 200 OK in 3ms (Views: 2.4ms)
21892 121120 19:10:28 INFO: Completed 200 OK in 31ms (Views: 6.8ms)
